-----TRAINING PARAMETERS-----
Model version: QA
Labels: strict
Setting: matched
Test scenario: None
Auxilary tasks: ['TOPICS']
Auxilary task probing: True
PyTorch device: cuda
Max epochs: 5
Patience: 3
Learning rates: [5e-05, 2e-05]
Batch size: 8
Results directory: ./mtl_results
Progress bar: False
-----------------------------
Loading datasets..
Pre-loading annotations for most important word in answer
[nltk_data] Downloading package wordnet to /home/lcur0362/nltk_data...
Pre-loading annotations for topics in answer
[nltk_data]   Package wordnet is already up-to-date!
After removing empty topics, we have 12068; 4051; and 3988 samples for (respectively) train, dev, test sets for topic aux task
Datasets loaded
Loading model..
Model loaded
Starting training..
Epoch 0:
Dev results:
{'TOPICS': {'loss': 5.1109, 'accuracy': 0.0005}, 'Circa': {'loss': 1.7989, 'accuracy': 0.1539}, 'time': {'elapsed_time': '0:02:07.707956'}}
Epoch 1:
Train results:
{'Circa': {'loss': 0.7879, 'accuracy': 0.7275}, 'TOPICS': {'loss': 3.1402, 'accuracy': 0.3841}, 'time': {'elapsed_time': '0:19:28.639211'}}
Dev results:
{'Circa': {'loss': 0.692, 'accuracy': 0.7634}, 'TOPICS': {'loss': 1.7388, 'accuracy': 0.6896}, 'time': {'elapsed_time': '0:02:10.466179'}}
Saving new best model..
New best model saved
---
Epoch 2:
Train results:
{'Circa': {'loss': 0.5347, 'accuracy': 0.8222}, 'TOPICS': {'loss': 1.3, 'accuracy': 0.763}, 'time': {'elapsed_time': '0:20:00.471581'}}
Dev results:
{'Circa': {'loss': 0.6423, 'accuracy': 0.7984}, 'TOPICS': {'loss': 1.1482, 'accuracy': 0.7859}, 'time': {'elapsed_time': '0:02:14.938198'}}
Saving new best model..
New best model saved
---
Epoch 3:
Train results:
{'Circa': {'loss': 0.4, 'accuracy': 0.8699}, 'TOPICS': {'loss': 0.7333, 'accuracy': 0.8639}, 'time': {'elapsed_time': '0:20:05.445482'}}
Dev results:
{'TOPICS': {'loss': 0.9278, 'accuracy': 0.8277}, 'Circa': {'loss': 0.6819, 'accuracy': 0.7938}, 'time': {'elapsed_time': '0:02:14.955431'}}
---
Epoch 4:
Train results:
{'TOPICS': {'loss': 0.4408, 'accuracy': 0.9193}, 'Circa': {'loss': 0.3045, 'accuracy': 0.9}, 'time': {'elapsed_time': '0:20:08.171041'}}
Dev results:
{'TOPICS': {'loss': 0.8864, 'accuracy': 0.8394}, 'Circa': {'loss': 0.7038, 'accuracy': 0.7821}, 'time': {'elapsed_time': '0:02:15.495315'}}
---
Epoch 5:
Train results:
{'Circa': {'loss': 0.2358, 'accuracy': 0.9194}, 'TOPICS': {'loss': 0.2805, 'accuracy': 0.9494}, 'time': {'elapsed_time': '0:20:06.834116'}}
Dev results:
{'Circa': {'loss': 0.7387, 'accuracy': 0.7952}, 'TOPICS': {'loss': 0.8893, 'accuracy': 0.8402}, 'time': {'elapsed_time': '0:02:14.931335'}}
---
Training finished
Loading best model..
Best model loaded
Starting testing..
Test results:
{'Circa': {'loss': 0.6273, 'accuracy': 0.8043}, 'TOPICS': {'loss': 1.224, 'accuracy': 0.777}, 'time': {'elapsed_time': '0:02:14.082299'}}
Testing finished
Saving results..
Results saved
