-----TRAINING PARAMETERS-----
Model version: QA
Labels: strict
Setting: matched
Test scenario: None
Auxilary tasks: ['TOPICS']
Auxilary task probing: True
PyTorch device: cuda
Max epochs: 5
Patience: 3
Learning rates: [5e-05, 2e-05]
Batch size: 8
Results directory: ./mtl_results
Progress bar: False
-----------------------------
Loading datasets..
Pre-loading annotations for most important word in answer
[nltk_data] Downloading package wordnet to /home/lcur0362/nltk_data...
Pre-loading annotations for topics in answer
[nltk_data]   Package wordnet is already up-to-date!
After removing empty topics, we have 12068; 4050; and 3989 samples for (respectively) train, dev, test sets for topic aux task
Datasets loaded
Loading model..
Model loaded
Starting training..
Epoch 0:
Dev results:
{'Circa': {'loss': 1.7979, 'accuracy': 0.1489}, 'TOPICS': {'loss': 2.4771, 'accuracy': 0.1773}, 'time': {'elapsed_time': '0:01:54.683716'}}
Epoch 1:
Train results:
{'Circa': {'loss': 0.768, 'accuracy': 0.7347}, 'TOPICS': {'loss': 1.1085, 'accuracy': 0.655}, 'time': {'elapsed_time': '0:17:09.063819'}}
Dev results:
{'TOPICS': {'loss': 0.6288, 'accuracy': 0.818}, 'Circa': {'loss': 0.7983, 'accuracy': 0.7086}, 'time': {'elapsed_time': '0:01:55.916313'}}
Saving new best model..
New best model saved
---
Epoch 2:
Train results:
{'Circa': {'loss': 0.5374, 'accuracy': 0.8202}, 'TOPICS': {'loss': 0.4532, 'accuracy': 0.8716}, 'time': {'elapsed_time': '0:17:14.507952'}}
Dev results:
{'Circa': {'loss': 0.6395, 'accuracy': 0.7901}, 'TOPICS': {'loss': 0.5533, 'accuracy': 0.8562}, 'time': {'elapsed_time': '0:01:55.940857'}}
Saving new best model..
New best model saved
---
Epoch 3:
Train results:
{'TOPICS': {'loss': 0.2384, 'accuracy': 0.9336}, 'Circa': {'loss': 0.3978, 'accuracy': 0.8689}, 'time': {'elapsed_time': '0:17:09.146557'}}
Dev results:
{'TOPICS': {'loss': 0.5565, 'accuracy': 0.8592}, 'Circa': {'loss': 0.6509, 'accuracy': 0.7862}, 'time': {'elapsed_time': '0:01:55.916226'}}
---
Epoch 4:
Train results:
{'Circa': {'loss': 0.3058, 'accuracy': 0.8975}, 'TOPICS': {'loss': 0.1506, 'accuracy': 0.9603}, 'time': {'elapsed_time': '0:17:15.030770'}}
Dev results:
{'TOPICS': {'loss': 0.5455, 'accuracy': 0.8726}, 'Circa': {'loss': 0.7176, 'accuracy': 0.7866}, 'time': {'elapsed_time': '0:01:55.914777'}}
---
Epoch 5:
Train results:
{'TOPICS': {'loss': 0.1114, 'accuracy': 0.9694}, 'Circa': {'loss': 0.2344, 'accuracy': 0.9229}, 'time': {'elapsed_time': '0:17:10.638674'}}
Dev results:
{'Circa': {'loss': 0.7934, 'accuracy': 0.8005}, 'TOPICS': {'loss': 0.6188, 'accuracy': 0.8708}, 'time': {'elapsed_time': '0:01:55.954286'}}
Saving new best model..
New best model saved
---
Training finished
Loading best model..
Best model loaded
Starting testing..
Test results:
{'Circa': {'loss': 0.7413, 'accuracy': 0.8148}, 'TOPICS': {'loss': 0.6521, 'accuracy': 0.8654}, 'time': {'elapsed_time': '0:01:55.230880'}}
Testing finished
Saving results..
Results saved
