-----TRAINING PARAMETERS-----
Model version: QA
Labels: strict
Setting: matched
Test scenario: None
Auxilary tasks: ['TOPICS']
Auxilary task probing: True
PyTorch device: cuda
Max epochs: 5
Patience: 3
Learning rates: [5e-05, 2e-05]
Batch size: 8
Results directory: ./mtl_results
Progress bar: False
-----------------------------
Loading datasets..
Pre-loading annotations for most important word in answer
[nltk_data] Downloading package wordnet to /home/lcur0362/nltk_data...
[nltk_data]   Package wordnet is already up-to-date!
Pre-loading annotations for topics in answer
After removing empty topics, we have 12068; 4024; and 4015 samples for (respectively) train, dev, test sets for topic aux task
Datasets loaded
Loading model..
Model loaded
Starting training..
Epoch 0:
Dev results:
{'Circa': {'loss': 1.7988, 'accuracy': 0.1516}, 'TOPICS': {'loss': 4.1992, 'accuracy': 0.0062}, 'time': {'elapsed_time': '0:01:56.917586'}}
Epoch 1:
Train results:
{'Circa': {'loss': 0.7644, 'accuracy': 0.7316}, 'TOPICS': {'loss': 2.1053, 'accuracy': 0.5119}, 'time': {'elapsed_time': '0:17:43.403293'}}
Dev results:
{'Circa': {'loss': 0.6737, 'accuracy': 0.7695}, 'TOPICS': {'loss': 1.1674, 'accuracy': 0.746}, 'time': {'elapsed_time': '0:01:59.610549'}}
Saving new best model..
New best model saved
---
Epoch 2:
Train results:
{'Circa': {'loss': 0.5256, 'accuracy': 0.8251}, 'TOPICS': {'loss': 0.8606, 'accuracy': 0.8127}, 'time': {'elapsed_time': '0:17:45.138347'}}
Dev results:
{'TOPICS': {'loss': 0.8509, 'accuracy': 0.8179}, 'Circa': {'loss': 0.5797, 'accuracy': 0.8062}, 'time': {'elapsed_time': '0:01:59.625630'}}
Saving new best model..
New best model saved
---
Epoch 3:
Train results:
{'TOPICS': {'loss': 0.4844, 'accuracy': 0.894}, 'Circa': {'loss': 0.3906, 'accuracy': 0.8689}, 'time': {'elapsed_time': '0:17:41.693210'}}
Dev results:
{'Circa': {'loss': 0.632, 'accuracy': 0.801}, 'TOPICS': {'loss': 0.7918, 'accuracy': 0.836}, 'time': {'elapsed_time': '0:01:59.637400'}}
---
Epoch 4:
Train results:
{'Circa': {'loss': 0.2901, 'accuracy': 0.9042}, 'TOPICS': {'loss': 0.3056, 'accuracy': 0.9315}, 'time': {'elapsed_time': '0:17:43.523399'}}
Dev results:
{'Circa': {'loss': 0.6896, 'accuracy': 0.8046}, 'TOPICS': {'loss': 0.7195, 'accuracy': 0.8558}, 'time': {'elapsed_time': '0:01:59.569883'}}
---
Epoch 5:
Train results:
{'TOPICS': {'loss': 0.1903, 'accuracy': 0.9578}, 'Circa': {'loss': 0.225, 'accuracy': 0.9245}, 'time': {'elapsed_time': '0:17:44.411133'}}
Dev results:
{'Circa': {'loss': 0.7288, 'accuracy': 0.8057}, 'TOPICS': {'loss': 0.8215, 'accuracy': 0.8522}, 'time': {'elapsed_time': '0:01:59.582874'}}
---
Training finished
Loading best model..
Best model loaded
Starting testing..
Test results:
{'Circa': {'loss': 0.6092, 'accuracy': 0.8061}, 'TOPICS': {'loss': 0.8367, 'accuracy': 0.8205}, 'time': {'elapsed_time': '0:01:59.453991'}}
Testing finished
Saving results..
Results saved
