-----TRAINING PARAMETERS-----
Model version: QA
Labels: strict
Setting: matched
Test scenario: None
Auxilary tasks: ['TOPICS']
Auxilary task probing: True
PyTorch device: cuda
Max epochs: 5
Patience: 3
Learning rates: [5e-05, 2e-05]
Batch size: 8
Results directory: ./mtl_results
Progress bar: False
-----------------------------
Loading datasets..
Pre-loading annotations for most important word in answer
[nltk_data] Downloading package wordnet to /home/lcur0362/nltk_data...
Pre-loading annotations for topics in answer
[nltk_data]   Package wordnet is already up-to-date!
After removing empty topics, we have 12068; 3998; and 4041 samples for (respectively) train, dev, test sets for topic aux task
Datasets loaded
Loading model..
Model loaded
Starting training..
Epoch 0:
Dev results:
{'Circa': {'loss': 1.8002, 'accuracy': 0.1443}, 'TOPICS': {'loss': 5.7021, 'accuracy': 0.003}, 'time': {'elapsed_time': '0:01:59.864211'}}
Epoch 1:
Train results:
{'Circa': {'loss': 0.7617, 'accuracy': 0.7373}, 'TOPICS': {'loss': 3.708, 'accuracy': 0.3615}, 'time': {'elapsed_time': '0:18:40.344230'}}
Dev results:
{'TOPICS': {'loss': 2.1703, 'accuracy': 0.6219}, 'Circa': {'loss': 0.7105, 'accuracy': 0.7745}, 'time': {'elapsed_time': '0:02:05.359464'}}
Saving new best model..
New best model saved
---
Epoch 2:
Train results:
{'Circa': {'loss': 0.5096, 'accuracy': 0.8306}, 'TOPICS': {'loss': 1.6888, 'accuracy': 0.7178}, 'time': {'elapsed_time': '0:18:35.232404'}}
Dev results:
{'Circa': {'loss': 0.6685, 'accuracy': 0.8003}, 'TOPICS': {'loss': 1.431, 'accuracy': 0.7535}, 'time': {'elapsed_time': '0:02:05.888772'}}
Saving new best model..
New best model saved
---
Epoch 3:
Train results:
{'TOPICS': {'loss': 0.9857, 'accuracy': 0.8328}, 'Circa': {'loss': 0.371, 'accuracy': 0.8776}, 'time': {'elapsed_time': '0:18:37.262858'}}
Dev results:
{'Circa': {'loss': 0.6496, 'accuracy': 0.8095}, 'TOPICS': {'loss': 1.2151, 'accuracy': 0.7975}, 'time': {'elapsed_time': '0:02:05.788214'}}
Saving new best model..
New best model saved
---
Epoch 4:
Train results:
{'Circa': {'loss': 0.2695, 'accuracy': 0.9094}, 'TOPICS': {'loss': 0.6125, 'accuracy': 0.8982}, 'time': {'elapsed_time': '0:18:38.371590'}}
Dev results:
{'TOPICS': {'loss': 1.0531, 'accuracy': 0.8272}, 'Circa': {'loss': 0.7491, 'accuracy': 0.7844}, 'time': {'elapsed_time': '0:02:05.343803'}}
---
Epoch 5:
Train results:
{'Circa': {'loss': 0.2156, 'accuracy': 0.9263}, 'TOPICS': {'loss': 0.4125, 'accuracy': 0.9318}, 'time': {'elapsed_time': '0:18:35.080092'}}
Dev results:
{'TOPICS': {'loss': 1.0005, 'accuracy': 0.8361}, 'Circa': {'loss': 0.7417, 'accuracy': 0.8043}, 'time': {'elapsed_time': '0:02:05.761925'}}
---
Training finished
Loading best model..
Best model loaded
Starting testing..
Test results:
{'Circa': {'loss': 0.6345, 'accuracy': 0.8167}, 'TOPICS': {'loss': 1.19, 'accuracy': 0.8012}, 'time': {'elapsed_time': '0:02:06.649288'}}
Testing finished
Saving results..
Results saved
