-----TRAINING PARAMETERS-----
Model version: QA
Labels: strict
Setting: matched
Test scenario: None
Auxilary tasks: ['TOPICS']
Auxilary task probing: True
PyTorch device: cuda
Max epochs: 5
Patience: 3
Learning rates: [5e-05, 2e-05]
Batch size: 8
Results directory: ./mtl_results
Progress bar: False
-----------------------------
Loading datasets..
Pre-loading annotations for most important word in answer
[nltk_data] Downloading package wordnet to /home/lcur0362/nltk_data...
Pre-loading annotations for topics in answer
[nltk_data]   Package wordnet is already up-to-date!
After removing empty topics, we have 12068; 4029; and 4010 samples for (respectively) train, dev, test sets for topic aux task
Datasets loaded
Loading model..
Model loaded
Starting training..
Epoch 0:
Dev results:
{'Circa': {'loss': 1.7982, 'accuracy': 0.1547}, 'TOPICS': {'loss': 3.6723, 'accuracy': 0.0499}, 'time': {'elapsed_time': '0:01:55.953726'}}
Epoch 1:
Train results:
{'Circa': {'loss': 0.7493, 'accuracy': 0.7408}, 'TOPICS': {'loss': 1.856, 'accuracy': 0.5402}, 'time': {'elapsed_time': '0:17:45.648406'}}
Dev results:
{'Circa': {'loss': 0.6717, 'accuracy': 0.7683}, 'TOPICS': {'loss': 1.0263, 'accuracy': 0.7564}, 'time': {'elapsed_time': '0:01:59.598672'}}
Saving new best model..
New best model saved
---
Epoch 2:
Train results:
{'Circa': {'loss': 0.5162, 'accuracy': 0.8261}, 'TOPICS': {'loss': 0.7315, 'accuracy': 0.8269}, 'time': {'elapsed_time': '0:17:46.566570'}}
Dev results:
{'Circa': {'loss': 0.671, 'accuracy': 0.7962}, 'TOPICS': {'loss': 0.7921, 'accuracy': 0.8114}, 'time': {'elapsed_time': '0:01:59.659895'}}
Saving new best model..
New best model saved
---
Epoch 3:
Train results:
{'TOPICS': {'loss': 0.4005, 'accuracy': 0.9065}, 'Circa': {'loss': 0.3825, 'accuracy': 0.8737}, 'time': {'elapsed_time': '0:17:59.385427'}}
Dev results:
{'TOPICS': {'loss': 0.7716, 'accuracy': 0.8352}, 'Circa': {'loss': 0.6433, 'accuracy': 0.8006}, 'time': {'elapsed_time': '0:01:59.617887'}}
Saving new best model..
New best model saved
---
Epoch 4:
Train results:
{'TOPICS': {'loss': 0.2179, 'accuracy': 0.9496}, 'Circa': {'loss': 0.2889, 'accuracy': 0.905}, 'time': {'elapsed_time': '0:17:55.366901'}}
Dev results:
{'Circa': {'loss': 0.7362, 'accuracy': 0.8066}, 'TOPICS': {'loss': 0.7672, 'accuracy': 0.8478}, 'time': {'elapsed_time': '0:01:59.647291'}}
Saving new best model..
New best model saved
---
Epoch 5:
Train results:
{'Circa': {'loss': 0.2232, 'accuracy': 0.9256}, 'TOPICS': {'loss': 0.1783, 'accuracy': 0.9577}, 'time': {'elapsed_time': '0:17:55.528523'}}
Dev results:
{'Circa': {'loss': 0.7688, 'accuracy': 0.7935}, 'TOPICS': {'loss': 0.7425, 'accuracy': 0.8545}, 'time': {'elapsed_time': '0:02:00.357558'}}
---
Training finished
Loading best model..
Best model loaded
Starting testing..
Test results:
{'TOPICS': {'loss': 0.7198, 'accuracy': 0.8564}, 'Circa': {'loss': 0.7167, 'accuracy': 0.8077}, 'time': {'elapsed_time': '0:01:59.496376'}}
Testing finished
Saving results..
Results saved
