-----TRAINING PARAMETERS-----
Model version: QA
Labels: strict
Setting: matched
Test scenario: None
Auxilary tasks: ['TOPICS']
Auxilary task probing: True
PyTorch device: cuda
Max epochs: 5
Patience: 3
Learning rates: [5e-05, 2e-05]
Batch size: 8
Results directory: ./mtl_results
Progress bar: False
-----------------------------
Loading datasets..
Pre-loading annotations for most important word in answer
[nltk_data] Downloading package wordnet to /home/lcur0362/nltk_data...
Pre-loading annotations for topics in answer
[nltk_data]   Package wordnet is already up-to-date!
After removing empty topics, we have 12068; 4023; and 4016 samples for (respectively) train, dev, test sets for topic aux task
Datasets loaded
Loading model..
Model loaded
Starting training..
Epoch 0:
Dev results:
{'Circa': {'loss': 1.7988, 'accuracy': 0.1548}, 'TOPICS': {'loss': 5.4775, 'accuracy': 0.0003}, 'time': {'elapsed_time': '0:01:57.037622'}}
Epoch 1:
Train results:
{'TOPICS': {'loss': 3.3929, 'accuracy': 0.3848}, 'Circa': {'loss': 0.7469, 'accuracy': 0.7447}, 'time': {'elapsed_time': '0:18:36.954113'}}
Dev results:
{'Circa': {'loss': 0.6421, 'accuracy': 0.7798}, 'TOPICS': {'loss': 2.0174, 'accuracy': 0.6522}, 'time': {'elapsed_time': '0:02:05.694719'}}
Saving new best model..
New best model saved
---
Epoch 2:
Train results:
{'TOPICS': {'loss': 1.5035, 'accuracy': 0.7366}, 'Circa': {'loss': 0.5098, 'accuracy': 0.8264}, 'time': {'elapsed_time': '0:18:33.329545'}}
Dev results:
{'Circa': {'loss': 0.5896, 'accuracy': 0.8043}, 'TOPICS': {'loss': 1.3469, 'accuracy': 0.7569}, 'time': {'elapsed_time': '0:02:05.451605'}}
Saving new best model..
New best model saved
---
Epoch 3:
Train results:
{'Circa': {'loss': 0.3628, 'accuracy': 0.8786}, 'TOPICS': {'loss': 0.8502, 'accuracy': 0.8505}, 'time': {'elapsed_time': '0:18:32.675750'}}
Dev results:
{'Circa': {'loss': 0.6166, 'accuracy': 0.8125}, 'TOPICS': {'loss': 1.1536, 'accuracy': 0.8001}, 'time': {'elapsed_time': '0:02:05.789834'}}
Saving new best model..
New best model saved
---
Epoch 4:
Train results:
{'Circa': {'loss': 0.275, 'accuracy': 0.906}, 'TOPICS': {'loss': 0.5447, 'accuracy': 0.9052}, 'time': {'elapsed_time': '0:18:33.502705'}}
Dev results:
{'Circa': {'loss': 0.6594, 'accuracy': 0.8106}, 'TOPICS': {'loss': 1.0623, 'accuracy': 0.8227}, 'time': {'elapsed_time': '0:02:05.815702'}}
---
Epoch 5:
Train results:
{'Circa': {'loss': 0.2088, 'accuracy': 0.9309}, 'TOPICS': {'loss': 0.3393, 'accuracy': 0.9417}, 'time': {'elapsed_time': '0:18:29.912750'}}
Dev results:
{'Circa': {'loss': 0.7522, 'accuracy': 0.796}, 'TOPICS': {'loss': 1.0501, 'accuracy': 0.8212}, 'time': {'elapsed_time': '0:02:05.679963'}}
---
Training finished
Loading best model..
Best model loaded
Starting testing..
Test results:
{'Circa': {'loss': 0.6491, 'accuracy': 0.8093}, 'TOPICS': {'loss': 1.047, 'accuracy': 0.8138}, 'time': {'elapsed_time': '0:02:05.623060'}}
Testing finished
Saving results..
Results saved
