-----TRAINING PARAMETERS-----
Model version: QA
Labels: strict
Setting: matched
Test scenario: None
Auxilary tasks: ['TOPICS']
Auxilary task probing: True
PyTorch device: cuda
Max epochs: 5
Patience: 3
Learning rates: [5e-05, 2e-05]
Batch size: 8
Results directory: ./mtl_results
Progress bar: False
-----------------------------
Loading datasets..
Pre-loading annotations for most important word in answer
[nltk_data] Downloading package wordnet to /home/lcur0362/nltk_data...
Pre-loading annotations for topics in answer
[nltk_data]   Package wordnet is already up-to-date!
After removing empty topics, we have 12068; 4017; and 4022 samples for (respectively) train, dev, test sets for topic aux task
Datasets loaded
Loading model..
Model loaded
Starting training..
Epoch 0:
Dev results:
{'Circa': {'loss': 1.7994, 'accuracy': 0.1545}, 'TOPICS': {'loss': 4.521, 'accuracy': 0.0496}, 'time': {'elapsed_time': '0:01:56.632534'}}
Epoch 1:
Train results:
{'Circa': {'loss': 0.7482, 'accuracy': 0.7394}, 'TOPICS': {'loss': 2.4644, 'accuracy': 0.4796}, 'time': {'elapsed_time': '0:17:41.978993'}}
Dev results:
{'TOPICS': {'loss': 1.4773, 'accuracy': 0.7033}, 'Circa': {'loss': 0.6166, 'accuracy': 0.7937}, 'time': {'elapsed_time': '0:01:59.682823'}}
Saving new best model..
New best model saved
---
Epoch 2:
Train results:
{'TOPICS': {'loss': 1.0192, 'accuracy': 0.8009}, 'Circa': {'loss': 0.5123, 'accuracy': 0.8266}, 'time': {'elapsed_time': '0:17:44.996949'}}
Dev results:
{'TOPICS': {'loss': 1.063, 'accuracy': 0.7915}, 'Circa': {'loss': 0.5946, 'accuracy': 0.809}, 'time': {'elapsed_time': '0:01:59.661238'}}
Saving new best model..
New best model saved
---
Epoch 3:
Train results:
{'Circa': {'loss': 0.3703, 'accuracy': 0.8769}, 'TOPICS': {'loss': 0.5686, 'accuracy': 0.8865}, 'time': {'elapsed_time': '0:17:44.759070'}}
Dev results:
{'Circa': {'loss': 0.6335, 'accuracy': 0.8091}, 'TOPICS': {'loss': 0.8805, 'accuracy': 0.83}, 'time': {'elapsed_time': '0:01:59.623451'}}
---
Epoch 4:
Train results:
{'TOPICS': {'loss': 0.3402, 'accuracy': 0.9313}, 'Circa': {'loss': 0.2813, 'accuracy': 0.9047}, 'time': {'elapsed_time': '0:17:45.860242'}}
Dev results:
{'TOPICS': {'loss': 0.8651, 'accuracy': 0.8439}, 'Circa': {'loss': 0.7115, 'accuracy': 0.8017}, 'time': {'elapsed_time': '0:01:59.705840'}}
---
Epoch 5:
Train results:
{'Circa': {'loss': 0.2119, 'accuracy': 0.9288}, 'TOPICS': {'loss': 0.2279, 'accuracy': 0.9542}, 'time': {'elapsed_time': '0:17:41.584302'}}
Dev results:
{'Circa': {'loss': 0.7552, 'accuracy': 0.8077}, 'TOPICS': {'loss': 0.9355, 'accuracy': 0.8412}, 'time': {'elapsed_time': '0:01:59.701293'}}
---
Training finished
Loading best model..
Best model loaded
Starting testing..
Test results:
{'Circa': {'loss': 0.6149, 'accuracy': 0.8042}, 'TOPICS': {'loss': 1.0922, 'accuracy': 0.7821}, 'time': {'elapsed_time': '0:01:59.836140'}}
Testing finished
Saving results..
Results saved
