-----TRAINING PARAMETERS-----
Model version: QA
Labels: strict
Setting: matched
Test scenario: None
Auxilary tasks: ['TOPICS']
Auxilary task probing: True
PyTorch device: cuda
Max epochs: 5
Patience: 3
Learning rates: [5e-05, 2e-05]
Batch size: 8
Results directory: ./mtl_results
Progress bar: False
-----------------------------
Loading datasets..
Pre-loading annotations for most important word in answer
[nltk_data] Downloading package wordnet to /home/lcur0659/nltk_data...
[nltk_data]   Package wordnet is already up-to-date!
Pre-loading annotations for topics in answer
After removing empty topics, we have 12068; 3983; and 4056 samples for (respectively) train, dev, test sets for topic aux task
Datasets loaded
Loading model..
Model loaded
Starting training..
Epoch 0:
Dev results:
{'TOPICS': {'loss': 5.4721, 'accuracy': 0.0046}, 'Circa': {'loss': 1.799, 'accuracy': 0.1503}, 'time': {'elapsed_time': '0:01:56.978874'}}
Epoch 1:
Train results:
{'Circa': {'loss': 0.7567, 'accuracy': 0.7371}, 'TOPICS': {'loss': 3.4032, 'accuracy': 0.3828}, 'time': {'elapsed_time': '0:17:48.084335'}}
Dev results:
{'TOPICS': {'loss': 1.9724, 'accuracy': 0.6559}, 'Circa': {'loss': 0.6359, 'accuracy': 0.7819}, 'time': {'elapsed_time': '0:01:59.917832'}}
Saving new best model..
New best model saved
---
Epoch 2:
Train results:
{'Circa': {'loss': 0.5185, 'accuracy': 0.8281}, 'TOPICS': {'loss': 1.506, 'accuracy': 0.7362}, 'time': {'elapsed_time': '0:17:50.453970'}}
Dev results:
{'Circa': {'loss': 0.6305, 'accuracy': 0.7982}, 'TOPICS': {'loss': 1.3829, 'accuracy': 0.7562}, 'time': {'elapsed_time': '0:01:59.911963'}}
Saving new best model..
New best model saved
---
Epoch 3:
Train results:
{'Circa': {'loss': 0.3712, 'accuracy': 0.8772}, 'TOPICS': {'loss': 0.8679, 'accuracy': 0.8476}, 'time': {'elapsed_time': '0:17:49.079226'}}
Dev results:
{'TOPICS': {'loss': 1.1186, 'accuracy': 0.8075}, 'Circa': {'loss': 0.6246, 'accuracy': 0.8096}, 'time': {'elapsed_time': '0:01:59.930902'}}
Saving new best model..
New best model saved
---
Epoch 4:
Train results:
{'Circa': {'loss': 0.2846, 'accuracy': 0.9075}, 'TOPICS': {'loss': 0.5325, 'accuracy': 0.9086}, 'time': {'elapsed_time': '0:17:45.433567'}}
Dev results:
{'Circa': {'loss': 0.6945, 'accuracy': 0.8016}, 'TOPICS': {'loss': 1.05, 'accuracy': 0.8217}, 'time': {'elapsed_time': '0:01:59.861873'}}
---
Epoch 5:
Train results:
{'TOPICS': {'loss': 0.3709, 'accuracy': 0.9358}, 'Circa': {'loss': 0.2204, 'accuracy': 0.9259}, 'time': {'elapsed_time': '0:17:43.395791'}}
Dev results:
{'TOPICS': {'loss': 1.0187, 'accuracy': 0.8293}, 'Circa': {'loss': 0.7496, 'accuracy': 0.8017}, 'time': {'elapsed_time': '0:01:59.871863'}}
---
Training finished
Loading best model..
Best model loaded
Starting testing..
Test results:
{'Circa': {'loss': 0.6215, 'accuracy': 0.8075}, 'TOPICS': {'loss': 1.045, 'accuracy': 0.8204}, 'time': {'elapsed_time': '0:02:00.766556'}}
Testing finished
Saving results..
Results saved
