-----TRAINING PARAMETERS-----
Model version: QA
Labels: strict
Setting: matched
Test scenario: None
Auxilary tasks: ['TOPICS']
Auxilary task probing: True
PyTorch device: cuda
Max epochs: 5
Patience: 3
Learning rates: [5e-05, 2e-05]
Batch size: 8
Results directory: ./mtl_results
Progress bar: False
-----------------------------
Loading datasets..
Pre-loading annotations for most important word in answer
[nltk_data] Downloading package wordnet to /home/lcur0659/nltk_data...
Pre-loading annotations for topics in answer
[nltk_data]   Package wordnet is already up-to-date!
After removing empty topics, we have 12068; 4031; and 4008 samples for (respectively) train, dev, test sets for topic aux task
Datasets loaded
Loading model..
Model loaded
Starting training..
Epoch 0:
Dev results:
{'Circa': {'loss': 1.7997, 'accuracy': 0.1485}, 'TOPICS': {'loss': 5.2341, 'accuracy': 0.0012}, 'time': {'elapsed_time': '0:01:57.833378'}}
Epoch 1:
Train results:
{'TOPICS': {'loss': 3.1499, 'accuracy': 0.4126}, 'Circa': {'loss': 0.7426, 'accuracy': 0.743}, 'time': {'elapsed_time': '0:17:53.016545'}}
Dev results:
{'Circa': {'loss': 0.6111, 'accuracy': 0.7964}, 'TOPICS': {'loss': 1.8578, 'accuracy': 0.6624}, 'time': {'elapsed_time': '0:02:00.623930'}}
Saving new best model..
New best model saved
---
Epoch 2:
Train results:
{'TOPICS': {'loss': 1.3658, 'accuracy': 0.7534}, 'Circa': {'loss': 0.4952, 'accuracy': 0.8366}, 'time': {'elapsed_time': '0:17:46.394469'}}
Dev results:
{'TOPICS': {'loss': 1.2867, 'accuracy': 0.7702}, 'Circa': {'loss': 0.5961, 'accuracy': 0.8153}, 'time': {'elapsed_time': '0:02:00.604044'}}
Saving new best model..
New best model saved
---
Epoch 3:
Train results:
{'TOPICS': {'loss': 0.7863, 'accuracy': 0.8569}, 'Circa': {'loss': 0.3685, 'accuracy': 0.8777}, 'time': {'elapsed_time': '0:17:47.843035'}}
Dev results:
{'Circa': {'loss': 0.5965, 'accuracy': 0.8141}, 'TOPICS': {'loss': 1.0499, 'accuracy': 0.8089}, 'time': {'elapsed_time': '0:02:00.415377'}}
---
Epoch 4:
Train results:
{'Circa': {'loss': 0.2772, 'accuracy': 0.9087}, 'TOPICS': {'loss': 0.4636, 'accuracy': 0.9164}, 'time': {'elapsed_time': '0:17:48.806068'}}
Dev results:
{'TOPICS': {'loss': 0.9595, 'accuracy': 0.8335}, 'Circa': {'loss': 0.7059, 'accuracy': 0.8152}, 'time': {'elapsed_time': '0:02:00.398310'}}
---
Epoch 5:
Train results:
{'Circa': {'loss': 0.2115, 'accuracy': 0.9281}, 'TOPICS': {'loss': 0.3297, 'accuracy': 0.9406}, 'time': {'elapsed_time': '0:17:49.612254'}}
Dev results:
{'TOPICS': {'loss': 0.9471, 'accuracy': 0.8378}, 'Circa': {'loss': 0.7809, 'accuracy': 0.8115}, 'time': {'elapsed_time': '0:02:01.043013'}}
---
Training finished
Loading best model..
Best model loaded
Starting testing..
Test results:
{'TOPICS': {'loss': 1.2385, 'accuracy': 0.7689}, 'Circa': {'loss': 0.635, 'accuracy': 0.8021}, 'time': {'elapsed_time': '0:02:00.226406'}}
Testing finished
Saving results..
Results saved
