-----TRAINING PARAMETERS-----
Model version: QA
Labels: strict
Setting: matched
Test scenario: None
Auxilary tasks: ['TOPICS']
Auxilary task probing: True
PyTorch device: cuda
Max epochs: 5
Patience: 3
Learning rates: [5e-05, 2e-05]
Batch size: 8
Results directory: ./mtl_results
Progress bar: False
-----------------------------
Loading datasets..
Pre-loading annotations for most important word in answer
[nltk_data] Downloading package wordnet to /home/lcur0659/nltk_data...
[nltk_data]   Package wordnet is already up-to-date!
Pre-loading annotations for topics in answer
After removing empty topics, we have 12068; 4025; and 4014 samples for (respectively) train, dev, test sets for topic aux task
Datasets loaded
Loading model..
Model loaded
Starting training..
Epoch 0:
Dev results:
{'Circa': {'loss': 1.7989, 'accuracy': 0.1525}, 'TOPICS': {'loss': 5.1516, 'accuracy': 0.001}, 'time': {'elapsed_time': '0:01:57.790723'}}
Epoch 1:
Train results:
{'TOPICS': {'loss': 3.1076, 'accuracy': 0.3891}, 'Circa': {'loss': 0.7635, 'accuracy': 0.735}, 'time': {'elapsed_time': '0:17:47.275077'}}
Dev results:
{'Circa': {'loss': 0.6658, 'accuracy': 0.7629}, 'TOPICS': {'loss': 1.7557, 'accuracy': 0.6742}, 'time': {'elapsed_time': '0:02:00.573694'}}
Saving new best model..
New best model saved
---
Epoch 2:
Train results:
{'Circa': {'loss': 0.5168, 'accuracy': 0.8291}, 'TOPICS': {'loss': 1.3063, 'accuracy': 0.7614}, 'time': {'elapsed_time': '0:17:46.489828'}}
Dev results:
{'TOPICS': {'loss': 1.1953, 'accuracy': 0.7704}, 'Circa': {'loss': 0.6161, 'accuracy': 0.7931}, 'time': {'elapsed_time': '0:02:00.513574'}}
Saving new best model..
New best model saved
---
Epoch 3:
Train results:
{'TOPICS': {'loss': 0.7314, 'accuracy': 0.8647}, 'Circa': {'loss': 0.3777, 'accuracy': 0.8727}, 'time': {'elapsed_time': '0:17:49.799430'}}
Dev results:
{'Circa': {'loss': 0.6397, 'accuracy': 0.7981}, 'TOPICS': {'loss': 1.0135, 'accuracy': 0.812}, 'time': {'elapsed_time': '0:02:00.597729'}}
Saving new best model..
New best model saved
---
Epoch 4:
Train results:
{'Circa': {'loss': 0.2817, 'accuracy': 0.9056}, 'TOPICS': {'loss': 0.4588, 'accuracy': 0.9139}, 'time': {'elapsed_time': '0:17:51.555452'}}
Dev results:
{'Circa': {'loss': 0.7543, 'accuracy': 0.8006}, 'TOPICS': {'loss': 0.9388, 'accuracy': 0.832}, 'time': {'elapsed_time': '0:02:00.581978'}}
Saving new best model..
New best model saved
---
Epoch 5:
Train results:
{'TOPICS': {'loss': 0.2996, 'accuracy': 0.9445}, 'Circa': {'loss': 0.2187, 'accuracy': 0.9254}, 'time': {'elapsed_time': '0:17:47.179612'}}
Dev results:
{'Circa': {'loss': 0.8091, 'accuracy': 0.7795}, 'TOPICS': {'loss': 0.9281, 'accuracy': 0.8436}, 'time': {'elapsed_time': '0:02:00.524350'}}
---
Training finished
Loading best model..
Best model loaded
Starting testing..
Test results:
{'TOPICS': {'loss': 0.9669, 'accuracy': 0.8237}, 'Circa': {'loss': 0.6872, 'accuracy': 0.8067}, 'time': {'elapsed_time': '0:02:00.415795'}}
Testing finished
Saving results..
Results saved
