-----TRAINING PARAMETERS-----
Model version: QA
Labels: strict
Setting: matched
Test scenario: None
Auxilary tasks: ['TOPICS']
Auxilary task probing: True
PyTorch device: cuda
Max epochs: 5
Patience: 3
Learning rates: [5e-05, 2e-05]
Batch size: 8
Results directory: ./mtl_results
Progress bar: False
-----------------------------
Loading datasets..
Pre-loading annotations for most important word in answer
[nltk_data] Downloading package wordnet to /home/lcur0659/nltk_data...
Pre-loading annotations for topics in answer
[nltk_data]   Package wordnet is already up-to-date!
After removing empty topics, we have 12068; 4017; and 4022 samples for (respectively) train, dev, test sets for topic aux task
Datasets loaded
Loading model..
Model loaded
Starting training..
Epoch 0:
Dev results:
{'TOPICS': {'loss': 5.6727, 'accuracy': 0.0}, 'Circa': {'loss': 1.8004, 'accuracy': 0.1457}, 'time': {'elapsed_time': '0:01:54.824696'}}
Epoch 1:
Train results:
{'TOPICS': {'loss': 3.8819, 'accuracy': 0.311}, 'Circa': {'loss': 0.7709, 'accuracy': 0.7355}, 'time': {'elapsed_time': '0:17:29.438312'}}
Dev results:
{'TOPICS': {'loss': 2.4393, 'accuracy': 0.5728}, 'Circa': {'loss': 0.6385, 'accuracy': 0.7811}, 'time': {'elapsed_time': '0:01:58.793684'}}
Saving new best model..
New best model saved
---
Epoch 2:
Train results:
{'TOPICS': {'loss': 1.8059, 'accuracy': 0.6954}, 'Circa': {'loss': 0.5189, 'accuracy': 0.8245}, 'time': {'elapsed_time': '0:17:35.390555'}}
Dev results:
{'TOPICS': {'loss': 1.5357, 'accuracy': 0.743}, 'Circa': {'loss': 0.6109, 'accuracy': 0.7972}, 'time': {'elapsed_time': '0:01:58.492742'}}
Saving new best model..
New best model saved
---
Epoch 3:
Train results:
{'TOPICS': {'loss': 1.0544, 'accuracy': 0.8216}, 'Circa': {'loss': 0.3731, 'accuracy': 0.8749}, 'time': {'elapsed_time': '0:17:30.078356'}}
Dev results:
{'TOPICS': {'loss': 1.2521, 'accuracy': 0.7876}, 'Circa': {'loss': 0.693, 'accuracy': 0.8032}, 'time': {'elapsed_time': '0:01:58.604335'}}
Saving new best model..
New best model saved
---
Epoch 4:
Train results:
{'Circa': {'loss': 0.2727, 'accuracy': 0.9096}, 'TOPICS': {'loss': 0.6745, 'accuracy': 0.8901}, 'time': {'elapsed_time': '0:17:28.810406'}}
Dev results:
{'TOPICS': {'loss': 1.1101, 'accuracy': 0.8133}, 'Circa': {'loss': 0.7874, 'accuracy': 0.8023}, 'time': {'elapsed_time': '0:01:58.555208'}}
---
Epoch 5:
Train results:
{'Circa': {'loss': 0.2106, 'accuracy': 0.9282}, 'TOPICS': {'loss': 0.4221, 'accuracy': 0.9323}, 'time': {'elapsed_time': '0:17:32.426367'}}
Dev results:
{'Circa': {'loss': 0.7318, 'accuracy': 0.806}, 'TOPICS': {'loss': 1.0374, 'accuracy': 0.8253}, 'time': {'elapsed_time': '0:01:58.482416'}}
Saving new best model..
New best model saved
---
Training finished
Loading best model..
Best model loaded
Starting testing..
Test results:
{'TOPICS': {'loss': 1.0251, 'accuracy': 0.8391}, 'Circa': {'loss': 0.7368, 'accuracy': 0.7965}, 'time': {'elapsed_time': '0:01:58.592067'}}
Testing finished
Saving results..
Results saved
