-----TRAINING PARAMETERS-----
Model version: QA
Labels: strict
Setting: matched
Test scenario: None
Auxilary tasks: ['TOPICS']
Auxilary task probing: True
PyTorch device: cuda
Max epochs: 5
Patience: 3
Learning rates: [5e-05, 2e-05]
Batch size: 8
Results directory: ./mtl_results
Progress bar: False
-----------------------------
Loading datasets..
Pre-loading annotations for most important word in answer
[nltk_data] Downloading package wordnet to /home/lcur0659/nltk_data...
Pre-loading annotations for topics in answer
[nltk_data]   Package wordnet is already up-to-date!
After removing empty topics, we have 12068; 4009; and 4030 samples for (respectively) train, dev, test sets for topic aux task
Datasets loaded
Loading model..
Model loaded
Starting training..
Epoch 0:
Dev results:
{'Circa': {'loss': 1.7972, 'accuracy': 0.1522}, 'TOPICS': {'loss': 4.5528, 'accuracy': 0.0049}, 'time': {'elapsed_time': '0:01:55.042244'}}
Epoch 1:
Train results:
{'TOPICS': {'loss': 2.5704, 'accuracy': 0.4508}, 'Circa': {'loss': 0.7641, 'accuracy': 0.7331}, 'time': {'elapsed_time': '0:18:03.954249'}}
Dev results:
{'Circa': {'loss': 0.611, 'accuracy': 0.7932}, 'TOPICS': {'loss': 1.4175, 'accuracy': 0.724}, 'time': {'elapsed_time': '0:02:01.933191'}}
Saving new best model..
New best model saved
---
Epoch 2:
Train results:
{'TOPICS': {'loss': 1.0529, 'accuracy': 0.7914}, 'Circa': {'loss': 0.5195, 'accuracy': 0.8251}, 'time': {'elapsed_time': '0:18:02.850875'}}
Dev results:
{'Circa': {'loss': 0.6147, 'accuracy': 0.8077}, 'TOPICS': {'loss': 1.015, 'accuracy': 0.8014}, 'time': {'elapsed_time': '0:02:01.594317'}}
Saving new best model..
New best model saved
---
Epoch 3:
Train results:
{'Circa': {'loss': 0.3817, 'accuracy': 0.8718}, 'TOPICS': {'loss': 0.5844, 'accuracy': 0.8823}, 'time': {'elapsed_time': '0:17:55.894952'}}
Dev results:
{'TOPICS': {'loss': 0.9061, 'accuracy': 0.8309}, 'Circa': {'loss': 0.5833, 'accuracy': 0.8103}, 'time': {'elapsed_time': '0:02:01.736886'}}
Saving new best model..
New best model saved
---
Epoch 4:
Train results:
{'TOPICS': {'loss': 0.3455, 'accuracy': 0.9272}, 'Circa': {'loss': 0.2834, 'accuracy': 0.9056}, 'time': {'elapsed_time': '0:18:03.780352'}}
Dev results:
{'TOPICS': {'loss': 0.9115, 'accuracy': 0.832}, 'Circa': {'loss': 0.7195, 'accuracy': 0.8024}, 'time': {'elapsed_time': '0:02:01.930193'}}
---
Epoch 5:
Train results:
{'Circa': {'loss': 0.2186, 'accuracy': 0.9263}, 'TOPICS': {'loss': 0.2221, 'accuracy': 0.9542}, 'time': {'elapsed_time': '0:17:56.236205'}}
Dev results:
{'TOPICS': {'loss': 0.9081, 'accuracy': 0.842}, 'Circa': {'loss': 0.8147, 'accuracy': 0.8061}, 'time': {'elapsed_time': '0:02:02.244885'}}
---
Training finished
Loading best model..
Best model loaded
Starting testing..
Test results:
{'Circa': {'loss': 0.5839, 'accuracy': 0.8195}, 'TOPICS': {'loss': 0.8831, 'accuracy': 0.8269}, 'time': {'elapsed_time': '0:02:02.052629'}}
Testing finished
Saving results..
Results saved
