/sw/arch/Debian10/EB_production/2019/software/Anaconda3/2018.12/lib/python3.7/site-packages/sklearn/feature_extraction/image.py:167: DeprecationWarning: `np.int` is a deprecated alias for the builtin `int`. To silence this warning, use `int` by itself. Doing this will not modify any behavior and is safe. When replacing `np.int`, you may wish to use e.g. `np.int64` or `np.int32` to specify the precision. If you wish to review your current use, check the release note link for additional information.
Deprecated in NumPy 1.20; for more details and guidance: https://numpy.org/devdocs/release/1.20.0-notes.html#deprecations
  dtype=np.int):
/sw/arch/Debian10/EB_production/2019/software/Anaconda3/2018.12/lib/python3.7/site-packages/sklearn/linear_model/least_angle.py:35: DeprecationWarning: `np.float` is a deprecated alias for the builtin `float`. To silence this warning, use `float` by itself. Doing this will not modify any behavior and is safe. If you specifically wanted the numpy scalar type, use `np.float64` here.
Deprecated in NumPy 1.20; for more details and guidance: https://numpy.org/devdocs/release/1.20.0-notes.html#deprecations
  eps=np.finfo(np.float).eps,
/sw/arch/Debian10/EB_production/2019/software/Anaconda3/2018.12/lib/python3.7/site-packages/sklearn/linear_model/least_angle.py:597: DeprecationWarning: `np.float` is a deprecated alias for the builtin `float`. To silence this warning, use `float` by itself. Doing this will not modify any behavior and is safe. If you specifically wanted the numpy scalar type, use `np.float64` here.
Deprecated in NumPy 1.20; for more details and guidance: https://numpy.org/devdocs/release/1.20.0-notes.html#deprecations
  eps=np.finfo(np.float).eps, copy_X=True, fit_path=True,
/sw/arch/Debian10/EB_production/2019/software/Anaconda3/2018.12/lib/python3.7/site-packages/sklearn/linear_model/least_angle.py:836: DeprecationWarning: `np.float` is a deprecated alias for the builtin `float`. To silence this warning, use `float` by itself. Doing this will not modify any behavior and is safe. If you specifically wanted the numpy scalar type, use `np.float64` here.
Deprecated in NumPy 1.20; for more details and guidance: https://numpy.org/devdocs/release/1.20.0-notes.html#deprecations
  eps=np.finfo(np.float).eps, copy_X=True, fit_path=True,
/sw/arch/Debian10/EB_production/2019/software/Anaconda3/2018.12/lib/python3.7/site-packages/sklearn/linear_model/least_angle.py:862: DeprecationWarning: `np.float` is a deprecated alias for the builtin `float`. To silence this warning, use `float` by itself. Doing this will not modify any behavior and is safe. If you specifically wanted the numpy scalar type, use `np.float64` here.
Deprecated in NumPy 1.20; for more details and guidance: https://numpy.org/devdocs/release/1.20.0-notes.html#deprecations
  eps=np.finfo(np.float).eps, positive=False):
/sw/arch/Debian10/EB_production/2019/software/Anaconda3/2018.12/lib/python3.7/site-packages/sklearn/linear_model/least_angle.py:1097: DeprecationWarning: `np.float` is a deprecated alias for the builtin `float`. To silence this warning, use `float` by itself. Doing this will not modify any behavior and is safe. If you specifically wanted the numpy scalar type, use `np.float64` here.
Deprecated in NumPy 1.20; for more details and guidance: https://numpy.org/devdocs/release/1.20.0-notes.html#deprecations
  max_n_alphas=1000, n_jobs=None, eps=np.finfo(np.float).eps,
/sw/arch/Debian10/EB_production/2019/software/Anaconda3/2018.12/lib/python3.7/site-packages/sklearn/linear_model/least_angle.py:1344: DeprecationWarning: `np.float` is a deprecated alias for the builtin `float`. To silence this warning, use `float` by itself. Doing this will not modify any behavior and is safe. If you specifically wanted the numpy scalar type, use `np.float64` here.
Deprecated in NumPy 1.20; for more details and guidance: https://numpy.org/devdocs/release/1.20.0-notes.html#deprecations
  max_n_alphas=1000, n_jobs=None, eps=np.finfo(np.float).eps,
/sw/arch/Debian10/EB_production/2019/software/Anaconda3/2018.12/lib/python3.7/site-packages/sklearn/linear_model/least_angle.py:1480: DeprecationWarning: `np.float` is a deprecated alias for the builtin `float`. To silence this warning, use `float` by itself. Doing this will not modify any behavior and is safe. If you specifically wanted the numpy scalar type, use `np.float64` here.
Deprecated in NumPy 1.20; for more details and guidance: https://numpy.org/devdocs/release/1.20.0-notes.html#deprecations
  eps=np.finfo(np.float).eps, copy_X=True, positive=False):
/sw/arch/Debian10/EB_production/2019/software/Anaconda3/2018.12/lib/python3.7/site-packages/sklearn/linear_model/randomized_l1.py:152: DeprecationWarning: `np.float` is a deprecated alias for the builtin `float`. To silence this warning, use `float` by itself. Doing this will not modify any behavior and is safe. If you specifically wanted the numpy scalar type, use `np.float64` here.
Deprecated in NumPy 1.20; for more details and guidance: https://numpy.org/devdocs/release/1.20.0-notes.html#deprecations
  precompute=False, eps=np.finfo(np.float).eps,
/sw/arch/Debian10/EB_production/2019/software/Anaconda3/2018.12/lib/python3.7/site-packages/sklearn/linear_model/randomized_l1.py:320: DeprecationWarning: `np.float` is a deprecated alias for the builtin `float`. To silence this warning, use `float` by itself. Doing this will not modify any behavior and is safe. If you specifically wanted the numpy scalar type, use `np.float64` here.
Deprecated in NumPy 1.20; for more details and guidance: https://numpy.org/devdocs/release/1.20.0-notes.html#deprecations
  eps=np.finfo(np.float).eps, random_state=None,
/sw/arch/Debian10/EB_production/2019/software/Anaconda3/2018.12/lib/python3.7/site-packages/sklearn/linear_model/randomized_l1.py:580: DeprecationWarning: `np.float` is a deprecated alias for the builtin `float`. To silence this warning, use `float` by itself. Doing this will not modify any behavior and is safe. If you specifically wanted the numpy scalar type, use `np.float64` here.
Deprecated in NumPy 1.20; for more details and guidance: https://numpy.org/devdocs/release/1.20.0-notes.html#deprecations
  eps=4 * np.finfo(np.float).eps, n_jobs=None,
-----TRAINING PARAMETERS-----
Model version: QA
Labels: strict
Setting: matched
Test scenario: None
Auxilary tasks: ['TOPICS']
Auxilary task probing: True
PyTorch device: cuda
Max epochs: 5
Patience: 3
Learning rates: [5e-05, 2e-05]
Batch size: 8
Results directory: ./mtl_results
Progress bar: False
-----------------------------
Loading datasets..
Pre-loading annotations for most important word in answer
[nltk_data] Downloading package wordnet to /home/lcur0659/nltk_data...
Pre-loading annotations for topics in answer
[nltk_data]   Package wordnet is already up-to-date!
After removing empty topics, we have 12068; 4039; and 4000 samples for (respectively) train, dev, test sets for topic aux task
Datasets loaded
Loading model..
Model loaded
Starting training..
Epoch 0:
Dev results:
{'Circa': {'loss': 1.8003, 'accuracy': 0.1481}, 'TOPICS': {'loss': 2.9366, 'accuracy': 0.0952}, 'time': {'elapsed_time': '0:02:04.670940'}}
Epoch 1:
Train results:
{'Circa': {'loss': 0.7584, 'accuracy': 0.7389}, 'TOPICS': {'loss': 1.3125, 'accuracy': 0.6335}, 'time': {'elapsed_time': '0:19:08.046242'}}
Dev results:
{'TOPICS': {'loss': 0.699, 'accuracy': 0.8095}, 'Circa': {'loss': 0.6568, 'accuracy': 0.7857}, 'time': {'elapsed_time': '0:02:08.693973'}}
Saving new best model..
New best model saved
---
Epoch 2:
Train results:
{'TOPICS': {'loss': 0.5285, 'accuracy': 0.8591}, 'Circa': {'loss': 0.5287, 'accuracy': 0.8198}, 'time': {'elapsed_time': '0:17:44.032907'}}
Dev results:
{'TOPICS': {'loss': 0.5579, 'accuracy': 0.8584}, 'Circa': {'loss': 0.633, 'accuracy': 0.7954}, 'time': {'elapsed_time': '0:02:08.134988'}}
Saving new best model..
New best model saved
---
Epoch 3:
Train results:
{'TOPICS': {'loss': 0.2962, 'accuracy': 0.9209}, 'Circa': {'loss': 0.3982, 'accuracy': 0.8683}, 'time': {'elapsed_time': '0:17:45.269625'}}
Dev results:
{'Circa': {'loss': 0.6439, 'accuracy': 0.8097}, 'TOPICS': {'loss': 0.5533, 'accuracy': 0.865}, 'time': {'elapsed_time': '0:01:58.517572'}}
Saving new best model..
New best model saved
---
Epoch 4:
Train results:
{'TOPICS': {'loss': 0.1775, 'accuracy': 0.9531}, 'Circa': {'loss': 0.2996, 'accuracy': 0.9032}, 'time': {'elapsed_time': '0:18:45.180259'}}
Dev results:
{'Circa': {'loss': 0.7211, 'accuracy': 0.7823}, 'TOPICS': {'loss': 0.605, 'accuracy': 0.8683}, 'time': {'elapsed_time': '0:02:09.323303'}}
---
Epoch 5:
Train results:
{'Circa': {'loss': 0.2352, 'accuracy': 0.9212}, 'TOPICS': {'loss': 0.1339, 'accuracy': 0.9644}, 'time': {'elapsed_time': '0:17:42.125870'}}
Dev results:
{'TOPICS': {'loss': 0.6163, 'accuracy': 0.8722}, 'Circa': {'loss': 0.6968, 'accuracy': 0.7998}, 'time': {'elapsed_time': '0:01:58.623589'}}
---
Training finished
Loading best model..
Best model loaded
Starting testing..
Test results:
{'Circa': {'loss': 0.6565, 'accuracy': 0.8038}, 'TOPICS': {'loss': 0.5742, 'accuracy': 0.8596}, 'time': {'elapsed_time': '0:01:58.239728'}}
Testing finished
Saving results..
Results saved
