-----TRAINING PARAMETERS-----
Model version: QA
Labels: strict
Setting: matched
Test scenario: None
Auxilary tasks: ['TOPICS']
Auxilary task probing: True
PyTorch device: cuda
Max epochs: 5
Patience: 3
Learning rates: [5e-05, 2e-05]
Batch size: 8
Results directory: ./mtl_results
Progress bar: False
-----------------------------
Loading datasets..
Pre-loading annotations for most important word in answer
[nltk_data] Downloading package wordnet to /home/lcur0659/nltk_data...
Pre-loading annotations for topics in answer
[nltk_data]   Package wordnet is already up-to-date!
After removing empty topics, we have 12068; 4020; and 4019 samples for (respectively) train, dev, test sets for topic aux task
Datasets loaded
Loading model..
Model loaded
Starting training..
Epoch 0:
Dev results:
{'Circa': {'loss': 1.7994, 'accuracy': 0.1553}, 'TOPICS': {'loss': 5.4509, 'accuracy': 0.0005}, 'time': {'elapsed_time': '0:01:56.485068'}}
Epoch 1:
Train results:
{'Circa': {'loss': 0.7652, 'accuracy': 0.7367}, 'TOPICS': {'loss': 3.4503, 'accuracy': 0.3722}, 'time': {'elapsed_time': '0:18:34.953636'}}
Dev results:
{'TOPICS': {'loss': 2.0878, 'accuracy': 0.6119}, 'Circa': {'loss': 0.6522, 'accuracy': 0.7702}, 'time': {'elapsed_time': '0:02:06.154771'}}
Saving new best model..
New best model saved
---
Epoch 2:
Train results:
{'Circa': {'loss': 0.5198, 'accuracy': 0.8277}, 'TOPICS': {'loss': 1.5688, 'accuracy': 0.725}, 'time': {'elapsed_time': '0:18:34.307276'}}
Dev results:
{'Circa': {'loss': 0.6147, 'accuracy': 0.8065}, 'TOPICS': {'loss': 1.339, 'accuracy': 0.7752}, 'time': {'elapsed_time': '0:02:06.107457'}}
Saving new best model..
New best model saved
---
Epoch 3:
Train results:
{'TOPICS': {'loss': 0.902, 'accuracy': 0.8429}, 'Circa': {'loss': 0.3761, 'accuracy': 0.8755}, 'time': {'elapsed_time': '0:18:34.148366'}}
Dev results:
{'TOPICS': {'loss': 1.1234, 'accuracy': 0.8105}, 'Circa': {'loss': 0.6195, 'accuracy': 0.8063}, 'time': {'elapsed_time': '0:02:06.135378'}}
---
Epoch 4:
Train results:
{'Circa': {'loss': 0.285, 'accuracy': 0.9065}, 'TOPICS': {'loss': 0.5488, 'accuracy': 0.9051}, 'time': {'elapsed_time': '0:18:37.350036'}}
Dev results:
{'Circa': {'loss': 0.6388, 'accuracy': 0.8036}, 'TOPICS': {'loss': 1.094, 'accuracy': 0.8138}, 'time': {'elapsed_time': '0:02:06.099419'}}
---
Epoch 5:
Train results:
{'TOPICS': {'loss': 0.3709, 'accuracy': 0.9344}, 'Circa': {'loss': 0.2233, 'accuracy': 0.9246}, 'time': {'elapsed_time': '0:18:35.979824'}}
Dev results:
{'Circa': {'loss': 0.7145, 'accuracy': 0.8051}, 'TOPICS': {'loss': 0.9879, 'accuracy': 0.8333}, 'time': {'elapsed_time': '0:02:06.657026'}}
---
Training finished
Loading best model..
Best model loaded
Starting testing..
Test results:
{'Circa': {'loss': 0.647, 'accuracy': 0.8065}, 'TOPICS': {'loss': 1.2082, 'accuracy': 0.7845}, 'time': {'elapsed_time': '0:02:06.336355'}}
Testing finished
Saving results..
Results saved
