-----TRAINING PARAMETERS-----
Model version: QA
Labels: relaxed
Setting: matched
Test scenario: None
Auxilary tasks: ['MNLI']
Auxilary task probing: False
PyTorch device: cuda
Max epochs: 5
Patience: 3
Learning rates: [5e-05, 2e-05]
Batch size: 8
Results directory: ./mtl_results
Progress bar: False
-----------------------------
Loading model..
Model loaded
Loading datasets..
Datasets loaded
Starting training..
Epoch 0:
Dev results:
{'Circa': {'loss': 1.4464, 'accuracy': 0.0797}, 'MNLI': {'loss': 1.1372, 'accuracy': 0.3176}, 'time': {'elapsed_time': '0:02:04.038903'}}
Epoch 1:
Train results:
{'MNLI': {'loss': 0.5529, 'accuracy': 0.7765}, 'Circa': {'loss': 0.452, 'accuracy': 0.832}, 'time': {'elapsed_time': '3:57:08.429787'}}
Dev results:
{'MNLI': {'loss': 0.4742, 'accuracy': 0.8191}, 'Circa': {'loss': 0.3476, 'accuracy': 0.8817}, 'time': {'elapsed_time': '0:02:04.189387'}}
Saving new best model..
New best model saved
---
Epoch 2:
Train results:
{'MNLI': {'loss': 0.4018, 'accuracy': 0.8466}, 'Circa': {'loss': 0.2538, 'accuracy': 0.9151}, 'time': {'elapsed_time': '3:59:09.670425'}}
Dev results:
{'MNLI': {'loss': 0.492, 'accuracy': 0.8106}, 'Circa': {'loss': 0.3424, 'accuracy': 0.8969}, 'time': {'elapsed_time': '0:02:04.268957'}}
Saving new best model..
New best model saved
---
Epoch 3:
Train results:
{'MNLI': {'loss': 0.312, 'accuracy': 0.883}, 'Circa': {'loss': 0.1552, 'accuracy': 0.9507}, 'time': {'elapsed_time': '3:57:05.905083'}}
Dev results:
{'Circa': {'loss': 0.3835, 'accuracy': 0.8917}, 'MNLI': {'loss': 0.4703, 'accuracy': 0.8232}, 'time': {'elapsed_time': '0:02:04.372642'}}
---
Epoch 4:
Train results:
{'MNLI': {'loss': 0.2457, 'accuracy': 0.9099}, 'Circa': {'loss': 0.1159, 'accuracy': 0.9635}, 'time': {'elapsed_time': '3:56:27.925537'}}
Dev results:
{'Circa': {'loss': 0.3932, 'accuracy': 0.8892}, 'MNLI': {'loss': 0.5778, 'accuracy': 0.8055}, 'time': {'elapsed_time': '0:02:04.217771'}}
---
Epoch 5:
Train results:
{'MNLI': {'loss': 0.1996, 'accuracy': 0.9278}, 'Circa': {'loss': 0.0894, 'accuracy': 0.9717}, 'time': {'elapsed_time': '3:56:21.997522'}}
Dev results:
{'Circa': {'loss': 0.4199, 'accuracy': 0.8909}, 'MNLI': {'loss': 0.5973, 'accuracy': 0.8144}, 'time': {'elapsed_time': '0:02:04.514794'}}
---
Training finished
Loading best model..
Best model loaded
Starting testing..
Test results:
{'MNLI': {'loss': 0.4551, 'accuracy': 0.8288}, 'Circa': {'loss': 0.3754, 'accuracy': 0.8918}, 'time': {'elapsed_time': '0:02:04.850255'}}
Testing finished
Saving results..
Results saved
