-----TRAINING PARAMETERS-----
Model version: QA
Labels: strict
Setting: matched
Test scenario: None
Auxilary tasks: ['TOPICS']
Auxilary task probing: False
PyTorch device: cuda
Max epochs: 5
Patience: 3
Learning rates: [5e-05, 2e-05]
Batch size: 8
Results directory: ./mtl_results
Progress bar: False
-----------------------------
Loading datasets..
Pre-loading annotations for most important word in answer
[nltk_data] Downloading package wordnet to /home/lcur0659/nltk_data...
[nltk_data]   Unzipping corpora/wordnet.zip.
Pre-loading annotations for topics in answer
After removing empty topics, we have 12068; 4026; and 4013 samples for (respectively) train, dev, test sets for topic aux task
Datasets loaded
Loading model..
Model loaded
Starting training..
Epoch 0:
Dev results:
{'TOPICS': {'loss': 4.2336, 'accuracy': 0.0164}, 'Circa': {'loss': 1.7963, 'accuracy': 0.153}, 'time': {'elapsed_time': '0:01:54.003135'}}
Epoch 1:
Train results:
{'Circa': {'loss': 0.7624, 'accuracy': 0.7353}, 'TOPICS': {'loss': 2.6056, 'accuracy': 0.3857}, 'time': {'elapsed_time': '0:17:45.009261'}}
Dev results:
{'Circa': {'loss': 0.6706, 'accuracy': 0.7702}, 'TOPICS': {'loss': 1.5524, 'accuracy': 0.6512}, 'time': {'elapsed_time': '0:01:57.762165'}}
Saving new best model..
New best model saved
---
Epoch 2:
Train results:
{'Circa': {'loss': 0.5228, 'accuracy': 0.8241}, 'TOPICS': {'loss': 1.2294, 'accuracy': 0.7371}, 'time': {'elapsed_time': '0:17:42.870400'}}
Dev results:
{'TOPICS': {'loss': 1.0772, 'accuracy': 0.766}, 'Circa': {'loss': 0.5946, 'accuracy': 0.7967}, 'time': {'elapsed_time': '0:01:57.813952'}}
Saving new best model..
New best model saved
---
Epoch 3:
Train results:
{'TOPICS': {'loss': 0.7502, 'accuracy': 0.8399}, 'Circa': {'loss': 0.3707, 'accuracy': 0.8777}, 'time': {'elapsed_time': '0:17:46.567115'}}
Dev results:
{'Circa': {'loss': 0.6709, 'accuracy': 0.7936}, 'TOPICS': {'loss': 0.8918, 'accuracy': 0.8116}, 'time': {'elapsed_time': '0:01:57.796839'}}
---
Epoch 4:
Train results:
{'Circa': {'loss': 0.277, 'accuracy': 0.9078}, 'TOPICS': {'loss': 0.5315, 'accuracy': 0.8828}, 'time': {'elapsed_time': '0:17:41.592967'}}
Dev results:
{'TOPICS': {'loss': 0.8517, 'accuracy': 0.8203}, 'Circa': {'loss': 0.7983, 'accuracy': 0.8025}, 'time': {'elapsed_time': '0:01:57.780687'}}
Saving new best model..
New best model saved
---
Epoch 5:
Train results:
{'TOPICS': {'loss': 0.3917, 'accuracy': 0.9156}, 'Circa': {'loss': 0.2063, 'accuracy': 0.9317}, 'time': {'elapsed_time': '0:17:41.023923'}}
Dev results:
{'Circa': {'loss': 0.816, 'accuracy': 0.7904}, 'TOPICS': {'loss': 0.8546, 'accuracy': 0.8271}, 'time': {'elapsed_time': '0:01:58.280452'}}
---
Training finished
Loading best model..
Best model loaded
Starting testing..
Test results:
{'TOPICS': {'loss': 0.9029, 'accuracy': 0.8175}, 'Circa': {'loss': 0.777, 'accuracy': 0.8121}, 'time': {'elapsed_time': '0:01:57.785065'}}
Testing finished
Saving results..
Results saved
