-----TRAINING PARAMETERS-----
Model version: QA
Labels: strict
Setting: matched
Test scenario: None
Auxilary tasks: ['TOPICS']
Auxilary task probing: False
PyTorch device: cuda
Max epochs: 5
Patience: 3
Learning rates: [5e-05, 2e-05]
Batch size: 8
Results directory: ./mtl_results
Progress bar: False
-----------------------------
Loading datasets..
Pre-loading annotations for most important word in answer
[nltk_data] Downloading package wordnet to /home/lcur0362/nltk_data...
[nltk_data]   Unzipping corpora/wordnet.zip.
Pre-loading annotations for topics in answer
After removing empty topics, we have 12068; 4024; and 4015 samples for (respectively) train, dev, test sets for topic aux task
Datasets loaded
Loading model..
Model loaded
Starting training..
Epoch 0:
Dev results:
{'Circa': {'loss': 1.7972, 'accuracy': 0.1507}, 'TOPICS': {'loss': 3.3106, 'accuracy': 0.0188}, 'time': {'elapsed_time': '0:02:04.242080'}}
Epoch 1:
Train results:
{'Circa': {'loss': 0.7599, 'accuracy': 0.7357}, 'TOPICS': {'loss': 1.7571, 'accuracy': 0.5058}, 'time': {'elapsed_time': '0:18:58.390834'}}
Dev results:
{'TOPICS': {'loss': 1.0624, 'accuracy': 0.7195}, 'Circa': {'loss': 0.6332, 'accuracy': 0.7894}, 'time': {'elapsed_time': '0:02:01.293793'}}
Saving new best model..
New best model saved
---
Epoch 2:
Train results:
{'TOPICS': {'loss': 0.8295, 'accuracy': 0.7874}, 'Circa': {'loss': 0.5329, 'accuracy': 0.8253}, 'time': {'elapsed_time': '0:18:10.918743'}}
Dev results:
{'Circa': {'loss': 0.6177, 'accuracy': 0.8069}, 'TOPICS': {'loss': 0.768, 'accuracy': 0.8076}, 'time': {'elapsed_time': '0:02:01.270535'}}
Saving new best model..
New best model saved
---
Epoch 3:
Train results:
{'TOPICS': {'loss': 0.5134, 'accuracy': 0.8714}, 'Circa': {'loss': 0.3806, 'accuracy': 0.8757}, 'time': {'elapsed_time': '0:18:12.862797'}}
Dev results:
{'TOPICS': {'loss': 0.6837, 'accuracy': 0.8348}, 'Circa': {'loss': 0.6637, 'accuracy': 0.8079}, 'time': {'elapsed_time': '0:02:01.101015'}}
Saving new best model..
New best model saved
---
Epoch 4:
Train results:
{'TOPICS': {'loss': 0.3683, 'accuracy': 0.9069}, 'Circa': {'loss': 0.2826, 'accuracy': 0.9062}, 'time': {'elapsed_time': '0:18:07.868762'}}
Dev results:
{'Circa': {'loss': 0.753, 'accuracy': 0.8011}, 'TOPICS': {'loss': 0.6432, 'accuracy': 0.8467}, 'time': {'elapsed_time': '0:02:01.267467'}}
---
Epoch 5:
Train results:
{'TOPICS': {'loss': 0.2443, 'accuracy': 0.9387}, 'Circa': {'loss': 0.209, 'accuracy': 0.9282}, 'time': {'elapsed_time': '0:18:15.693885'}}
Dev results:
{'Circa': {'loss': 0.7256, 'accuracy': 0.8142}, 'TOPICS': {'loss': 0.6764, 'accuracy': 0.8552}, 'time': {'elapsed_time': '0:02:01.767163'}}
Saving new best model..
New best model saved
---
Training finished
Loading best model..
Best model loaded
Starting testing..
Test results:
{'Circa': {'loss': 0.7585, 'accuracy': 0.8014}, 'TOPICS': {'loss': 0.6755, 'accuracy': 0.8567}, 'time': {'elapsed_time': '0:02:00.606706'}}
Testing finished
Saving results..
Results saved
