-----TRAINING PARAMETERS-----
Model version: QA
Labels: strict
Setting: matched
Test scenario: None
Auxilary tasks: ['TOPICS']
Auxilary task probing: False
PyTorch device: cuda
Max epochs: 5
Patience: 3
Learning rates: [5e-05, 2e-05]
Batch size: 8
Results directory: ./mtl_results
Progress bar: False
-----------------------------
Loading datasets..
Pre-loading annotations for most important word in answer
[nltk_data] Downloading package wordnet to /home/lcur0362/nltk_data...
[nltk_data]   Package wordnet is already up-to-date!
Pre-loading annotations for topics in answer
After removing empty topics, we have 12068; 4035; and 4004 samples for (respectively) train, dev, test sets for topic aux task
Datasets loaded
Loading model..
Model loaded
Starting training..
Epoch 0:
Dev results:
{'Circa': {'loss': 1.7988, 'accuracy': 0.1523}, 'TOPICS': {'loss': 4.487, 'accuracy': 0.0055}, 'time': {'elapsed_time': '0:01:57.022268'}}
Epoch 1:
Train results:
{'TOPICS': {'loss': 3.278, 'accuracy': 0.2821}, 'Circa': {'loss': 0.7535, 'accuracy': 0.7393}, 'time': {'elapsed_time': '0:19:19.133225'}}
Dev results:
{'Circa': {'loss': 0.6602, 'accuracy': 0.781}, 'TOPICS': {'loss': 2.1426, 'accuracy': 0.5733}, 'time': {'elapsed_time': '0:02:10.068565'}}
Saving new best model..
New best model saved
---
Epoch 2:
Train results:
{'Circa': {'loss': 0.512, 'accuracy': 0.8262}, 'TOPICS': {'loss': 1.6451, 'accuracy': 0.6732}, 'time': {'elapsed_time': '0:18:34.726621'}}
Dev results:
{'TOPICS': {'loss': 1.3706, 'accuracy': 0.7336}, 'Circa': {'loss': 0.6705, 'accuracy': 0.8018}, 'time': {'elapsed_time': '0:02:01.566316'}}
Saving new best model..
New best model saved
---
Epoch 3:
Train results:
{'TOPICS': {'loss': 1.0239, 'accuracy': 0.7971}, 'Circa': {'loss': 0.3719, 'accuracy': 0.8743}, 'time': {'elapsed_time': '0:18:17.970253'}}
Dev results:
{'Circa': {'loss': 0.6735, 'accuracy': 0.7974}, 'TOPICS': {'loss': 1.1534, 'accuracy': 0.7742}, 'time': {'elapsed_time': '0:02:01.538155'}}
---
Epoch 4:
Train results:
{'TOPICS': {'loss': 0.6787, 'accuracy': 0.8688}, 'Circa': {'loss': 0.2704, 'accuracy': 0.9109}, 'time': {'elapsed_time': '0:18:17.497008'}}
Dev results:
{'Circa': {'loss': 0.7265, 'accuracy': 0.7964}, 'TOPICS': {'loss': 1.0501, 'accuracy': 0.8007}, 'time': {'elapsed_time': '0:02:01.625102'}}
---
Epoch 5:
Train results:
{'TOPICS': {'loss': 0.4964, 'accuracy': 0.9001}, 'Circa': {'loss': 0.1995, 'accuracy': 0.9339}, 'time': {'elapsed_time': '0:18:15.974197'}}
Dev results:
{'Circa': {'loss': 0.8608, 'accuracy': 0.7908}, 'TOPICS': {'loss': 0.9741, 'accuracy': 0.8131}, 'time': {'elapsed_time': '0:02:01.586000'}}
---
Training finished
Loading best model..
Best model loaded
Starting testing..
Test results:
{'TOPICS': {'loss': 1.2199, 'accuracy': 0.7532}, 'Circa': {'loss': 0.6514, 'accuracy': 0.8069}, 'time': {'elapsed_time': '0:02:01.224343'}}
Testing finished
Saving results..
Results saved
