-----TRAINING PARAMETERS-----
Model version: QA
Labels: strict
Setting: matched
Test scenario: None
Auxilary tasks: ['TOPICS']
Auxilary task probing: False
PyTorch device: cuda
Max epochs: 5
Patience: 3
Learning rates: [5e-05, 2e-05]
Batch size: 8
Results directory: ./mtl_results
Progress bar: False
-----------------------------
Loading datasets..
Pre-loading annotations for most important word in answer
[nltk_data] Downloading package wordnet to /home/lcur0362/nltk_data...
Pre-loading annotations for topics in answer
[nltk_data]   Package wordnet is already up-to-date!
After removing empty topics, we have 12068; 3982; and 4057 samples for (respectively) train, dev, test sets for topic aux task
Datasets loaded
Loading model..
Model loaded
Starting training..
Epoch 0:
Dev results:
{'Circa': {'loss': 1.7992, 'accuracy': 0.1449}, 'TOPICS': {'loss': 2.5924, 'accuracy': 0.0164}, 'time': {'elapsed_time': '0:01:56.331949'}}
Epoch 1:
Train results:
{'Circa': {'loss': 0.7692, 'accuracy': 0.731}, 'TOPICS': {'loss': 1.3363, 'accuracy': 0.5719}, 'time': {'elapsed_time': '0:17:51.900284'}}
Dev results:
{'Circa': {'loss': 0.6596, 'accuracy': 0.7751}, 'TOPICS': {'loss': 0.744, 'accuracy': 0.7866}, 'time': {'elapsed_time': '0:01:58.145645'}}
Saving new best model..
New best model saved
---
Epoch 2:
Train results:
{'Circa': {'loss': 0.5254, 'accuracy': 0.8221}, 'TOPICS': {'loss': 0.5979, 'accuracy': 0.8273}, 'time': {'elapsed_time': '0:17:50.641705'}}
Dev results:
{'TOPICS': {'loss': 0.5964, 'accuracy': 0.8329}, 'Circa': {'loss': 0.6518, 'accuracy': 0.7881}, 'time': {'elapsed_time': '0:01:58.218596'}}
Saving new best model..
New best model saved
---
Epoch 3:
Train results:
{'Circa': {'loss': 0.3707, 'accuracy': 0.8744}, 'TOPICS': {'loss': 0.3881, 'accuracy': 0.8881}, 'time': {'elapsed_time': '0:17:46.687273'}}
Dev results:
{'TOPICS': {'loss': 0.5608, 'accuracy': 0.8567}, 'Circa': {'loss': 0.6764, 'accuracy': 0.7943}, 'time': {'elapsed_time': '0:01:58.227132'}}
Saving new best model..
New best model saved
---
Epoch 4:
Train results:
{'TOPICS': {'loss': 0.257, 'accuracy': 0.927}, 'Circa': {'loss': 0.2653, 'accuracy': 0.9121}, 'time': {'elapsed_time': '0:17:48.875482'}}
Dev results:
{'TOPICS': {'loss': 0.6372, 'accuracy': 0.853}, 'Circa': {'loss': 0.8323, 'accuracy': 0.7999}, 'time': {'elapsed_time': '0:01:58.287495'}}
Saving new best model..
New best model saved
---
Epoch 5:
Train results:
{'TOPICS': {'loss': 0.192, 'accuracy': 0.9453}, 'Circa': {'loss': 0.1982, 'accuracy': 0.9337}, 'time': {'elapsed_time': '0:17:49.169624'}}
Dev results:
{'Circa': {'loss': 0.8297, 'accuracy': 0.7943}, 'TOPICS': {'loss': 0.5988, 'accuracy': 0.8655}, 'time': {'elapsed_time': '0:01:58.272706'}}
---
Training finished
Loading best model..
Best model loaded
Starting testing..
Test results:
{'Circa': {'loss': 0.7906, 'accuracy': 0.8055}, 'TOPICS': {'loss': 0.6373, 'accuracy': 0.8471}, 'time': {'elapsed_time': '0:01:59.264725'}}
Testing finished
Saving results..
Results saved
