-----TRAINING PARAMETERS-----
Model version: QA
Labels: strict
Setting: matched
Test scenario: None
Auxilary tasks: ['TOPICS']
Auxilary task probing: False
PyTorch device: cuda
Max epochs: 5
Patience: 3
Learning rates: [5e-05, 2e-05]
Batch size: 8
Results directory: ./mtl_results
Progress bar: False
-----------------------------
Loading datasets..
Pre-loading annotations for most important word in answer
[nltk_data] Downloading package wordnet to /home/lcur0659/nltk_data...
[nltk_data]   Package wordnet is already up-to-date!
Pre-loading annotations for topics in answer
After removing empty topics, we have 12068; 4006; and 4033 samples for (respectively) train, dev, test sets for topic aux task
Datasets loaded
Loading model..
Model loaded
Starting training..
Epoch 0:
Dev results:
{'TOPICS': {'loss': 5.1267, 'accuracy': 0.001}, 'Circa': {'loss': 1.8017, 'accuracy': 0.148}, 'time': {'elapsed_time': '0:02:04.237267'}}
Epoch 1:
Train results:
{'TOPICS': {'loss': 3.8634, 'accuracy': 0.2204}, 'Circa': {'loss': 0.772, 'accuracy': 0.7329}, 'time': {'elapsed_time': '0:19:30.417041'}}
Dev results:
{'TOPICS': {'loss': 2.5938, 'accuracy': 0.4948}, 'Circa': {'loss': 0.6849, 'accuracy': 0.7725}, 'time': {'elapsed_time': '0:02:08.401456'}}
Saving new best model..
New best model saved
---
Epoch 2:
Train results:
{'TOPICS': {'loss': 1.9898, 'accuracy': 0.6356}, 'Circa': {'loss': 0.5404, 'accuracy': 0.8209}, 'time': {'elapsed_time': '0:19:31.826600'}}
Dev results:
{'TOPICS': {'loss': 1.564, 'accuracy': 0.7131}, 'Circa': {'loss': 0.6293, 'accuracy': 0.7918}, 'time': {'elapsed_time': '0:02:08.463588'}}
Saving new best model..
New best model saved
---
Epoch 3:
Train results:
{'Circa': {'loss': 0.3921, 'accuracy': 0.8677}, 'TOPICS': {'loss': 1.2414, 'accuracy': 0.7752}, 'time': {'elapsed_time': '0:19:35.648587'}}
Dev results:
{'Circa': {'loss': 0.6797, 'accuracy': 0.7978}, 'TOPICS': {'loss': 1.2749, 'accuracy': 0.775}, 'time': {'elapsed_time': '0:02:08.495285'}}
Saving new best model..
New best model saved
---
Epoch 4:
Train results:
{'TOPICS': {'loss': 0.8454, 'accuracy': 0.8488}, 'Circa': {'loss': 0.2841, 'accuracy': 0.9061}, 'time': {'elapsed_time': '0:18:33.138602'}}
Dev results:
{'Circa': {'loss': 0.7336, 'accuracy': 0.8}, 'TOPICS': {'loss': 1.0803, 'accuracy': 0.8011}, 'time': {'elapsed_time': '0:02:00.513080'}}
Saving new best model..
New best model saved
---
Epoch 5:
Train results:
{'Circa': {'loss': 0.2071, 'accuracy': 0.9318}, 'TOPICS': {'loss': 0.6232, 'accuracy': 0.884}, 'time': {'elapsed_time': '0:18:18.223552'}}
Dev results:
{'Circa': {'loss': 0.7794, 'accuracy': 0.7895}, 'TOPICS': {'loss': 1.0095, 'accuracy': 0.8214}, 'time': {'elapsed_time': '0:02:00.523429'}}
---
Training finished
Loading best model..
Best model loaded
Starting testing..
Test results:
{'Circa': {'loss': 0.6981, 'accuracy': 0.8054}, 'TOPICS': {'loss': 1.1752, 'accuracy': 0.7862}, 'time': {'elapsed_time': '0:02:00.950161'}}
Testing finished
Saving results..
Results saved
