-----TRAINING PARAMETERS-----
Model version: QA
Labels: strict
Setting: matched
Test scenario: None
Auxilary tasks: ['TOPICS']
Auxilary task probing: False
PyTorch device: cuda
Max epochs: 5
Patience: 3
Learning rates: [5e-05, 2e-05]
Batch size: 8
Results directory: ./mtl_results
Progress bar: False
-----------------------------
Loading datasets..
Pre-loading annotations for most important word in answer
[nltk_data] Downloading package wordnet to /home/lcur0659/nltk_data...
Pre-loading annotations for topics in answer
[nltk_data]   Package wordnet is already up-to-date!
After removing empty topics, we have 12068; 4058; and 3981 samples for (respectively) train, dev, test sets for topic aux task
Datasets loaded
Loading model..
Model loaded
Starting training..
Epoch 0:
Dev results:
{'Circa': {'loss': 1.8005, 'accuracy': 0.1523}, 'TOPICS': {'loss': 5.7192, 'accuracy': 0.0002}, 'time': {'elapsed_time': '0:01:57.062000'}}
Epoch 1:
Train results:
{'TOPICS': {'loss': 4.5663, 'accuracy': 0.1609}, 'Circa': {'loss': 0.776, 'accuracy': 0.729}, 'time': {'elapsed_time': '0:18:18.746766'}}
Dev results:
{'TOPICS': {'loss': 3.4445, 'accuracy': 0.3866}, 'Circa': {'loss': 0.7078, 'accuracy': 0.7558}, 'time': {'elapsed_time': '0:02:02.086102'}}
Saving new best model..
New best model saved
---
Epoch 2:
Train results:
{'Circa': {'loss': 0.5358, 'accuracy': 0.8208}, 'TOPICS': {'loss': 2.7706, 'accuracy': 0.5226}, 'time': {'elapsed_time': '0:18:19.357000'}}
Dev results:
{'TOPICS': {'loss': 2.2689, 'accuracy': 0.6129}, 'Circa': {'loss': 0.5774, 'accuracy': 0.8109}, 'time': {'elapsed_time': '0:02:02.078747'}}
Saving new best model..
New best model saved
---
Epoch 3:
Train results:
{'TOPICS': {'loss': 1.7894, 'accuracy': 0.6931}, 'Circa': {'loss': 0.3901, 'accuracy': 0.8716}, 'time': {'elapsed_time': '0:18:20.112678'}}
Dev results:
{'TOPICS': {'loss': 1.7328, 'accuracy': 0.7038}, 'Circa': {'loss': 0.6398, 'accuracy': 0.8019}, 'time': {'elapsed_time': '0:02:01.870179'}}
---
Epoch 4:
Train results:
{'Circa': {'loss': 0.286, 'accuracy': 0.9052}, 'TOPICS': {'loss': 1.2818, 'accuracy': 0.7789}, 'time': {'elapsed_time': '0:18:18.181950'}}
Dev results:
{'Circa': {'loss': 0.7026, 'accuracy': 0.8015}, 'TOPICS': {'loss': 1.4756, 'accuracy': 0.7436}, 'time': {'elapsed_time': '0:02:01.847975'}}
---
Epoch 5:
Train results:
{'TOPICS': {'loss': 0.9368, 'accuracy': 0.8441}, 'Circa': {'loss': 0.2196, 'accuracy': 0.9271}, 'time': {'elapsed_time': '0:18:13.558684'}}
Dev results:
{'Circa': {'loss': 0.742, 'accuracy': 0.8067}, 'TOPICS': {'loss': 1.2397, 'accuracy': 0.7868}, 'time': {'elapsed_time': '0:02:01.878443'}}
---
Training finished
Loading best model..
Best model loaded
Starting testing..
Test results:
{'Circa': {'loss': 0.5946, 'accuracy': 0.7977}, 'TOPICS': {'loss': 1.8163, 'accuracy': 0.6729}, 'time': {'elapsed_time': '0:02:01.025815'}}
Testing finished
Saving results..
Results saved
