-----TRAINING PARAMETERS-----
Model version: QA
Labels: strict
Setting: matched
Test scenario: None
Auxilary tasks: ['TOPICS']
Auxilary task probing: False
PyTorch device: cuda
Max epochs: 5
Patience: 3
Learning rates: [5e-05, 2e-05]
Batch size: 8
Results directory: ./mtl_results
Progress bar: False
-----------------------------
Loading datasets..
Pre-loading annotations for most important word in answer
[nltk_data] Downloading package wordnet to /home/lcur0362/nltk_data...
Pre-loading annotations for topics in answer
[nltk_data]   Package wordnet is already up-to-date!
After removing empty topics, we have 12068; 4035; and 4004 samples for (respectively) train, dev, test sets for topic aux task
Datasets loaded
Loading model..
Model loaded
Starting training..
Epoch 0:
Dev results:
{'Circa': {'loss': 1.8002, 'accuracy': 0.1518}, 'TOPICS': {'loss': 2.9823, 'accuracy': 0.1098}, 'time': {'elapsed_time': '0:01:57.068020'}}
Epoch 1:
Train results:
{'Circa': {'loss': 0.7458, 'accuracy': 0.7443}, 'TOPICS': {'loss': 1.5822, 'accuracy': 0.5525}, 'time': {'elapsed_time': '0:18:25.568678'}}
Dev results:
{'Circa': {'loss': 0.6699, 'accuracy': 0.7663}, 'TOPICS': {'loss': 0.9674, 'accuracy': 0.7465}, 'time': {'elapsed_time': '0:02:01.775119'}}
Saving new best model..
New best model saved
---
Epoch 2:
Train results:
{'Circa': {'loss': 0.5233, 'accuracy': 0.8256}, 'TOPICS': {'loss': 0.8011, 'accuracy': 0.7885}, 'time': {'elapsed_time': '0:18:22.835417'}}
Dev results:
{'TOPICS': {'loss': 0.7348, 'accuracy': 0.8091}, 'Circa': {'loss': 0.6058, 'accuracy': 0.8058}, 'time': {'elapsed_time': '0:02:01.667881'}}
Saving new best model..
New best model saved
---
Epoch 3:
Train results:
{'TOPICS': {'loss': 0.4911, 'accuracy': 0.8712}, 'Circa': {'loss': 0.3734, 'accuracy': 0.879}, 'time': {'elapsed_time': '0:18:17.282626'}}
Dev results:
{'Circa': {'loss': 0.6737, 'accuracy': 0.8016}, 'TOPICS': {'loss': 0.6557, 'accuracy': 0.8436}, 'time': {'elapsed_time': '0:02:01.764135'}}
---
Epoch 4:
Train results:
{'TOPICS': {'loss': 0.3341, 'accuracy': 0.9141}, 'Circa': {'loss': 0.2858, 'accuracy': 0.9039}, 'time': {'elapsed_time': '0:18:22.498625'}}
Dev results:
{'TOPICS': {'loss': 0.6773, 'accuracy': 0.8461}, 'Circa': {'loss': 0.6941, 'accuracy': 0.8025}, 'time': {'elapsed_time': '0:02:02.049808'}}
---
Epoch 5:
Train results:
{'TOPICS': {'loss': 0.2593, 'accuracy': 0.9311}, 'Circa': {'loss': 0.2166, 'accuracy': 0.9265}, 'time': {'elapsed_time': '0:18:25.535223'}}
Dev results:
{'TOPICS': {'loss': 0.6448, 'accuracy': 0.8604}, 'Circa': {'loss': 0.7176, 'accuracy': 0.7966}, 'time': {'elapsed_time': '0:02:02.152624'}}
---
Training finished
Loading best model..
Best model loaded
Starting testing..
Test results:
{'Circa': {'loss': 0.6118, 'accuracy': 0.8031}, 'TOPICS': {'loss': 0.714, 'accuracy': 0.8172}, 'time': {'elapsed_time': '0:02:01.781741'}}
Testing finished
Saving results..
Results saved
