-----TRAINING PARAMETERS-----
Model version: QA
Labels: strict
Setting: matched
Test scenario: None
Auxilary tasks: ['TOPICS']
Auxilary task probing: False
PyTorch device: cuda
Max epochs: 5
Patience: 3
Learning rates: [5e-05, 2e-05]
Batch size: 8
Results directory: ./mtl_results
Progress bar: False
-----------------------------
Loading datasets..
Pre-loading annotations for most important word in answer
[nltk_data] Downloading package wordnet to /home/lcur0362/nltk_data...
Pre-loading annotations for topics in answer
[nltk_data]   Package wordnet is already up-to-date!
After removing empty topics, we have 12068; 4031; and 4008 samples for (respectively) train, dev, test sets for topic aux task
Datasets loaded
Loading model..
Model loaded
Starting training..
Epoch 0:
Dev results:
{'Circa': {'loss': 1.8009, 'accuracy': 0.151}, 'TOPICS': {'loss': 5.4745, 'accuracy': 0.0092}, 'time': {'elapsed_time': '0:01:53.592908'}}
Epoch 1:
Train results:
{'Circa': {'loss': 0.7541, 'accuracy': 0.7368}, 'TOPICS': {'loss': 4.3496, 'accuracy': 0.1704}, 'time': {'elapsed_time': '0:17:51.603817'}}
Dev results:
{'TOPICS': {'loss': 3.1693, 'accuracy': 0.441}, 'Circa': {'loss': 0.6744, 'accuracy': 0.779}, 'time': {'elapsed_time': '0:01:58.924436'}}
Saving new best model..
New best model saved
---
Epoch 2:
Train results:
{'Circa': {'loss': 0.5191, 'accuracy': 0.8283}, 'TOPICS': {'loss': 2.5341, 'accuracy': 0.5578}, 'time': {'elapsed_time': '0:17:58.550984'}}
Dev results:
{'Circa': {'loss': 0.6279, 'accuracy': 0.7919}, 'TOPICS': {'loss': 2.0768, 'accuracy': 0.6436}, 'time': {'elapsed_time': '0:01:58.946083'}}
Saving new best model..
New best model saved
---
Epoch 3:
Train results:
{'TOPICS': {'loss': 1.6474, 'accuracy': 0.7092}, 'Circa': {'loss': 0.3756, 'accuracy': 0.8768}, 'time': {'elapsed_time': '0:18:01.984625'}}
Dev results:
{'Circa': {'loss': 0.7394, 'accuracy': 0.8084}, 'TOPICS': {'loss': 1.523, 'accuracy': 0.7247}, 'time': {'elapsed_time': '0:01:58.954522'}}
Saving new best model..
New best model saved
---
Epoch 4:
Train results:
{'Circa': {'loss': 0.275, 'accuracy': 0.9076}, 'TOPICS': {'loss': 1.1729, 'accuracy': 0.7928}, 'time': {'elapsed_time': '0:18:04.837828'}}
Dev results:
{'TOPICS': {'loss': 1.2997, 'accuracy': 0.7781}, 'Circa': {'loss': 0.7589, 'accuracy': 0.8027}, 'time': {'elapsed_time': '0:01:58.864614'}}
---
Epoch 5:
Train results:
{'Circa': {'loss': 0.2039, 'accuracy': 0.9299}, 'TOPICS': {'loss': 0.8472, 'accuracy': 0.8497}, 'time': {'elapsed_time': '0:17:59.035629'}}
Dev results:
{'Circa': {'loss': 0.8991, 'accuracy': 0.7947}, 'TOPICS': {'loss': 1.2089, 'accuracy': 0.7891}, 'time': {'elapsed_time': '0:01:59.518837'}}
---
Training finished
Loading best model..
Best model loaded
Starting testing..
Test results:
{'Circa': {'loss': 0.7465, 'accuracy': 0.8059}, 'TOPICS': {'loss': 1.4822, 'accuracy': 0.7339}, 'time': {'elapsed_time': '0:01:58.679312'}}
Testing finished
Saving results..
Results saved
