-----TRAINING PARAMETERS-----
Model version: QA
Labels: strict
Setting: matched
Test scenario: None
Auxilary tasks: ['TOPICS']
Auxilary task probing: False
PyTorch device: cuda
Max epochs: 5
Patience: 3
Learning rates: [5e-05, 2e-05]
Batch size: 8
Results directory: ./mtl_results
Progress bar: False
-----------------------------
Loading datasets..
Pre-loading annotations for most important word in answer
[nltk_data] Downloading package wordnet to /home/lcur0659/nltk_data...
Pre-loading annotations for topics in answer
[nltk_data]   Package wordnet is already up-to-date!
After removing empty topics, we have 12068; 4030; and 4009 samples for (respectively) train, dev, test sets for topic aux task
Datasets loaded
Loading model..
Model loaded
Starting training..
Epoch 0:
Dev results:
{'TOPICS': {'loss': 2.8854, 'accuracy': 0.001}, 'Circa': {'loss': 1.7965, 'accuracy': 0.1556}, 'time': {'elapsed_time': '0:01:54.103319'}}
Epoch 1:
Train results:
{'Circa': {'loss': 0.7529, 'accuracy': 0.7395}, 'TOPICS': {'loss': 1.5714, 'accuracy': 0.5171}, 'time': {'elapsed_time': '0:18:22.725119'}}
Dev results:
{'Circa': {'loss': 0.6593, 'accuracy': 0.7795}, 'TOPICS': {'loss': 0.8988, 'accuracy': 0.7458}, 'time': {'elapsed_time': '0:02:02.315654'}}
Saving new best model..
New best model saved
---
Epoch 2:
Train results:
{'Circa': {'loss': 0.5305, 'accuracy': 0.8203}, 'TOPICS': {'loss': 0.706, 'accuracy': 0.8028}, 'time': {'elapsed_time': '0:18:16.412129'}}
Dev results:
{'Circa': {'loss': 0.6252, 'accuracy': 0.803}, 'TOPICS': {'loss': 0.6723, 'accuracy': 0.8182}, 'time': {'elapsed_time': '0:02:01.861094'}}
Saving new best model..
New best model saved
---
Epoch 3:
Train results:
{'TOPICS': {'loss': 0.4397, 'accuracy': 0.8771}, 'Circa': {'loss': 0.381, 'accuracy': 0.8722}, 'time': {'elapsed_time': '0:18:16.966301'}}
Dev results:
{'TOPICS': {'loss': 0.6098, 'accuracy': 0.8415}, 'Circa': {'loss': 0.6859, 'accuracy': 0.8107}, 'time': {'elapsed_time': '0:02:01.650865'}}
Saving new best model..
New best model saved
---
Epoch 4:
Train results:
{'Circa': {'loss': 0.2768, 'accuracy': 0.9072}, 'TOPICS': {'loss': 0.3069, 'accuracy': 0.9153}, 'time': {'elapsed_time': '0:18:23.350734'}}
Dev results:
{'TOPICS': {'loss': 0.6042, 'accuracy': 0.8518}, 'Circa': {'loss': 0.8025, 'accuracy': 0.7796}, 'time': {'elapsed_time': '0:02:01.619964'}}
---
Epoch 5:
Train results:
{'Circa': {'loss': 0.2045, 'accuracy': 0.9294}, 'TOPICS': {'loss': 0.2413, 'accuracy': 0.9333}, 'time': {'elapsed_time': '0:18:14.396116'}}
Dev results:
{'Circa': {'loss': 0.7734, 'accuracy': 0.7844}, 'TOPICS': {'loss': 0.5554, 'accuracy': 0.8629}, 'time': {'elapsed_time': '0:02:02.306073'}}
---
Training finished
Loading best model..
Best model loaded
Starting testing..
Test results:
{'Circa': {'loss': 0.6603, 'accuracy': 0.8115}, 'TOPICS': {'loss': 0.664, 'accuracy': 0.8345}, 'time': {'elapsed_time': '0:02:01.591236'}}
Testing finished
Saving results..
Results saved
