-----TRAINING PARAMETERS-----
Model version: QA
Labels: strict
Setting: matched
Test scenario: None
Auxilary tasks: ['TOPICS']
Auxilary task probing: False
PyTorch device: cuda
Max epochs: 5
Patience: 3
Learning rates: [5e-05, 2e-05]
Batch size: 8
Results directory: ./mtl_results
Progress bar: False
-----------------------------
Loading datasets..
Pre-loading annotations for most important word in answer
[nltk_data] Downloading package wordnet to /home/lcur0659/nltk_data...
[nltk_data]   Package wordnet is already up-to-date!
Pre-loading annotations for topics in answer
After removing empty topics, we have 12068; 4031; and 4008 samples for (respectively) train, dev, test sets for topic aux task
Datasets loaded
Loading model..
Model loaded
Starting training..
Epoch 0:
Dev results:
{'Circa': {'loss': 1.8003, 'accuracy': 0.1505}, 'TOPICS': {'loss': 4.8966, 'accuracy': 0.0007}, 'time': {'elapsed_time': '0:01:53.698908'}}
Epoch 1:
Train results:
{'Circa': {'loss': 0.7679, 'accuracy': 0.7341}, 'TOPICS': {'loss': 3.4406, 'accuracy': 0.2901}, 'time': {'elapsed_time': '0:17:45.482820'}}
Dev results:
{'Circa': {'loss': 0.6364, 'accuracy': 0.7799}, 'TOPICS': {'loss': 2.2646, 'accuracy': 0.5532}, 'time': {'elapsed_time': '0:01:56.683981'}}
Saving new best model..
New best model saved
---
Epoch 2:
Train results:
{'TOPICS': {'loss': 1.783, 'accuracy': 0.6528}, 'Circa': {'loss': 0.5313, 'accuracy': 0.8213}, 'time': {'elapsed_time': '0:17:47.272512'}}
Dev results:
{'Circa': {'loss': 0.5914, 'accuracy': 0.8005}, 'TOPICS': {'loss': 1.4738, 'accuracy': 0.7216}, 'time': {'elapsed_time': '0:01:56.715442'}}
Saving new best model..
New best model saved
---
Epoch 3:
Train results:
{'Circa': {'loss': 0.3834, 'accuracy': 0.8733}, 'TOPICS': {'loss': 1.1153, 'accuracy': 0.7905}, 'time': {'elapsed_time': '0:17:44.091023'}}
Dev results:
{'Circa': {'loss': 0.6594, 'accuracy': 0.8073}, 'TOPICS': {'loss': 1.2152, 'accuracy': 0.7734}, 'time': {'elapsed_time': '0:01:56.675599'}}
Saving new best model..
New best model saved
---
Epoch 4:
Train results:
{'Circa': {'loss': 0.2769, 'accuracy': 0.9078}, 'TOPICS': {'loss': 0.7593, 'accuracy': 0.855}, 'time': {'elapsed_time': '0:17:44.693979'}}
Dev results:
{'Circa': {'loss': 0.6863, 'accuracy': 0.8121}, 'TOPICS': {'loss': 1.0919, 'accuracy': 0.8}, 'time': {'elapsed_time': '0:01:56.662828'}}
Saving new best model..
New best model saved
---
Epoch 5:
Train results:
{'TOPICS': {'loss': 0.5689, 'accuracy': 0.89}, 'Circa': {'loss': 0.217, 'accuracy': 0.9274}, 'time': {'elapsed_time': '0:17:45.399994'}}
Dev results:
{'Circa': {'loss': 0.7393, 'accuracy': 0.8065}, 'TOPICS': {'loss': 0.9835, 'accuracy': 0.8234}, 'time': {'elapsed_time': '0:01:56.694392'}}
---
Training finished
Loading best model..
Best model loaded
Starting testing..
Test results:
{'TOPICS': {'loss': 1.0453, 'accuracy': 0.8088}, 'Circa': {'loss': 0.7241, 'accuracy': 0.7946}, 'time': {'elapsed_time': '0:01:56.418957'}}
Testing finished
Saving results..
Results saved
