-----TRAINING PARAMETERS-----
Model version: QA
Labels: strict
Setting: matched
Test scenario: None
Auxilary tasks: ['TOPICS']
Auxilary task probing: False
PyTorch device: cuda
Max epochs: 5
Patience: 3
Learning rates: [5e-05, 2e-05]
Batch size: 8
Results directory: ./mtl_results
Progress bar: False
-----------------------------
Loading datasets..
Pre-loading annotations for most important word in answer
[nltk_data] Downloading package wordnet to /home/lcur0659/nltk_data...
Pre-loading annotations for topics in answer
[nltk_data]   Package wordnet is already up-to-date!
After removing empty topics, we have 12068; 4022; and 4017 samples for (respectively) train, dev, test sets for topic aux task
Datasets loaded
Loading model..
Model loaded
Starting training..
Epoch 0:
Dev results:
{'Circa': {'loss': 1.7978, 'accuracy': 0.1502}, 'TOPICS': {'loss': 3.2235, 'accuracy': 0.0501}, 'time': {'elapsed_time': '0:01:57.342472'}}
Epoch 1:
Train results:
{'Circa': {'loss': 0.7663, 'accuracy': 0.7333}, 'TOPICS': {'loss': 1.7687, 'accuracy': 0.5052}, 'time': {'elapsed_time': '0:18:54.867656'}}
Dev results:
{'TOPICS': {'loss': 1.084, 'accuracy': 0.7288}, 'Circa': {'loss': 0.6565, 'accuracy': 0.7667}, 'time': {'elapsed_time': '0:02:03.877294'}}
Saving new best model..
New best model saved
---
Epoch 2:
Train results:
{'Circa': {'loss': 0.5261, 'accuracy': 0.8246}, 'TOPICS': {'loss': 0.876, 'accuracy': 0.7809}, 'time': {'elapsed_time': '0:18:41.090038'}}
Dev results:
{'TOPICS': {'loss': 0.7903, 'accuracy': 0.8033}, 'Circa': {'loss': 0.6405, 'accuracy': 0.7923}, 'time': {'elapsed_time': '0:02:04.825647'}}
Saving new best model..
New best model saved
---
Epoch 3:
Train results:
{'TOPICS': {'loss': 0.5653, 'accuracy': 0.8601}, 'Circa': {'loss': 0.375, 'accuracy': 0.8757}, 'time': {'elapsed_time': '0:18:42.611195'}}
Dev results:
{'Circa': {'loss': 0.713, 'accuracy': 0.7796}, 'TOPICS': {'loss': 0.6943, 'accuracy': 0.8315}, 'time': {'elapsed_time': '0:02:05.009715'}}
---
Epoch 4:
Train results:
{'Circa': {'loss': 0.2581, 'accuracy': 0.9122}, 'TOPICS': {'loss': 0.3871, 'accuracy': 0.9061}, 'time': {'elapsed_time': '0:18:40.384371'}}
Dev results:
{'TOPICS': {'loss': 0.7024, 'accuracy': 0.8349}, 'Circa': {'loss': 0.6782, 'accuracy': 0.793}, 'time': {'elapsed_time': '0:02:04.882539'}}
Saving new best model..
New best model saved
---
Epoch 5:
Train results:
{'Circa': {'loss': 0.199, 'accuracy': 0.9345}, 'TOPICS': {'loss': 0.2877, 'accuracy': 0.9278}, 'time': {'elapsed_time': '0:18:42.211748'}}
Dev results:
{'Circa': {'loss': 0.7967, 'accuracy': 0.7994}, 'TOPICS': {'loss': 0.7158, 'accuracy': 0.8429}, 'time': {'elapsed_time': '0:02:04.791014'}}
Saving new best model..
New best model saved
---
Training finished
Loading best model..
Best model loaded
Starting testing..
Test results:
{'TOPICS': {'loss': 0.6491, 'accuracy': 0.8543}, 'Circa': {'loss': 0.7967, 'accuracy': 0.7978}, 'time': {'elapsed_time': '0:02:04.241638'}}
Testing finished
Saving results..
Results saved
