-----TRAINING PARAMETERS-----
Model version: QA
Labels: strict
Setting: matched
Test scenario: None
Auxilary tasks: ['TOPICS']
Auxilary task probing: False
PyTorch device: cuda
Max epochs: 5
Patience: 3
Learning rates: [5e-05, 2e-05]
Batch size: 8
Results directory: ./mtl_results
Progress bar: False
-----------------------------
Loading datasets..
Pre-loading annotations for most important word in answer
[nltk_data] Downloading package wordnet to /home/lcur0659/nltk_data...
[nltk_data]   Package wordnet is already up-to-date!
Pre-loading annotations for topics in answer
After removing empty topics, we have 12068; 4030; and 4009 samples for (respectively) train, dev, test sets for topic aux task
Datasets loaded
Loading model..
Model loaded
Starting training..
Epoch 0:
Dev results:
{'TOPICS': {'loss': 5.2794, 'accuracy': 0.0047}, 'Circa': {'loss': 1.7959, 'accuracy': 0.1565}, 'time': {'elapsed_time': '0:01:55.979167'}}
Epoch 1:
Train results:
{'TOPICS': {'loss': 3.95, 'accuracy': 0.2315}, 'Circa': {'loss': 0.7566, 'accuracy': 0.7345}, 'time': {'elapsed_time': '0:18:02.856946'}}
Dev results:
{'Circa': {'loss': 0.6747, 'accuracy': 0.764}, 'TOPICS': {'loss': 2.7103, 'accuracy': 0.5162}, 'time': {'elapsed_time': '0:01:58.452900'}}
Saving new best model..
New best model saved
---
Epoch 2:
Train results:
{'Circa': {'loss': 0.5183, 'accuracy': 0.8272}, 'TOPICS': {'loss': 2.1793, 'accuracy': 0.6066}, 'time': {'elapsed_time': '0:18:04.445136'}}
Dev results:
{'Circa': {'loss': 0.6193, 'accuracy': 0.8006}, 'TOPICS': {'loss': 1.7523, 'accuracy': 0.6874}, 'time': {'elapsed_time': '0:01:58.411729'}}
Saving new best model..
New best model saved
---
Epoch 3:
Train results:
{'Circa': {'loss': 0.3741, 'accuracy': 0.8768}, 'TOPICS': {'loss': 1.387, 'accuracy': 0.755}, 'time': {'elapsed_time': '0:18:03.331137'}}
Dev results:
{'Circa': {'loss': 0.6263, 'accuracy': 0.8047}, 'TOPICS': {'loss': 1.3942, 'accuracy': 0.7421}, 'time': {'elapsed_time': '0:01:58.435486'}}
Saving new best model..
New best model saved
---
Epoch 4:
Train results:
{'Circa': {'loss': 0.2646, 'accuracy': 0.9105}, 'TOPICS': {'loss': 0.9483, 'accuracy': 0.8296}, 'time': {'elapsed_time': '0:18:00.824232'}}
Dev results:
{'Circa': {'loss': 0.7489, 'accuracy': 0.8022}, 'TOPICS': {'loss': 1.2405, 'accuracy': 0.77}, 'time': {'elapsed_time': '0:01:58.456649'}}
---
Epoch 5:
Train results:
{'Circa': {'loss': 0.2016, 'accuracy': 0.9318}, 'TOPICS': {'loss': 0.7275, 'accuracy': 0.8668}, 'time': {'elapsed_time': '0:18:03.350728'}}
Dev results:
{'TOPICS': {'loss': 1.1495, 'accuracy': 0.7941}, 'Circa': {'loss': 0.7792, 'accuracy': 0.7989}, 'time': {'elapsed_time': '0:01:58.436298'}}
---
Training finished
Loading best model..
Best model loaded
Starting testing..
Test results:
{'Circa': {'loss': 0.629, 'accuracy': 0.8046}, 'TOPICS': {'loss': 1.2356, 'accuracy': 0.7743}, 'time': {'elapsed_time': '0:01:58.282299'}}
Testing finished
Saving results..
Results saved
