-----TRAINING PARAMETERS-----
Model version: QA
Labels: strict
Setting: matched
Test scenario: None
Auxilary tasks: ['TOPICS']
Auxilary task probing: False
PyTorch device: cuda
Max epochs: 5
Patience: 3
Learning rates: [5e-05, 2e-05]
Batch size: 8
Results directory: ./mtl_results
Progress bar: False
-----------------------------
Loading datasets..
Pre-loading annotations for most important word in answer
[nltk_data] Downloading package wordnet to /home/lcur0659/nltk_data...
[nltk_data]   Package wordnet is already up-to-date!
Pre-loading annotations for topics in answer
After removing empty topics, we have 12068; 4052; and 3987 samples for (respectively) train, dev, test sets for topic aux task
Datasets loaded
Loading model..
Model loaded
Starting training..
Epoch 0:
Dev results:
{'TOPICS': {'loss': 5.4785, 'accuracy': 0.0}, 'Circa': {'loss': 1.7966, 'accuracy': 0.1563}, 'time': {'elapsed_time': '0:01:56.321490'}}
Epoch 1:
Train results:
{'TOPICS': {'loss': 4.1903, 'accuracy': 0.2184}, 'Circa': {'loss': 0.7883, 'accuracy': 0.723}, 'time': {'elapsed_time': '0:18:02.572877'}}
Dev results:
{'Circa': {'loss': 0.7006, 'accuracy': 0.7665}, 'TOPICS': {'loss': 2.8755, 'accuracy': 0.5117}, 'time': {'elapsed_time': '0:01:58.702960'}}
Saving new best model..
New best model saved
---
Epoch 2:
Train results:
{'Circa': {'loss': 0.5447, 'accuracy': 0.8152}, 'TOPICS': {'loss': 2.3367, 'accuracy': 0.587}, 'time': {'elapsed_time': '0:18:02.442192'}}
Dev results:
{'Circa': {'loss': 0.6823, 'accuracy': 0.7873}, 'TOPICS': {'loss': 1.8456, 'accuracy': 0.6763}, 'time': {'elapsed_time': '0:01:58.635256'}}
Saving new best model..
New best model saved
---
Epoch 3:
Train results:
{'Circa': {'loss': 0.3933, 'accuracy': 0.8678}, 'TOPICS': {'loss': 1.5144, 'accuracy': 0.7349}, 'time': {'elapsed_time': '0:18:03.422172'}}
Dev results:
{'Circa': {'loss': 0.6638, 'accuracy': 0.7815}, 'TOPICS': {'loss': 1.4181, 'accuracy': 0.7556}, 'time': {'elapsed_time': '0:01:58.702640'}}
---
Epoch 4:
Train results:
{'Circa': {'loss': 0.2859, 'accuracy': 0.9058}, 'TOPICS': {'loss': 1.0831, 'accuracy': 0.8129}, 'time': {'elapsed_time': '0:17:58.826362'}}
Dev results:
{'Circa': {'loss': 0.7337, 'accuracy': 0.7956}, 'TOPICS': {'loss': 1.2631, 'accuracy': 0.7801}, 'time': {'elapsed_time': '0:01:58.722918'}}
Saving new best model..
New best model saved
---
Epoch 5:
Train results:
{'Circa': {'loss': 0.2073, 'accuracy': 0.931}, 'TOPICS': {'loss': 0.7961, 'accuracy': 0.8594}, 'time': {'elapsed_time': '0:17:57.312347'}}
Dev results:
{'Circa': {'loss': 0.8253, 'accuracy': 0.7794}, 'TOPICS': {'loss': 1.1599, 'accuracy': 0.798}, 'time': {'elapsed_time': '0:01:58.743073'}}
---
Training finished
Loading best model..
Best model loaded
Starting testing..
Test results:
{'Circa': {'loss': 0.6974, 'accuracy': 0.8012}, 'TOPICS': {'loss': 1.3053, 'accuracy': 0.7667}, 'time': {'elapsed_time': '0:01:58.041501'}}
Testing finished
Saving results..
Results saved
