-----TRAINING PARAMETERS-----
Model version: QA
Labels: strict
Setting: matched
Test scenario: None
Auxilary tasks: ['TOPICS']
Auxilary task probing: False
PyTorch device: cuda
Max epochs: 5
Patience: 3
Learning rates: [5e-05, 2e-05]
Batch size: 8
Results directory: ./mtl_results
Progress bar: False
-----------------------------
Loading datasets..
Pre-loading annotations for most important word in answer
[nltk_data] Downloading package wordnet to /home/lcur0659/nltk_data...
Pre-loading annotations for topics in answer
[nltk_data]   Package wordnet is already up-to-date!
After removing empty topics, we have 12068; 3960; and 4079 samples for (respectively) train, dev, test sets for topic aux task
Datasets loaded
Loading model..
Model loaded
Starting training..
Epoch 0:
Dev results:
{'Circa': {'loss': 1.7985, 'accuracy': 0.1528}, 'TOPICS': {'loss': 3.2875, 'accuracy': 0.0012}, 'time': {'elapsed_time': '0:01:57.157028'}}
Epoch 1:
Train results:
{'TOPICS': {'loss': 1.5843, 'accuracy': 0.5177}, 'Circa': {'loss': 0.7466, 'accuracy': 0.7429}, 'time': {'elapsed_time': '0:18:47.822188'}}
Dev results:
{'Circa': {'loss': 0.6618, 'accuracy': 0.7735}, 'TOPICS': {'loss': 0.9463, 'accuracy': 0.7346}, 'time': {'elapsed_time': '0:02:04.058965'}}
Saving new best model..
New best model saved
---
Epoch 2:
Train results:
{'Circa': {'loss': 0.5158, 'accuracy': 0.8281}, 'TOPICS': {'loss': 0.73, 'accuracy': 0.8021}, 'time': {'elapsed_time': '0:18:58.918557'}}
Dev results:
{'Circa': {'loss': 0.6191, 'accuracy': 0.8028}, 'TOPICS': {'loss': 0.7218, 'accuracy': 0.8044}, 'time': {'elapsed_time': '0:02:10.285849'}}
Saving new best model..
New best model saved
---
Epoch 3:
Train results:
{'Circa': {'loss': 0.3677, 'accuracy': 0.8798}, 'TOPICS': {'loss': 0.452, 'accuracy': 0.8795}, 'time': {'elapsed_time': '0:18:49.004103'}}
Dev results:
{'TOPICS': {'loss': 0.6041, 'accuracy': 0.8445}, 'Circa': {'loss': 0.5884, 'accuracy': 0.8084}, 'time': {'elapsed_time': '0:02:03.168120'}}
Saving new best model..
New best model saved
---
Epoch 4:
Train results:
{'Circa': {'loss': 0.2691, 'accuracy': 0.9101}, 'TOPICS': {'loss': 0.303, 'accuracy': 0.9186}, 'time': {'elapsed_time': '0:18:47.277545'}}
Dev results:
{'TOPICS': {'loss': 0.6189, 'accuracy': 0.849}, 'Circa': {'loss': 0.6579, 'accuracy': 0.8118}, 'time': {'elapsed_time': '0:02:01.747668'}}
Saving new best model..
New best model saved
---
Epoch 5:
Train results:
{'Circa': {'loss': 0.2005, 'accuracy': 0.9326}, 'TOPICS': {'loss': 0.2265, 'accuracy': 0.939}, 'time': {'elapsed_time': '0:18:57.707710'}}
Dev results:
{'TOPICS': {'loss': 0.554, 'accuracy': 0.8675}, 'Circa': {'loss': 0.7508, 'accuracy': 0.7964}, 'time': {'elapsed_time': '0:02:05.328970'}}
---
Training finished
Loading best model..
Best model loaded
Starting testing..
Test results:
{'Circa': {'loss': 0.6743, 'accuracy': 0.8105}, 'TOPICS': {'loss': 0.614, 'accuracy': 0.8509}, 'time': {'elapsed_time': '0:02:04.759708'}}
Testing finished
Saving results..
Results saved
