-----TRAINING PARAMETERS-----
Model version: QA
Labels: strict
Setting: matched
Test scenario: None
Auxilary tasks: ['TOPICS']
Auxilary task probing: False
PyTorch device: cuda
Max epochs: 5
Patience: 3
Learning rates: [5e-05, 2e-05]
Batch size: 8
Results directory: ./mtl_results
Progress bar: False
-----------------------------
Loading datasets..
Pre-loading annotations for most important word in answer
[nltk_data] Downloading package wordnet to /home/lcur0659/nltk_data...
Pre-loading annotations for topics in answer
[nltk_data]   Package wordnet is already up-to-date!
After removing empty topics, we have 12068; 3995; and 4044 samples for (respectively) train, dev, test sets for topic aux task
Datasets loaded
Loading model..
Model loaded
Starting training..
Epoch 0:
Dev results:
{'Circa': {'loss': 1.7994, 'accuracy': 0.1461}, 'TOPICS': {'loss': 3.6949, 'accuracy': 0.0404}, 'time': {'elapsed_time': '0:01:58.518128'}}
Epoch 1:
Train results:
{'Circa': {'loss': 0.7673, 'accuracy': 0.7339}, 'TOPICS': {'loss': 2.3617, 'accuracy': 0.387}, 'time': {'elapsed_time': '0:18:40.580043'}}
Dev results:
{'Circa': {'loss': 0.6596, 'accuracy': 0.7783}, 'TOPICS': {'loss': 1.4977, 'accuracy': 0.6366}, 'time': {'elapsed_time': '0:02:04.464912'}}
Saving new best model..
New best model saved
---
Epoch 2:
Train results:
{'Circa': {'loss': 0.5195, 'accuracy': 0.8241}, 'TOPICS': {'loss': 1.1367, 'accuracy': 0.7382}, 'time': {'elapsed_time': '0:18:43.307916'}}
Dev results:
{'TOPICS': {'loss': 0.9852, 'accuracy': 0.7815}, 'Circa': {'loss': 0.6348, 'accuracy': 0.7997}, 'time': {'elapsed_time': '0:02:04.486993'}}
Saving new best model..
New best model saved
---
Epoch 3:
Train results:
{'Circa': {'loss': 0.3806, 'accuracy': 0.874}, 'TOPICS': {'loss': 0.716, 'accuracy': 0.8345}, 'time': {'elapsed_time': '0:18:44.715071'}}
Dev results:
{'Circa': {'loss': 0.7358, 'accuracy': 0.8056}, 'TOPICS': {'loss': 0.8599, 'accuracy': 0.815}, 'time': {'elapsed_time': '0:02:04.637780'}}
Saving new best model..
New best model saved
---
Epoch 4:
Train results:
{'TOPICS': {'loss': 0.4837, 'accuracy': 0.8896}, 'Circa': {'loss': 0.2789, 'accuracy': 0.9058}, 'time': {'elapsed_time': '0:18:42.570940'}}
Dev results:
{'Circa': {'loss': 0.6812, 'accuracy': 0.7953}, 'TOPICS': {'loss': 0.7834, 'accuracy': 0.8345}, 'time': {'elapsed_time': '0:02:04.530742'}}
---
Epoch 5:
Train results:
{'Circa': {'loss': 0.2055, 'accuracy': 0.9328}, 'TOPICS': {'loss': 0.3514, 'accuracy': 0.9171}, 'time': {'elapsed_time': '0:18:45.417013'}}
Dev results:
{'Circa': {'loss': 0.7988, 'accuracy': 0.8125}, 'TOPICS': {'loss': 0.7945, 'accuracy': 0.8387}, 'time': {'elapsed_time': '0:02:04.594359'}}
Saving new best model..
New best model saved
---
Training finished
Loading best model..
Best model loaded
Starting testing..
Test results:
{'TOPICS': {'loss': 0.7453, 'accuracy': 0.8484}, 'Circa': {'loss': 0.8401, 'accuracy': 0.801}, 'time': {'elapsed_time': '0:02:04.559954'}}
Testing finished
Saving results..
Results saved
