-----TRAINING PARAMETERS-----
Model version: QA
Labels: strict
Setting: matched
Test scenario: None
Auxilary tasks: ['TOPICS']
Auxilary task probing: False
PyTorch device: cuda
Max epochs: 5
Patience: 3
Learning rates: [5e-05, 2e-05]
Batch size: 8
Results directory: ./mtl_results
Progress bar: False
-----------------------------
Loading datasets..
Pre-loading annotations for most important word in answer
[nltk_data] Downloading package wordnet to /home/lcur0659/nltk_data...
Pre-loading annotations for topics in answer
[nltk_data]   Package wordnet is already up-to-date!
After removing empty topics, we have 12068; 3978; and 4061 samples for (respectively) train, dev, test sets for topic aux task
Datasets loaded
Loading model..
Model loaded
Starting training..
Epoch 0:
Dev results:
{'TOPICS': {'loss': 4.1682, 'accuracy': 0.0025}, 'Circa': {'loss': 1.7975, 'accuracy': 0.1509}, 'time': {'elapsed_time': '0:01:54.770431'}}
Epoch 1:
Train results:
{'Circa': {'loss': 0.7599, 'accuracy': 0.7394}, 'TOPICS': {'loss': 2.7612, 'accuracy': 0.3366}, 'time': {'elapsed_time': '0:17:49.491801'}}
Dev results:
{'Circa': {'loss': 0.6598, 'accuracy': 0.7739}, 'TOPICS': {'loss': 1.7209, 'accuracy': 0.6356}, 'time': {'elapsed_time': '0:01:56.969304'}}
Saving new best model..
New best model saved
---
Epoch 2:
Train results:
{'TOPICS': {'loss': 1.3114, 'accuracy': 0.7178}, 'Circa': {'loss': 0.5279, 'accuracy': 0.8239}, 'time': {'elapsed_time': '0:17:52.225250'}}
Dev results:
{'TOPICS': {'loss': 1.1152, 'accuracy': 0.7609}, 'Circa': {'loss': 0.6359, 'accuracy': 0.7894}, 'time': {'elapsed_time': '0:01:57.037530'}}
Saving new best model..
New best model saved
---
Epoch 3:
Train results:
{'Circa': {'loss': 0.3813, 'accuracy': 0.8717}, 'TOPICS': {'loss': 0.7983, 'accuracy': 0.8245}, 'time': {'elapsed_time': '0:17:51.348168'}}
Dev results:
{'TOPICS': {'loss': 0.9753, 'accuracy': 0.7985}, 'Circa': {'loss': 0.6518, 'accuracy': 0.8073}, 'time': {'elapsed_time': '0:01:57.058502'}}
Saving new best model..
New best model saved
---
Epoch 4:
Train results:
{'TOPICS': {'loss': 0.5625, 'accuracy': 0.8787}, 'Circa': {'loss': 0.2779, 'accuracy': 0.9059}, 'time': {'elapsed_time': '0:17:49.638224'}}
Dev results:
{'TOPICS': {'loss': 0.9034, 'accuracy': 0.8183}, 'Circa': {'loss': 0.7589, 'accuracy': 0.7917}, 'time': {'elapsed_time': '0:01:56.983097'}}
---
Epoch 5:
Train results:
{'Circa': {'loss': 0.2079, 'accuracy': 0.9307}, 'TOPICS': {'loss': 0.4028, 'accuracy': 0.9129}, 'time': {'elapsed_time': '0:17:51.960678'}}
Dev results:
{'TOPICS': {'loss': 0.903, 'accuracy': 0.8275}, 'Circa': {'loss': 0.7682, 'accuracy': 0.7751}, 'time': {'elapsed_time': '0:01:57.016038'}}
---
Training finished
Loading best model..
Best model loaded
Starting testing..
Test results:
{'Circa': {'loss': 0.6597, 'accuracy': 0.7982}, 'TOPICS': {'loss': 0.9109, 'accuracy': 0.8074}, 'time': {'elapsed_time': '0:01:58.012009'}}
Testing finished
Saving results..
Results saved
