-----TRAINING PARAMETERS-----
Model version: QA
Labels: strict
Setting: matched
Test scenario: None
Auxilary tasks: ['TOPICS']
Auxilary task probing: False
PyTorch device: cuda
Max epochs: 5
Patience: 3
Learning rates: [5e-05, 2e-05]
Batch size: 8
Results directory: ./mtl_results
Progress bar: False
-----------------------------
Loading datasets..
Pre-loading annotations for most important word in answer
[nltk_data] Downloading package wordnet to /home/lcur0362/nltk_data...
Pre-loading annotations for topics in answer
[nltk_data]   Package wordnet is already up-to-date!
After removing empty topics, we have 12068; 4058; and 3981 samples for (respectively) train, dev, test sets for topic aux task
Datasets loaded
Loading model..
Model loaded
Starting training..
Epoch 0:
Dev results:
{'Circa': {'loss': 1.7992, 'accuracy': 0.1509}, 'TOPICS': {'loss': 2.4881, 'accuracy': 0.1299}, 'time': {'elapsed_time': '0:01:57.517008'}}
Epoch 1:
Train results:
{'TOPICS': {'loss': 1.339, 'accuracy': 0.5643}, 'Circa': {'loss': 0.7596, 'accuracy': 0.7355}, 'time': {'elapsed_time': '0:18:08.351507'}}
Dev results:
{'TOPICS': {'loss': 0.8143, 'accuracy': 0.7682}, 'Circa': {'loss': 0.717, 'accuracy': 0.7426}, 'time': {'elapsed_time': '0:02:00.060242'}}
Saving new best model..
New best model saved
---
Epoch 2:
Train results:
{'TOPICS': {'loss': 0.6081, 'accuracy': 0.8253}, 'Circa': {'loss': 0.5207, 'accuracy': 0.8234}, 'time': {'elapsed_time': '0:18:08.064403'}}
Dev results:
{'Circa': {'loss': 0.5751, 'accuracy': 0.8092}, 'TOPICS': {'loss': 0.6003, 'accuracy': 0.8361}, 'time': {'elapsed_time': '0:01:59.876218'}}
Saving new best model..
New best model saved
---
Epoch 3:
Train results:
{'Circa': {'loss': 0.3695, 'accuracy': 0.8775}, 'TOPICS': {'loss': 0.3897, 'accuracy': 0.8913}, 'time': {'elapsed_time': '0:18:07.656636'}}
Dev results:
{'TOPICS': {'loss': 0.6327, 'accuracy': 0.8384}, 'Circa': {'loss': 0.6631, 'accuracy': 0.8011}, 'time': {'elapsed_time': '0:01:59.934451'}}
---
Epoch 4:
Train results:
{'Circa': {'loss': 0.2707, 'accuracy': 0.9116}, 'TOPICS': {'loss': 0.2671, 'accuracy': 0.9251}, 'time': {'elapsed_time': '0:18:05.722898'}}
Dev results:
{'Circa': {'loss': 0.6659, 'accuracy': 0.8038}, 'TOPICS': {'loss': 0.5902, 'accuracy': 0.8463}, 'time': {'elapsed_time': '0:01:59.838425'}}
---
Epoch 5:
Train results:
{'TOPICS': {'loss': 0.1869, 'accuracy': 0.9492}, 'Circa': {'loss': 0.2038, 'accuracy': 0.9332}, 'time': {'elapsed_time': '0:18:10.248864'}}
Dev results:
{'Circa': {'loss': 0.7991, 'accuracy': 0.8068}, 'TOPICS': {'loss': 0.658, 'accuracy': 0.8497}, 'time': {'elapsed_time': '0:01:59.825373'}}
---
Training finished
Loading best model..
Best model loaded
Starting testing..
Test results:
{'Circa': {'loss': 0.6079, 'accuracy': 0.8015}, 'TOPICS': {'loss': 0.5808, 'accuracy': 0.8366}, 'time': {'elapsed_time': '0:01:59.067435'}}
Testing finished
Saving results..
Results saved
