-----TRAINING PARAMETERS-----
Model version: QA
Labels: strict
Setting: matched
Test scenario: None
Auxilary tasks: ['TOPICS']
Auxilary task probing: False
PyTorch device: cuda
Max epochs: 5
Patience: 3
Learning rates: [5e-05, 2e-05]
Batch size: 8
Results directory: ./mtl_results
Progress bar: False
-----------------------------
Loading datasets..
Pre-loading annotations for most important word in answer
[nltk_data] Downloading package wordnet to /home/lcur0362/nltk_data...
Pre-loading annotations for topics in answer
[nltk_data]   Package wordnet is already up-to-date!
After removing empty topics, we have 12068; 3977; and 4062 samples for (respectively) train, dev, test sets for topic aux task
Datasets loaded
Loading model..
Model loaded
Starting training..
Epoch 0:
Dev results:
{'Circa': {'loss': 1.7987, 'accuracy': 0.1535}, 'TOPICS': {'loss': 4.5221, 'accuracy': 0.0153}, 'time': {'elapsed_time': '0:01:56.587396'}}
Epoch 1:
Train results:
{'TOPICS': {'loss': 3.0934, 'accuracy': 0.3328}, 'Circa': {'loss': 0.7597, 'accuracy': 0.735}, 'time': {'elapsed_time': '0:18:08.393229'}}
Dev results:
{'Circa': {'loss': 0.629, 'accuracy': 0.7861}, 'TOPICS': {'loss': 1.9203, 'accuracy': 0.6162}, 'time': {'elapsed_time': '0:01:58.998505'}}
Saving new best model..
New best model saved
---
Epoch 2:
Train results:
{'TOPICS': {'loss': 1.5243, 'accuracy': 0.6975}, 'Circa': {'loss': 0.5231, 'accuracy': 0.8229}, 'time': {'elapsed_time': '0:18:06.655788'}}
Dev results:
{'TOPICS': {'loss': 1.3388, 'accuracy': 0.7363}, 'Circa': {'loss': 0.6041, 'accuracy': 0.8088}, 'time': {'elapsed_time': '0:01:59.092449'}}
Saving new best model..
New best model saved
---
Epoch 3:
Train results:
{'TOPICS': {'loss': 0.9645, 'accuracy': 0.8064}, 'Circa': {'loss': 0.3778, 'accuracy': 0.8736}, 'time': {'elapsed_time': '0:18:07.175867'}}
Dev results:
{'Circa': {'loss': 0.6556, 'accuracy': 0.7994}, 'TOPICS': {'loss': 1.0852, 'accuracy': 0.7857}, 'time': {'elapsed_time': '0:01:59.159905'}}
---
Epoch 4:
Train results:
{'TOPICS': {'loss': 0.662, 'accuracy': 0.8713}, 'Circa': {'loss': 0.2662, 'accuracy': 0.9104}, 'time': {'elapsed_time': '0:18:05.507265'}}
Dev results:
{'Circa': {'loss': 0.739, 'accuracy': 0.8156}, 'TOPICS': {'loss': 1.0409, 'accuracy': 0.7969}, 'time': {'elapsed_time': '0:01:58.959061'}}
Saving new best model..
New best model saved
---
Epoch 5:
Train results:
{'Circa': {'loss': 0.1921, 'accuracy': 0.9367}, 'TOPICS': {'loss': 0.4749, 'accuracy': 0.909}, 'time': {'elapsed_time': '0:18:06.375193'}}
Dev results:
{'Circa': {'loss': 0.8245, 'accuracy': 0.7923}, 'TOPICS': {'loss': 1.0038, 'accuracy': 0.805}, 'time': {'elapsed_time': '0:01:58.986648'}}
---
Training finished
Loading best model..
Best model loaded
Starting testing..
Test results:
{'Circa': {'loss': 0.759, 'accuracy': 0.8053}, 'TOPICS': {'loss': 0.9892, 'accuracy': 0.8134}, 'time': {'elapsed_time': '0:02:00.089923'}}
Testing finished
Saving results..
Results saved
