-----TRAINING PARAMETERS-----
Model version: QA
Labels: strict
Setting: matched
Test scenario: None
Auxilary tasks: ['TOPICS']
Auxilary task probing: False
PyTorch device: cuda
Max epochs: 5
Patience: 3
Learning rates: [5e-05, 2e-05]
Batch size: 8
Results directory: ./mtl_results
Progress bar: False
-----------------------------
Loading datasets..
Pre-loading annotations for most important word in answer
[nltk_data] Downloading package wordnet to /home/lcur0362/nltk_data...
[nltk_data]   Package wordnet is already up-to-date!
Pre-loading annotations for topics in answer
After removing empty topics, we have 12068; 4047; and 3992 samples for (respectively) train, dev, test sets for topic aux task
Datasets loaded
Loading model..
Model loaded
Starting training..
Epoch 0:
Dev results:
{'TOPICS': {'loss': 5.1019, 'accuracy': 0.0005}, 'Circa': {'loss': 1.7991, 'accuracy': 0.1513}, 'time': {'elapsed_time': '0:01:56.655425'}}
Epoch 1:
Train results:
{'TOPICS': {'loss': 3.8804, 'accuracy': 0.2239}, 'Circa': {'loss': 0.7556, 'accuracy': 0.7395}, 'time': {'elapsed_time': '0:17:56.683835'}}
Dev results:
{'TOPICS': {'loss': 2.6548, 'accuracy': 0.4887}, 'Circa': {'loss': 0.6447, 'accuracy': 0.7821}, 'time': {'elapsed_time': '0:01:58.744653'}}
Saving new best model..
New best model saved
---
Epoch 2:
Train results:
{'Circa': {'loss': 0.521, 'accuracy': 0.826}, 'TOPICS': {'loss': 2.0419, 'accuracy': 0.6213}, 'time': {'elapsed_time': '0:17:59.480650'}}
Dev results:
{'Circa': {'loss': 0.6116, 'accuracy': 0.8005}, 'TOPICS': {'loss': 1.6414, 'accuracy': 0.6982}, 'time': {'elapsed_time': '0:01:58.716524'}}
Saving new best model..
New best model saved
---
Epoch 3:
Train results:
{'Circa': {'loss': 0.3817, 'accuracy': 0.8726}, 'TOPICS': {'loss': 1.2486, 'accuracy': 0.7746}, 'time': {'elapsed_time': '0:18:00.120909'}}
Dev results:
{'Circa': {'loss': 0.6613, 'accuracy': 0.791}, 'TOPICS': {'loss': 1.2836, 'accuracy': 0.7605}, 'time': {'elapsed_time': '0:01:58.793637'}}
---
Epoch 4:
Train results:
{'TOPICS': {'loss': 0.8495, 'accuracy': 0.8429}, 'Circa': {'loss': 0.2668, 'accuracy': 0.9106}, 'time': {'elapsed_time': '0:17:59.531503'}}
Dev results:
{'TOPICS': {'loss': 1.1378, 'accuracy': 0.7978}, 'Circa': {'loss': 0.676, 'accuracy': 0.8018}, 'time': {'elapsed_time': '0:01:58.775397'}}
Saving new best model..
New best model saved
---
Epoch 5:
Train results:
{'TOPICS': {'loss': 0.6183, 'accuracy': 0.8859}, 'Circa': {'loss': 0.1999, 'accuracy': 0.9328}, 'time': {'elapsed_time': '0:17:59.217216'}}
Dev results:
{'Circa': {'loss': 0.6932, 'accuracy': 0.809}, 'TOPICS': {'loss': 1.0864, 'accuracy': 0.8066}, 'time': {'elapsed_time': '0:01:58.773905'}}
Saving new best model..
New best model saved
---
Training finished
Loading best model..
Best model loaded
Starting testing..
Test results:
{'TOPICS': {'loss': 1.0704, 'accuracy': 0.809}, 'Circa': {'loss': 0.7232, 'accuracy': 0.8043}, 'time': {'elapsed_time': '0:01:57.953238'}}
Testing finished
Saving results..
Results saved
