-----TRAINING PARAMETERS-----
Model version: QA
Labels: strict
Setting: matched
Test scenario: None
Auxilary tasks: ['TOPICS']
Auxilary task probing: False
PyTorch device: cuda
Max epochs: 5
Patience: 3
Learning rates: [5e-05, 2e-05]
Batch size: 8
Results directory: ./mtl_results
Progress bar: False
-----------------------------
Loading datasets..
Pre-loading annotations for most important word in answer
[nltk_data] Downloading package wordnet to /home/lcur0362/nltk_data...
[nltk_data]   Package wordnet is already up-to-date!
Pre-loading annotations for topics in answer
After removing empty topics, we have 12068; 4035; and 4004 samples for (respectively) train, dev, test sets for topic aux task
Datasets loaded
Loading model..
Model loaded
Starting training..
Epoch 0:
Dev results:
{'TOPICS': {'loss': 3.0467, 'accuracy': 0.0493}, 'Circa': {'loss': 1.7991, 'accuracy': 0.148}, 'time': {'elapsed_time': '0:01:57.207682'}}
Epoch 1:
Train results:
{'TOPICS': {'loss': 1.5237, 'accuracy': 0.5415}, 'Circa': {'loss': 0.7485, 'accuracy': 0.7393}, 'time': {'elapsed_time': '0:18:09.198271'}}
Dev results:
{'TOPICS': {'loss': 0.9191, 'accuracy': 0.7445}, 'Circa': {'loss': 0.6661, 'accuracy': 0.7691}, 'time': {'elapsed_time': '0:01:59.908320'}}
Saving new best model..
New best model saved
---
Epoch 2:
Train results:
{'Circa': {'loss': 0.5195, 'accuracy': 0.8254}, 'TOPICS': {'loss': 0.7156, 'accuracy': 0.8043}, 'time': {'elapsed_time': '0:18:08.837278'}}
Dev results:
{'Circa': {'loss': 0.6296, 'accuracy': 0.803}, 'TOPICS': {'loss': 0.6581, 'accuracy': 0.8272}, 'time': {'elapsed_time': '0:01:59.870748'}}
Saving new best model..
New best model saved
---
Epoch 3:
Train results:
{'TOPICS': {'loss': 0.4441, 'accuracy': 0.8813}, 'Circa': {'loss': 0.3708, 'accuracy': 0.8759}, 'time': {'elapsed_time': '0:18:16.451955'}}
Dev results:
{'TOPICS': {'loss': 0.6149, 'accuracy': 0.8402}, 'Circa': {'loss': 0.6511, 'accuracy': 0.8051}, 'time': {'elapsed_time': '0:01:59.834694'}}
Saving new best model..
New best model saved
---
Epoch 4:
Train results:
{'Circa': {'loss': 0.2675, 'accuracy': 0.9112}, 'TOPICS': {'loss': 0.3129, 'accuracy': 0.918}, 'time': {'elapsed_time': '0:18:08.922457'}}
Dev results:
{'TOPICS': {'loss': 0.6062, 'accuracy': 0.8427}, 'Circa': {'loss': 0.7057, 'accuracy': 0.7933}, 'time': {'elapsed_time': '0:02:00.387360'}}
---
Epoch 5:
Train results:
{'TOPICS': {'loss': 0.235, 'accuracy': 0.9393}, 'Circa': {'loss': 0.2029, 'accuracy': 0.9339}, 'time': {'elapsed_time': '0:18:08.321290'}}
Dev results:
{'Circa': {'loss': 0.7961, 'accuracy': 0.7986}, 'TOPICS': {'loss': 0.6337, 'accuracy': 0.8503}, 'time': {'elapsed_time': '0:01:59.635091'}}
---
Training finished
Loading best model..
Best model loaded
Starting testing..
Test results:
{'Circa': {'loss': 0.6181, 'accuracy': 0.8081}, 'TOPICS': {'loss': 0.6317, 'accuracy': 0.8391}, 'time': {'elapsed_time': '0:01:59.539857'}}
Testing finished
Saving results..
Results saved
