-----TRAINING PARAMETERS-----
Model version: QA
Labels: strict
Setting: matched
Test scenario: None
Auxilary tasks: ['TOPICS']
Auxilary task probing: False
PyTorch device: cuda
Max epochs: 5
Patience: 3
Learning rates: [5e-05, 2e-05]
Batch size: 8
Results directory: ./mtl_results
Progress bar: False
-----------------------------
Loading datasets..
Pre-loading annotations for most important word in answer
[nltk_data] Downloading package wordnet to /home/lcur0362/nltk_data...
Pre-loading annotations for topics in answer
[nltk_data]   Package wordnet is already up-to-date!
After removing empty topics, we have 12068; 4051; and 3988 samples for (respectively) train, dev, test sets for topic aux task
Datasets loaded
Loading model..
Model loaded
Starting training..
Epoch 0:
Dev results:
{'Circa': {'loss': 1.7973, 'accuracy': 0.1512}, 'TOPICS': {'loss': 4.8771, 'accuracy': 0.0014}, 'time': {'elapsed_time': '0:01:57.316827'}}
Epoch 1:
Train results:
{'Circa': {'loss': 0.7615, 'accuracy': 0.7363}, 'TOPICS': {'loss': 3.6208, 'accuracy': 0.2438}, 'time': {'elapsed_time': '0:18:11.496491'}}
Dev results:
{'TOPICS': {'loss': 2.3766, 'accuracy': 0.5534}, 'Circa': {'loss': 0.6692, 'accuracy': 0.7676}, 'time': {'elapsed_time': '0:01:59.871073'}}
Saving new best model..
New best model saved
---
Epoch 2:
Train results:
{'Circa': {'loss': 0.5319, 'accuracy': 0.8217}, 'TOPICS': {'loss': 1.8671, 'accuracy': 0.6398}, 'time': {'elapsed_time': '0:18:09.938349'}}
Dev results:
{'Circa': {'loss': 0.6659, 'accuracy': 0.7918}, 'TOPICS': {'loss': 1.5918, 'accuracy': 0.6935}, 'time': {'elapsed_time': '0:01:59.998974'}}
Saving new best model..
New best model saved
---
Epoch 3:
Train results:
{'Circa': {'loss': 0.375, 'accuracy': 0.8769}, 'TOPICS': {'loss': 1.1846, 'accuracy': 0.7757}, 'time': {'elapsed_time': '0:18:05.887814'}}
Dev results:
{'Circa': {'loss': 0.7066, 'accuracy': 0.7881}, 'TOPICS': {'loss': 1.2356, 'accuracy': 0.7655}, 'time': {'elapsed_time': '0:01:59.537907'}}
---
Epoch 4:
Train results:
{'Circa': {'loss': 0.2731, 'accuracy': 0.9084}, 'TOPICS': {'loss': 0.8135, 'accuracy': 0.8469}, 'time': {'elapsed_time': '0:18:03.501761'}}
Dev results:
{'TOPICS': {'loss': 1.1721, 'accuracy': 0.7891}, 'Circa': {'loss': 0.851, 'accuracy': 0.8009}, 'time': {'elapsed_time': '0:01:59.887469'}}
Saving new best model..
New best model saved
---
Epoch 5:
Train results:
{'Circa': {'loss': 0.2006, 'accuracy': 0.9314}, 'TOPICS': {'loss': 0.5982, 'accuracy': 0.8865}, 'time': {'elapsed_time': '0:18:03.559292'}}
Dev results:
{'Circa': {'loss': 0.9518, 'accuracy': 0.7742}, 'TOPICS': {'loss': 1.069, 'accuracy': 0.8046}, 'time': {'elapsed_time': '0:01:59.656117'}}
---
Training finished
Loading best model..
Best model loaded
Starting testing..
Test results:
{'TOPICS': {'loss': 1.1066, 'accuracy': 0.8002}, 'Circa': {'loss': 0.8211, 'accuracy': 0.8044}, 'time': {'elapsed_time': '0:01:58.964052'}}
Testing finished
Saving results..
Results saved
