-----TRAINING PARAMETERS-----
Model version: QA
Labels: strict
Setting: matched
Test scenario: None
Auxilary tasks: ['TOPICS']
Auxilary task probing: False
PyTorch device: cuda
Max epochs: 5
Patience: 3
Learning rates: [5e-05, 2e-05]
Batch size: 8
Results directory: ./mtl_results
Progress bar: False
-----------------------------
Loading datasets..
Pre-loading annotations for most important word in answer
[nltk_data] Downloading package wordnet to /home/lcur0362/nltk_data...
Pre-loading annotations for topics in answer
[nltk_data]   Package wordnet is already up-to-date!
After removing empty topics, we have 12068; 3993; and 4046 samples for (respectively) train, dev, test sets for topic aux task
Datasets loaded
Loading model..
Model loaded
Starting training..
Epoch 0:
Dev results:
{'TOPICS': {'loss': 4.0889, 'accuracy': 0.0015}, 'Circa': {'loss': 1.7966, 'accuracy': 0.1504}, 'time': {'elapsed_time': '0:01:56.654127'}}
Epoch 1:
Train results:
{'Circa': {'loss': 0.764, 'accuracy': 0.7339}, 'TOPICS': {'loss': 2.6121, 'accuracy': 0.3843}, 'time': {'elapsed_time': '0:18:08.725739'}}
Dev results:
{'TOPICS': {'loss': 1.5938, 'accuracy': 0.6498}, 'Circa': {'loss': 0.6423, 'accuracy': 0.7783}, 'time': {'elapsed_time': '0:01:59.043963'}}
Saving new best model..
New best model saved
---
Epoch 2:
Train results:
{'Circa': {'loss': 0.5278, 'accuracy': 0.8246}, 'TOPICS': {'loss': 1.2537, 'accuracy': 0.7314}, 'time': {'elapsed_time': '0:18:09.882976'}}
Dev results:
{'TOPICS': {'loss': 1.0746, 'accuracy': 0.7689}, 'Circa': {'loss': 0.5921, 'accuracy': 0.8096}, 'time': {'elapsed_time': '0:01:59.287397'}}
Saving new best model..
New best model saved
---
Epoch 3:
Train results:
{'TOPICS': {'loss': 0.7888, 'accuracy': 0.8312}, 'Circa': {'loss': 0.3803, 'accuracy': 0.8741}, 'time': {'elapsed_time': '0:18:07.798450'}}
Dev results:
{'Circa': {'loss': 0.6264, 'accuracy': 0.8121}, 'TOPICS': {'loss': 0.9182, 'accuracy': 0.808}, 'time': {'elapsed_time': '0:01:59.090065'}}
Saving new best model..
New best model saved
---
Epoch 4:
Train results:
{'TOPICS': {'loss': 0.5346, 'accuracy': 0.8872}, 'Circa': {'loss': 0.2743, 'accuracy': 0.9088}, 'time': {'elapsed_time': '0:18:07.701603'}}
Dev results:
{'Circa': {'loss': 0.773, 'accuracy': 0.7987}, 'TOPICS': {'loss': 0.8552, 'accuracy': 0.8316}, 'time': {'elapsed_time': '0:01:58.939046'}}
---
Epoch 5:
Train results:
{'TOPICS': {'loss': 0.3946, 'accuracy': 0.916}, 'Circa': {'loss': 0.2092, 'accuracy': 0.9316}, 'time': {'elapsed_time': '0:18:13.013001'}}
Dev results:
{'TOPICS': {'loss': 0.8568, 'accuracy': 0.8276}, 'Circa': {'loss': 0.7254, 'accuracy': 0.8064}, 'time': {'elapsed_time': '0:01:59.937822'}}
---
Training finished
Loading best model..
Best model loaded
Starting testing..
Test results:
{'TOPICS': {'loss': 0.8883, 'accuracy': 0.811}, 'Circa': {'loss': 0.6356, 'accuracy': 0.8061}, 'time': {'elapsed_time': '0:01:59.900321'}}
Testing finished
Saving results..
Results saved
