-----TRAINING PARAMETERS-----
Model version: QA
Labels: strict
Setting: matched
Test scenario: None
Auxilary tasks: ['TOPICS']
Auxilary task probing: False
PyTorch device: cuda
Max epochs: 5
Patience: 3
Learning rates: [5e-05, 2e-05]
Batch size: 8
Results directory: ./mtl_results
Progress bar: False
-----------------------------
Loading datasets..
Pre-loading annotations for most important word in answer
[nltk_data] Downloading package wordnet to /home/lcur0362/nltk_data...
Pre-loading annotations for topics in answer
[nltk_data]   Package wordnet is already up-to-date!
After removing empty topics, we have 12068; 4009; and 4030 samples for (respectively) train, dev, test sets for topic aux task
Datasets loaded
Loading model..
Model loaded
Starting training..
Epoch 0:
Dev results:
{'Circa': {'loss': 1.798, 'accuracy': 0.1567}, 'TOPICS': {'loss': 3.6765, 'accuracy': 0.0299}, 'time': {'elapsed_time': '0:01:56.914235'}}
Epoch 1:
Train results:
{'TOPICS': {'loss': 2.2537, 'accuracy': 0.4259}, 'Circa': {'loss': 0.7593, 'accuracy': 0.7336}, 'time': {'elapsed_time': '0:18:11.190641'}}
Dev results:
{'TOPICS': {'loss': 1.3782, 'accuracy': 0.667}, 'Circa': {'loss': 0.6807, 'accuracy': 0.7675}, 'time': {'elapsed_time': '0:01:59.044163'}}
Saving new best model..
New best model saved
---
Epoch 2:
Train results:
{'Circa': {'loss': 0.5279, 'accuracy': 0.8178}, 'TOPICS': {'loss': 1.0742, 'accuracy': 0.7519}, 'time': {'elapsed_time': '0:18:08.441947'}}
Dev results:
{'TOPICS': {'loss': 0.9173, 'accuracy': 0.7892}, 'Circa': {'loss': 0.6831, 'accuracy': 0.7859}, 'time': {'elapsed_time': '0:01:59.341113'}}
Saving new best model..
New best model saved
---
Epoch 3:
Train results:
{'TOPICS': {'loss': 0.6695, 'accuracy': 0.8451}, 'Circa': {'loss': 0.3712, 'accuracy': 0.8773}, 'time': {'elapsed_time': '0:18:12.803077'}}
Dev results:
{'Circa': {'loss': 0.6849, 'accuracy': 0.8015}, 'TOPICS': {'loss': 0.8083, 'accuracy': 0.8159}, 'time': {'elapsed_time': '0:01:59.050251'}}
Saving new best model..
New best model saved
---
Epoch 4:
Train results:
{'TOPICS': {'loss': 0.4525, 'accuracy': 0.8979}, 'Circa': {'loss': 0.264, 'accuracy': 0.9113}, 'time': {'elapsed_time': '0:18:09.142513'}}
Dev results:
{'TOPICS': {'loss': 0.8227, 'accuracy': 0.8227}, 'Circa': {'loss': 0.817, 'accuracy': 0.7921}, 'time': {'elapsed_time': '0:01:58.902275'}}
---
Epoch 5:
Train results:
{'Circa': {'loss': 0.1987, 'accuracy': 0.9331}, 'TOPICS': {'loss': 0.3425, 'accuracy': 0.9218}, 'time': {'elapsed_time': '0:18:12.074767'}}
Dev results:
{'TOPICS': {'loss': 0.8, 'accuracy': 0.8392}, 'Circa': {'loss': 0.8752, 'accuracy': 0.793}, 'time': {'elapsed_time': '0:01:59.996763'}}
---
Training finished
Loading best model..
Best model loaded
Starting testing..
Test results:
{'TOPICS': {'loss': 0.8255, 'accuracy': 0.8159}, 'Circa': {'loss': 0.6585, 'accuracy': 0.8061}, 'time': {'elapsed_time': '0:01:59.704018'}}
Testing finished
Saving results..
Results saved
