-----TRAINING PARAMETERS-----
Model version: QA
Labels: strict
Setting: matched
Test scenario: None
Auxilary tasks: ['TOPICS']
Auxilary task probing: False
PyTorch device: cuda
Max epochs: 5
Patience: 3
Learning rates: [5e-05, 2e-05]
Batch size: 8
Results directory: ./mtl_results
Progress bar: False
-----------------------------
Loading datasets..
Pre-loading annotations for most important word in answer
[nltk_data] Downloading package wordnet to /home/lcur0362/nltk_data...
Pre-loading annotations for topics in answer
[nltk_data]   Package wordnet is already up-to-date!
After removing empty topics, we have 12068; 4052; and 3987 samples for (respectively) train, dev, test sets for topic aux task
Datasets loaded
Loading model..
Model loaded
Starting training..
Epoch 0:
Dev results:
{'TOPICS': {'loss': 5.7192, 'accuracy': 0.0005}, 'Circa': {'loss': 1.7991, 'accuracy': 0.1506}, 'time': {'elapsed_time': '0:01:57.547390'}}
Epoch 1:
Train results:
{'TOPICS': {'loss': 4.6731, 'accuracy': 0.1302}, 'Circa': {'loss': 0.7684, 'accuracy': 0.7326}, 'time': {'elapsed_time': '0:18:09.785492'}}
Dev results:
{'Circa': {'loss': 0.6268, 'accuracy': 0.7861}, 'TOPICS': {'loss': 3.5717, 'accuracy': 0.3863}, 'time': {'elapsed_time': '0:01:59.862509'}}
Saving new best model..
New best model saved
---
Epoch 2:
Train results:
{'Circa': {'loss': 0.5286, 'accuracy': 0.8235}, 'TOPICS': {'loss': 2.8962, 'accuracy': 0.5017}, 'time': {'elapsed_time': '0:18:11.600931'}}
Dev results:
{'Circa': {'loss': 0.601, 'accuracy': 0.7924}, 'TOPICS': {'loss': 2.2721, 'accuracy': 0.6127}, 'time': {'elapsed_time': '0:02:00.017536'}}
Saving new best model..
New best model saved
---
Epoch 3:
Train results:
{'Circa': {'loss': 0.3757, 'accuracy': 0.8755}, 'TOPICS': {'loss': 1.8719, 'accuracy': 0.6818}, 'time': {'elapsed_time': '0:18:11.762962'}}
Dev results:
{'Circa': {'loss': 0.652, 'accuracy': 0.8007}, 'TOPICS': {'loss': 1.7001, 'accuracy': 0.7153}, 'time': {'elapsed_time': '0:01:59.742014'}}
Saving new best model..
New best model saved
---
Epoch 4:
Train results:
{'TOPICS': {'loss': 1.309, 'accuracy': 0.7783}, 'Circa': {'loss': 0.2659, 'accuracy': 0.9122}, 'time': {'elapsed_time': '0:18:10.558998'}}
Dev results:
{'TOPICS': {'loss': 1.3852, 'accuracy': 0.7722}, 'Circa': {'loss': 0.7108, 'accuracy': 0.8111}, 'time': {'elapsed_time': '0:01:59.916732'}}
Saving new best model..
New best model saved
---
Epoch 5:
Train results:
{'Circa': {'loss': 0.2044, 'accuracy': 0.9316}, 'TOPICS': {'loss': 0.9733, 'accuracy': 0.8377}, 'time': {'elapsed_time': '0:18:08.134542'}}
Dev results:
{'TOPICS': {'loss': 1.2783, 'accuracy': 0.7876}, 'Circa': {'loss': 0.7071, 'accuracy': 0.7994}, 'time': {'elapsed_time': '0:01:59.799517'}}
---
Training finished
Loading best model..
Best model loaded
Starting testing..
Test results:
{'Circa': {'loss': 0.7096, 'accuracy': 0.8041}, 'TOPICS': {'loss': 1.4137, 'accuracy': 0.7598}, 'time': {'elapsed_time': '0:01:59.350710'}}
Testing finished
Saving results..
Results saved
