-----TRAINING PARAMETERS-----
Model version: QA
Labels: strict
Setting: matched
Test scenario: None
Auxilary tasks: ['TOPICS']
Auxilary task probing: False
PyTorch device: cuda
Max epochs: 5
Patience: 3
Learning rates: [5e-05, 2e-05]
Batch size: 8
Results directory: ./mtl_results
Progress bar: False
-----------------------------
Loading datasets..
Pre-loading annotations for most important word in answer
[nltk_data] Downloading package wordnet to /home/lcur0362/nltk_data...
Pre-loading annotations for topics in answer
[nltk_data]   Package wordnet is already up-to-date!
After removing empty topics, we have 12068; 3981; and 4058 samples for (respectively) train, dev, test sets for topic aux task
Datasets loaded
Loading model..
Model loaded
Starting training..
Epoch 0:
Dev results:
{'TOPICS': {'loss': 5.2426, 'accuracy': 0.0}, 'Circa': {'loss': 1.799, 'accuracy': 0.1505}, 'time': {'elapsed_time': '0:01:55.523747'}}
Epoch 1:
Train results:
{'TOPICS': {'loss': 3.9391, 'accuracy': 0.2297}, 'Circa': {'loss': 0.7605, 'accuracy': 0.7368}, 'time': {'elapsed_time': '0:19:33.272054'}}
Dev results:
{'Circa': {'loss': 0.6909, 'accuracy': 0.7575}, 'TOPICS': {'loss': 2.7483, 'accuracy': 0.5096}, 'time': {'elapsed_time': '0:02:09.779710'}}
Saving new best model..
New best model saved
---
Epoch 2:
Train results:
{'TOPICS': {'loss': 2.1485, 'accuracy': 0.614}, 'Circa': {'loss': 0.5226, 'accuracy': 0.8234}, 'time': {'elapsed_time': '0:19:25.938048'}}
Dev results:
{'TOPICS': {'loss': 1.7783, 'accuracy': 0.6853}, 'Circa': {'loss': 0.6061, 'accuracy': 0.7943}, 'time': {'elapsed_time': '0:02:09.842134'}}
Saving new best model..
New best model saved
---
Epoch 3:
Train results:
{'Circa': {'loss': 0.3746, 'accuracy': 0.8737}, 'TOPICS': {'loss': 1.3657, 'accuracy': 0.7537}, 'time': {'elapsed_time': '0:19:25.641613'}}
Dev results:
{'TOPICS': {'loss': 1.4718, 'accuracy': 0.7352}, 'Circa': {'loss': 0.6841, 'accuracy': 0.7962}, 'time': {'elapsed_time': '0:02:09.800627'}}
Saving new best model..
New best model saved
---
Epoch 4:
Train results:
{'Circa': {'loss': 0.2619, 'accuracy': 0.9117}, 'TOPICS': {'loss': 0.9605, 'accuracy': 0.8271}, 'time': {'elapsed_time': '0:19:24.226701'}}
Dev results:
{'Circa': {'loss': 0.8767, 'accuracy': 0.7934}, 'TOPICS': {'loss': 1.2539, 'accuracy': 0.778}, 'time': {'elapsed_time': '0:02:09.104349'}}
---
Epoch 5:
Train results:
{'Circa': {'loss': 0.2055, 'accuracy': 0.9325}, 'TOPICS': {'loss': 0.7071, 'accuracy': 0.8733}, 'time': {'elapsed_time': '0:19:31.665565'}}
Dev results:
{'Circa': {'loss': 0.8521, 'accuracy': 0.7931}, 'TOPICS': {'loss': 1.2013, 'accuracy': 0.7948}, 'time': {'elapsed_time': '0:02:09.108034'}}
---
Training finished
Loading best model..
Best model loaded
Starting testing..
Test results:
{'TOPICS': {'loss': 1.2395, 'accuracy': 0.7685}, 'Circa': {'loss': 0.679, 'accuracy': 0.799}, 'time': {'elapsed_time': '0:02:10.222616'}}
Testing finished
Saving results..
Results saved
