-----TRAINING PARAMETERS-----
Model version: QA
Labels: strict
Setting: matched
Test scenario: None
Auxilary tasks: ['SST2']
Auxilary task probing: False
PyTorch device: cuda
Max epochs: 5
Patience: 3
Learning rates: [5e-05, 2e-05]
Batch size: 8
Results directory: ./mtl_results
Progress bar: False
Advanced metrics: True
-----------------------------
Loading model..
Model loaded
Loading datasets..
Datasets loaded
Starting training..
Epoch 0:
Dev results:
{'Circa': {'loss': 1.8891, 'accuracy': 0.0186}, 'SST2': {'loss': 0.1794, 'accuracy': 0.5087}, 'time': {'elapsed_time': '0:01:26.423351'}}
Epoch 1:
Train results:
{'Circa': {'loss': 0.7454, 'accuracy': 0.7479}, 'SST2': {'loss': 0.0477, 'accuracy': 0.7459}, 'time': {'elapsed_time': '0:16:59.162566'}}
Dev results:
{'Circa': {'loss': 0.62, 'accuracy': 0.7912}, 'SST2': {'loss': 0.0292, 'accuracy': 0.8106}, 'time': {'elapsed_time': '0:01:28.979318'}}
Saving new best model..
New best model saved
---
Epoch 2:
Train results:
{'SST2': {'loss': 0.029, 'accuracy': 0.8185}, 'Circa': {'loss': 0.5122, 'accuracy': 0.8309}, 'time': {'elapsed_time': '0:16:37.439362'}}
Dev results:
{'SST2': {'loss': 0.0273, 'accuracy': 0.8329}, 'Circa': {'loss': 0.6147, 'accuracy': 0.8101}, 'time': {'elapsed_time': '0:01:29.043211'}}
Saving new best model..
New best model saved
---
Epoch 3:
Train results:
{'SST2': {'loss': 0.0217, 'accuracy': 0.8644}, 'Circa': {'loss': 0.3619, 'accuracy': 0.8822}, 'time': {'elapsed_time': '0:16:45.657615'}}
Dev results:
{'Circa': {'loss': 0.5787, 'accuracy': 0.8168}, 'SST2': {'loss': 0.0254, 'accuracy': 0.8241}, 'time': {'elapsed_time': '0:01:28.929304'}}
Saving new best model..
New best model saved
---
Epoch 4:
Train results:
{'SST2': {'loss': 0.0168, 'accuracy': 0.8874}, 'Circa': {'loss': 0.2653, 'accuracy': 0.9143}, 'time': {'elapsed_time': '0:16:35.906745'}}
Dev results:
{'Circa': {'loss': 0.6502, 'accuracy': 0.8053}, 'SST2': {'loss': 0.0256, 'accuracy': 0.8442}, 'time': {'elapsed_time': '0:01:29.047084'}}
---
Epoch 5:
Train results:
{'SST2': {'loss': 0.0142, 'accuracy': 0.8988}, 'Circa': {'loss': 0.1947, 'accuracy': 0.9326}, 'time': {'elapsed_time': '0:16:32.884383'}}
Dev results:
{'Circa': {'loss': 0.7549, 'accuracy': 0.8062}, 'SST2': {'loss': 0.0269, 'accuracy': 0.8238}, 'time': {'elapsed_time': '0:01:29.133722'}}
---
Training finished
Loading best model..
Best model loaded
Starting testing..
{'Yes': 0, 'Probably yes / sometimes yes': 3, 'Yes, subject to some conditions': 5, 'No': 1, 'Probably no': 4, 'In the middle, neither yes nor no': 2}
Test results:
{'SST2': {'loss': 0.0228, 'accuracy': 0.8407}, 'Circa': {'loss': 0.5987, 'accuracy': 0.8139, 'confusion_matrix': [[2560, 200, 15, 21, 2, 20], [305, 1815, 15, 4, 27, 5], [29, 34, 68, 5, 1, 6], [133, 20, 6, 71, 2, 13], [47, 158, 2, 4, 31, 4], [45, 13, 1, 3, 2, 449]], 'f1_scores': [0.8623884116557183, 0.8229426433915211, 0.5439999999999999, 0.40226628895184136, 0.19935691318327972, 0.8891089108910891]}, 'time': {'elapsed_time': '0:01:42.250149'}}
Testing finished
Saving results..
Results saved
