-----TRAINING PARAMETERS-----
Model version: QA
Labels: relaxed
Setting: matched
Test scenario: None
Auxilary tasks: ['TOPICS']
Auxilary task probing: False
PyTorch device: cuda
Max epochs: 5
Patience: 3
Learning rates: [5e-05, 2e-05]
Batch size: 8
Results directory: ./mtl_results
Progress bar: False
-----------------------------
Loading datasets..
Pre-loading annotations for most important word in answer
[nltk_data] Downloading package wordnet to /home/lcur0362/nltk_data...
[nltk_data]   Package wordnet is already up-to-date!
Pre-loading annotations for topics in answer
After removing empty topics, we have 12068; 4033; and 4006 samples for (respectively) train, dev, test sets for topic aux task
Datasets loaded
Loading model..
Model loaded
Starting training..
Epoch 0:
Dev results:
{'TOPICS': {'loss': 5.7652, 'accuracy': 0.0007}, 'Circa': {'loss': 1.9969, 'accuracy': 0.0182}, 'time': {'elapsed_time': '0:01:56.532017'}}
Epoch 1:
Train results:
{'Circa': {'loss': 0.6189, 'accuracy': 0.7543}, 'TOPICS': {'loss': 4.927, 'accuracy': 0.0478}, 'time': {'elapsed_time': '0:18:02.789522'}}
Dev results:
{'TOPICS': {'loss': 4.3661, 'accuracy': 0.1533}, 'Circa': {'loss': 0.4859, 'accuracy': 0.824}, 'time': {'elapsed_time': '0:02:00.102170'}}
Saving new best model..
New best model saved
---
Epoch 2:
Train results:
{'Circa': {'loss': 0.4219, 'accuracy': 0.8483}, 'TOPICS': {'loss': 3.7025, 'accuracy': 0.3177}, 'time': {'elapsed_time': '0:18:05.198700'}}
Dev results:
{'Circa': {'loss': 0.4338, 'accuracy': 0.8378}, 'TOPICS': {'loss': 2.9537, 'accuracy': 0.4905}, 'time': {'elapsed_time': '0:02:00.081806'}}
Saving new best model..
New best model saved
---
Epoch 3:
Train results:
{'Circa': {'loss': 0.2893, 'accuracy': 0.8988}, 'TOPICS': {'loss': 2.5173, 'accuracy': 0.5563}, 'time': {'elapsed_time': '0:18:06.695384'}}
Dev results:
{'Circa': {'loss': 0.4958, 'accuracy': 0.8474}, 'TOPICS': {'loss': 2.1745, 'accuracy': 0.6153}, 'time': {'elapsed_time': '0:02:00.059063'}}
Saving new best model..
New best model saved
---
Epoch 4:
Train results:
{'TOPICS': {'loss': 1.8378, 'accuracy': 0.6759}, 'Circa': {'loss': 0.2076, 'accuracy': 0.9324}, 'time': {'elapsed_time': '0:18:08.032759'}}
Dev results:
{'TOPICS': {'loss': 1.7856, 'accuracy': 0.673}, 'Circa': {'loss': 0.5683, 'accuracy': 0.8518}, 'time': {'elapsed_time': '0:01:59.984972'}}
Saving new best model..
New best model saved
---
Epoch 5:
Train results:
{'Circa': {'loss': 0.1487, 'accuracy': 0.9507}, 'TOPICS': {'loss': 1.3793, 'accuracy': 0.7587}, 'time': {'elapsed_time': '0:18:07.595129'}}
Dev results:
{'Circa': {'loss': 0.6429, 'accuracy': 0.8547}, 'TOPICS': {'loss': 1.5509, 'accuracy': 0.7363}, 'time': {'elapsed_time': '0:02:00.121775'}}
Saving new best model..
New best model saved
---
Training finished
Loading best model..
Best model loaded
Starting testing..
Test results:
{'Circa': {'loss': 0.6972, 'accuracy': 0.8452}, 'TOPICS': {'loss': 1.5747, 'accuracy': 0.7389}, 'time': {'elapsed_time': '0:01:59.614756'}}
Testing finished
Saving results..
Results saved
