-----TRAINING PARAMETERS-----
Model version: QA
Labels: relaxed
Setting: matched
Test scenario: None
Auxilary tasks: ['TOPICS']
Auxilary task probing: False
PyTorch device: cuda
Max epochs: 5
Patience: 3
Learning rates: [5e-05, 2e-05]
Batch size: 8
Results directory: ./mtl_results
Progress bar: False
-----------------------------
Loading datasets..
Pre-loading annotations for most important word in answer
[nltk_data] Downloading package wordnet to /home/lcur0362/nltk_data...
Pre-loading annotations for topics in answer
[nltk_data]   Package wordnet is already up-to-date!
After removing empty topics, we have 12068; 4024; and 4015 samples for (respectively) train, dev, test sets for topic aux task
Datasets loaded
Loading model..
Model loaded
Starting training..
Epoch 0:
Dev results:
{'Circa': {'loss': 1.9901, 'accuracy': 0.0215}, 'TOPICS': {'loss': 5.5071, 'accuracy': 0.0089}, 'time': {'elapsed_time': '0:01:59.155967'}}
Epoch 1:
Train results:
{'Circa': {'loss': 0.5675, 'accuracy': 0.7799}, 'TOPICS': {'loss': 4.4837, 'accuracy': 0.1121}, 'time': {'elapsed_time': '0:19:47.143102'}}
Dev results:
{'TOPICS': {'loss': 3.5628, 'accuracy': 0.3437}, 'Circa': {'loss': 0.5843, 'accuracy': 0.7872}, 'time': {'elapsed_time': '0:02:09.175695'}}
Saving new best model..
New best model saved
---
Epoch 2:
Train results:
{'Circa': {'loss': 0.3782, 'accuracy': 0.8613}, 'TOPICS': {'loss': 2.784, 'accuracy': 0.4979}, 'time': {'elapsed_time': '0:18:35.229913'}}
Dev results:
{'Circa': {'loss': 0.4401, 'accuracy': 0.8412}, 'TOPICS': {'loss': 2.1601, 'accuracy': 0.6245}, 'time': {'elapsed_time': '0:01:59.442212'}}
Saving new best model..
New best model saved
---
Epoch 3:
Train results:
{'Circa': {'loss': 0.2565, 'accuracy': 0.9121}, 'TOPICS': {'loss': 1.7578, 'accuracy': 0.6923}, 'time': {'elapsed_time': '0:18:46.261731'}}
Dev results:
{'Circa': {'loss': 0.437, 'accuracy': 0.8492}, 'TOPICS': {'loss': 1.6029, 'accuracy': 0.7095}, 'time': {'elapsed_time': '0:02:00.099556'}}
Saving new best model..
New best model saved
---
Epoch 4:
Train results:
{'TOPICS': {'loss': 1.239, 'accuracy': 0.7802}, 'Circa': {'loss': 0.188, 'accuracy': 0.9369}, 'time': {'elapsed_time': '0:18:18.722025'}}
Dev results:
{'TOPICS': {'loss': 1.3526, 'accuracy': 0.7574}, 'Circa': {'loss': 0.443, 'accuracy': 0.8543}, 'time': {'elapsed_time': '0:02:00.823589'}}
Saving new best model..
New best model saved
---
Epoch 5:
Train results:
{'Circa': {'loss': 0.1398, 'accuracy': 0.9553}, 'TOPICS': {'loss': 0.9391, 'accuracy': 0.8328}, 'time': {'elapsed_time': '0:18:12.936723'}}
Dev results:
{'TOPICS': {'loss': 1.237, 'accuracy': 0.7878}, 'Circa': {'loss': 0.5131, 'accuracy': 0.855}, 'time': {'elapsed_time': '0:02:00.948545'}}
Saving new best model..
New best model saved
---
Training finished
Loading best model..
Best model loaded
Starting testing..
Test results:
{'Circa': {'loss': 0.5226, 'accuracy': 0.8532}, 'TOPICS': {'loss': 1.219, 'accuracy': 0.7911}, 'time': {'elapsed_time': '0:02:00.415244'}}
Testing finished
Saving results..
Results saved
