-----TRAINING PARAMETERS-----
Model version: QA
Labels: relaxed
Setting: matched
Test scenario: None
Auxilary tasks: ['TOPICS']
Auxilary task probing: False
PyTorch device: cuda
Max epochs: 5
Patience: 3
Learning rates: [5e-05, 2e-05]
Batch size: 8
Results directory: ./mtl_results
Progress bar: False
-----------------------------
Loading datasets..
Pre-loading annotations for most important word in answer
[nltk_data] Downloading package wordnet to /home/lcur0362/nltk_data...
Pre-loading annotations for topics in answer
[nltk_data]   Package wordnet is already up-to-date!
After removing empty topics, we have 12068; 4017; and 4022 samples for (respectively) train, dev, test sets for topic aux task
Datasets loaded
Loading model..
Model loaded
Starting training..
Epoch 0:
Dev results:
{'Circa': {'loss': 1.9957, 'accuracy': 0.02}, 'TOPICS': {'loss': 5.2715, 'accuracy': 0.0002}, 'time': {'elapsed_time': '0:01:56.656410'}}
Epoch 1:
Train results:
{'Circa': {'loss': 0.5864, 'accuracy': 0.7741}, 'TOPICS': {'loss': 4.3237, 'accuracy': 0.1381}, 'time': {'elapsed_time': '0:18:18.847928'}}
Dev results:
{'TOPICS': {'loss': 3.0982, 'accuracy': 0.4234}, 'Circa': {'loss': 0.4454, 'accuracy': 0.8359}, 'time': {'elapsed_time': '0:02:00.972680'}}
Saving new best model..
New best model saved
---
Epoch 2:
Train results:
{'TOPICS': {'loss': 2.4008, 'accuracy': 0.5683}, 'Circa': {'loss': 0.393, 'accuracy': 0.856}, 'time': {'elapsed_time': '0:18:14.027376'}}
Dev results:
{'Circa': {'loss': 0.424, 'accuracy': 0.8447}, 'TOPICS': {'loss': 1.8155, 'accuracy': 0.6773}, 'time': {'elapsed_time': '0:02:01.005304'}}
Saving new best model..
New best model saved
---
Epoch 3:
Train results:
{'TOPICS': {'loss': 1.4737, 'accuracy': 0.7386}, 'Circa': {'loss': 0.2748, 'accuracy': 0.9046}, 'time': {'elapsed_time': '0:18:16.482748'}}
Dev results:
{'TOPICS': {'loss': 1.4736, 'accuracy': 0.7285}, 'Circa': {'loss': 0.4227, 'accuracy': 0.8519}, 'time': {'elapsed_time': '0:02:00.880706'}}
Saving new best model..
New best model saved
---
Epoch 4:
Train results:
{'TOPICS': {'loss': 1.0288, 'accuracy': 0.8193}, 'Circa': {'loss': 0.2055, 'accuracy': 0.9317}, 'time': {'elapsed_time': '0:18:16.997726'}}
Dev results:
{'TOPICS': {'loss': 1.2098, 'accuracy': 0.7839}, 'Circa': {'loss': 0.4734, 'accuracy': 0.8472}, 'time': {'elapsed_time': '0:02:00.881319'}}
---
Epoch 5:
Train results:
{'Circa': {'loss': 0.1501, 'accuracy': 0.951}, 'TOPICS': {'loss': 0.7916, 'accuracy': 0.8578}, 'time': {'elapsed_time': '0:18:16.450436'}}
Dev results:
{'Circa': {'loss': 0.5429, 'accuracy': 0.8517}, 'TOPICS': {'loss': 1.0878, 'accuracy': 0.8058}, 'time': {'elapsed_time': '0:02:00.732056'}}
---
Training finished
Loading best model..
Best model loaded
Starting testing..
Test results:
{'Circa': {'loss': 0.4404, 'accuracy': 0.849}, 'TOPICS': {'loss': 1.371, 'accuracy': 0.751}, 'time': {'elapsed_time': '0:02:01.122385'}}
Testing finished
Saving results..
Results saved
