-----TRAINING PARAMETERS-----
Model version: QA
Labels: relaxed
Setting: matched
Test scenario: None
Auxilary tasks: ['TOPICS']
Auxilary task probing: False
PyTorch device: cuda
Max epochs: 5
Patience: 3
Learning rates: [5e-05, 2e-05]
Batch size: 8
Results directory: ./mtl_results
Progress bar: False
-----------------------------
Loading datasets..
Pre-loading annotations for most important word in answer
[nltk_data] Downloading package wordnet to /home/lcur0362/nltk_data...
Pre-loading annotations for topics in answer
[nltk_data]   Package wordnet is already up-to-date!
After removing empty topics, we have 12068; 4007; and 4032 samples for (respectively) train, dev, test sets for topic aux task
Datasets loaded
Loading model..
Model loaded
Starting training..
Epoch 0:
Dev results:
{'TOPICS': {'loss': 3.6855, 'accuracy': 0.0363}, 'Circa': {'loss': 1.9953, 'accuracy': 0.0216}, 'time': {'elapsed_time': '0:01:57.666790'}}
Epoch 1:
Train results:
{'Circa': {'loss': 0.5789, 'accuracy': 0.7669}, 'TOPICS': {'loss': 2.3937, 'accuracy': 0.3755}, 'time': {'elapsed_time': '0:18:23.755889'}}
Dev results:
{'Circa': {'loss': 0.4707, 'accuracy': 0.8246}, 'TOPICS': {'loss': 1.4042, 'accuracy': 0.6738}, 'time': {'elapsed_time': '0:02:02.201927'}}
Saving new best model..
New best model saved
---
Epoch 2:
Train results:
{'Circa': {'loss': 0.3694, 'accuracy': 0.8651}, 'TOPICS': {'loss': 1.1003, 'accuracy': 0.7457}, 'time': {'elapsed_time': '0:18:26.244127'}}
Dev results:
{'Circa': {'loss': 0.4331, 'accuracy': 0.8357}, 'TOPICS': {'loss': 0.9661, 'accuracy': 0.7828}, 'time': {'elapsed_time': '0:02:02.117352'}}
Saving new best model..
New best model saved
---
Epoch 3:
Train results:
{'TOPICS': {'loss': 0.6767, 'accuracy': 0.8452}, 'Circa': {'loss': 0.2558, 'accuracy': 0.9107}, 'time': {'elapsed_time': '0:18:42.894237'}}
Dev results:
{'Circa': {'loss': 0.4669, 'accuracy': 0.8405}, 'TOPICS': {'loss': 0.8357, 'accuracy': 0.8113}, 'time': {'elapsed_time': '0:02:02.134788'}}
Saving new best model..
New best model saved
---
Epoch 4:
Train results:
{'TOPICS': {'loss': 0.4573, 'accuracy': 0.8961}, 'Circa': {'loss': 0.1768, 'accuracy': 0.9419}, 'time': {'elapsed_time': '0:18:23.640752'}}
Dev results:
{'Circa': {'loss': 0.5399, 'accuracy': 0.852}, 'TOPICS': {'loss': 0.864, 'accuracy': 0.8208}, 'time': {'elapsed_time': '0:02:02.730184'}}
Saving new best model..
New best model saved
---
Epoch 5:
Train results:
{'Circa': {'loss': 0.1364, 'accuracy': 0.9547}, 'TOPICS': {'loss': 0.3331, 'accuracy': 0.9209}, 'time': {'elapsed_time': '0:18:20.757692'}}
Dev results:
{'TOPICS': {'loss': 0.8321, 'accuracy': 0.829}, 'Circa': {'loss': 0.4564, 'accuracy': 0.8654}, 'time': {'elapsed_time': '0:02:02.160531'}}
Saving new best model..
New best model saved
---
Training finished
Loading best model..
Best model loaded
Starting testing..
Test results:
{'Circa': {'loss': 0.4646, 'accuracy': 0.8591}, 'TOPICS': {'loss': 0.7644, 'accuracy': 0.8448}, 'time': {'elapsed_time': '0:02:02.062323'}}
Testing finished
Saving results..
Results saved
