-----TRAINING PARAMETERS-----
Model version: QA
Labels: relaxed
Setting: matched
Test scenario: None
Auxilary tasks: ['TOPICS']
Auxilary task probing: False
PyTorch device: cuda
Max epochs: 5
Patience: 3
Learning rates: [5e-05, 2e-05]
Batch size: 8
Results directory: ./mtl_results
Progress bar: False
-----------------------------
Loading datasets..
Pre-loading annotations for most important word in answer
[nltk_data] Downloading package wordnet to /home/lcur0362/nltk_data...
Pre-loading annotations for topics in answer
[nltk_data]   Package wordnet is already up-to-date!
After removing empty topics, we have 12068; 4044; and 3995 samples for (respectively) train, dev, test sets for topic aux task
Datasets loaded
Loading model..
Model loaded
Starting training..
Epoch 0:
Dev results:
{'Circa': {'loss': 1.9894, 'accuracy': 0.0212}, 'TOPICS': {'loss': 3.6639, 'accuracy': 0.0111}, 'time': {'elapsed_time': '0:01:54.783682'}}
Epoch 1:
Train results:
{'TOPICS': {'loss': 2.4407, 'accuracy': 0.3693}, 'Circa': {'loss': 0.6063, 'accuracy': 0.7533}, 'time': {'elapsed_time': '0:17:53.159812'}}
Dev results:
{'TOPICS': {'loss': 1.4525, 'accuracy': 0.6543}, 'Circa': {'loss': 0.4757, 'accuracy': 0.8187}, 'time': {'elapsed_time': '0:01:59.075986'}}
Saving new best model..
New best model saved
---
Epoch 2:
Train results:
{'Circa': {'loss': 0.401, 'accuracy': 0.8534}, 'TOPICS': {'loss': 1.0975, 'accuracy': 0.7442}, 'time': {'elapsed_time': '0:17:52.669033'}}
Dev results:
{'Circa': {'loss': 0.4469, 'accuracy': 0.8445}, 'TOPICS': {'loss': 0.9605, 'accuracy': 0.7812}, 'time': {'elapsed_time': '0:01:58.992035'}}
Saving new best model..
New best model saved
---
Epoch 3:
Train results:
{'TOPICS': {'loss': 0.6642, 'accuracy': 0.8489}, 'Circa': {'loss': 0.2748, 'accuracy': 0.9045}, 'time': {'elapsed_time': '0:17:55.653200'}}
Dev results:
{'Circa': {'loss': 0.4258, 'accuracy': 0.8545}, 'TOPICS': {'loss': 0.8671, 'accuracy': 0.8158}, 'time': {'elapsed_time': '0:01:58.973703'}}
Saving new best model..
New best model saved
---
Epoch 4:
Train results:
{'Circa': {'loss': 0.1982, 'accuracy': 0.9334}, 'TOPICS': {'loss': 0.4691, 'accuracy': 0.8909}, 'time': {'elapsed_time': '0:17:54.845532'}}
Dev results:
{'TOPICS': {'loss': 0.8154, 'accuracy': 0.8245}, 'Circa': {'loss': 0.4453, 'accuracy': 0.8633}, 'time': {'elapsed_time': '0:01:58.988376'}}
Saving new best model..
New best model saved
---
Epoch 5:
Train results:
{'Circa': {'loss': 0.1458, 'accuracy': 0.953}, 'TOPICS': {'loss': 0.3375, 'accuracy': 0.9225}, 'time': {'elapsed_time': '0:17:53.520225'}}
Dev results:
{'TOPICS': {'loss': 0.8172, 'accuracy': 0.8301}, 'Circa': {'loss': 0.5154, 'accuracy': 0.8598}, 'time': {'elapsed_time': '0:01:58.944265'}}
---
Training finished
Loading best model..
Best model loaded
Starting testing..
Test results:
{'Circa': {'loss': 0.4483, 'accuracy': 0.8567}, 'TOPICS': {'loss': 0.8315, 'accuracy': 0.8259}, 'time': {'elapsed_time': '0:01:58.472894'}}
Testing finished
Saving results..
Results saved
