-----TRAINING PARAMETERS-----
Model version: QA
Labels: relaxed
Setting: matched
Test scenario: None
Auxilary tasks: ['TOPICS']
Auxilary task probing: False
PyTorch device: cuda
Max epochs: 5
Patience: 3
Learning rates: [5e-05, 2e-05]
Batch size: 8
Results directory: ./mtl_results
Progress bar: False
-----------------------------
Loading datasets..
Pre-loading annotations for most important word in answer
[nltk_data] Downloading package wordnet to /home/lcur0362/nltk_data...
Pre-loading annotations for topics in answer
[nltk_data]   Package wordnet is already up-to-date!
After removing empty topics, we have 12068; 4012; and 4027 samples for (respectively) train, dev, test sets for topic aux task
Datasets loaded
Loading model..
Model loaded
Starting training..
Epoch 0:
Dev results:
{'Circa': {'loss': 1.9971, 'accuracy': 0.0206}, 'TOPICS': {'loss': 5.7284, 'accuracy': 0.0029}, 'time': {'elapsed_time': '0:01:56.448924'}}
Epoch 1:
Train results:
{'Circa': {'loss': 0.9365, 'accuracy': 0.5478}, 'TOPICS': {'loss': 5.0763, 'accuracy': 0.0199}, 'time': {'elapsed_time': '0:19:18.575672'}}
Dev results:
{'Circa': {'loss': 0.9933, 'accuracy': 0.5138}, 'TOPICS': {'loss': 4.9741, 'accuracy': 0.0241}, 'time': {'elapsed_time': '0:02:07.044354'}}
Saving new best model..
New best model saved
---
Epoch 2:
Train results:
{'TOPICS': {'loss': 4.9864, 'accuracy': 0.0209}, 'Circa': {'loss': 1.0159, 'accuracy': 0.4858}, 'time': {'elapsed_time': '0:19:13.164742'}}
Dev results:
{'Circa': {'loss': 0.9939, 'accuracy': 0.5118}, 'TOPICS': {'loss': 4.9804, 'accuracy': 0.0246}, 'time': {'elapsed_time': '0:02:06.328984'}}
---
Epoch 3:
Train results:
{'TOPICS': {'loss': 4.9813, 'accuracy': 0.02}, 'Circa': {'loss': 1.0131, 'accuracy': 0.4848}, 'time': {'elapsed_time': '0:19:11.853650'}}
Dev results:
{'Circa': {'loss': 0.9965, 'accuracy': 0.5129}, 'TOPICS': {'loss': 4.9741, 'accuracy': 0.0166}, 'time': {'elapsed_time': '0:02:06.627848'}}
---
Epoch 4:
Train results:
{'TOPICS': {'loss': 4.9806, 'accuracy': 0.02}, 'Circa': {'loss': 1.0148, 'accuracy': 0.4892}, 'time': {'elapsed_time': '0:19:23.545421'}}
Dev results:
{'Circa': {'loss': 0.9935, 'accuracy': 0.5134}, 'TOPICS': {'loss': 4.9831, 'accuracy': 0.024}, 'time': {'elapsed_time': '0:02:06.516604'}}
---
Training finished
Loading best model..
Best model loaded
Starting testing..
Test results:
{'Circa': {'loss': 1.0013, 'accuracy': 0.505}, 'TOPICS': {'loss': 4.9497, 'accuracy': 0.0258}, 'time': {'elapsed_time': '0:02:07.012690'}}
Testing finished
Saving results..
Results saved
