-----TRAINING PARAMETERS-----
Model version: QA
Labels: relaxed
Setting: matched
Test scenario: None
Auxilary tasks: ['TOPICS']
Auxilary task probing: False
PyTorch device: cuda
Max epochs: 5
Patience: 3
Learning rates: [5e-05, 2e-05]
Batch size: 8
Results directory: ./mtl_results
Progress bar: False
-----------------------------
Loading datasets..
Pre-loading annotations for most important word in answer
[nltk_data] Downloading package wordnet to /home/lcur0362/nltk_data...
[nltk_data]   Package wordnet is already up-to-date!
Pre-loading annotations for topics in answer
After removing empty topics, we have 12068; 4036; and 4003 samples for (respectively) train, dev, test sets for topic aux task
Datasets loaded
Loading model..
Model loaded
Starting training..
Epoch 0:
Dev results:
{'TOPICS': {'loss': 2.946, 'accuracy': 0.1071}, 'Circa': {'loss': 1.9892, 'accuracy': 0.022}, 'time': {'elapsed_time': '0:01:57.333049'}}
Epoch 1:
Train results:
{'TOPICS': {'loss': 1.7373, 'accuracy': 0.4892}, 'Circa': {'loss': 0.5449, 'accuracy': 0.7841}, 'time': {'elapsed_time': '0:18:34.039200'}}
Dev results:
{'Circa': {'loss': 0.4794, 'accuracy': 0.8396}, 'TOPICS': {'loss': 1.0256, 'accuracy': 0.7297}, 'time': {'elapsed_time': '0:02:02.408617'}}
Saving new best model..
New best model saved
---
Epoch 2:
Train results:
{'TOPICS': {'loss': 0.8163, 'accuracy': 0.7857}, 'Circa': {'loss': 0.3246, 'accuracy': 0.8825}, 'time': {'elapsed_time': '0:18:31.890256'}}
Dev results:
{'Circa': {'loss': 0.4553, 'accuracy': 0.8558}, 'TOPICS': {'loss': 0.7796, 'accuracy': 0.794}, 'time': {'elapsed_time': '0:02:02.345449'}}
Saving new best model..
New best model saved
---
Epoch 3:
Train results:
{'TOPICS': {'loss': 0.5215, 'accuracy': 0.8634}, 'Circa': {'loss': 0.2064, 'accuracy': 0.9295}, 'time': {'elapsed_time': '0:18:31.906697'}}
Dev results:
{'Circa': {'loss': 0.5558, 'accuracy': 0.8579}, 'TOPICS': {'loss': 0.7286, 'accuracy': 0.8183}, 'time': {'elapsed_time': '0:02:02.435493'}}
Saving new best model..
New best model saved
---
Epoch 4:
Train results:
{'Circa': {'loss': 0.1384, 'accuracy': 0.9516}, 'TOPICS': {'loss': 0.3632, 'accuracy': 0.9046}, 'time': {'elapsed_time': '0:18:31.155189'}}
Dev results:
{'TOPICS': {'loss': 0.6324, 'accuracy': 0.8476}, 'Circa': {'loss': 0.5679, 'accuracy': 0.8671}, 'time': {'elapsed_time': '0:02:02.357787'}}
Saving new best model..
New best model saved
---
Epoch 5:
Train results:
{'TOPICS': {'loss': 0.2709, 'accuracy': 0.9319}, 'Circa': {'loss': 0.1084, 'accuracy': 0.965}, 'time': {'elapsed_time': '0:18:35.626073'}}
Dev results:
{'Circa': {'loss': 0.5352, 'accuracy': 0.8642}, 'TOPICS': {'loss': 0.6654, 'accuracy': 0.85}, 'time': {'elapsed_time': '0:02:03.781063'}}
---
Training finished
Loading best model..
Best model loaded
Starting testing..
Test results:
{'TOPICS': {'loss': 0.592, 'accuracy': 0.8551}, 'Circa': {'loss': 0.5718, 'accuracy': 0.8635}, 'time': {'elapsed_time': '0:02:02.972627'}}
Testing finished
Saving results..
Results saved
