-----TRAINING PARAMETERS-----
Model version: QA
Labels: relaxed
Setting: matched
Test scenario: None
Auxilary tasks: ['TOPICS']
Auxilary task probing: False
PyTorch device: cuda
Max epochs: 5
Patience: 3
Learning rates: [5e-05, 2e-05]
Batch size: 8
Results directory: ./mtl_results
Progress bar: False
-----------------------------
Loading datasets..
Pre-loading annotations for most important word in answer
[nltk_data] Downloading package wordnet to /home/lcur0362/nltk_data...
Pre-loading annotations for topics in answer
[nltk_data]   Package wordnet is already up-to-date!
After removing empty topics, we have 12068; 4027; and 4012 samples for (respectively) train, dev, test sets for topic aux task
Datasets loaded
Loading model..
Model loaded
Starting training..
Epoch 0:
Dev results:
{'TOPICS': {'loss': 5.0731, 'accuracy': 0.0204}, 'Circa': {'loss': 1.9914, 'accuracy': 0.0225}, 'time': {'elapsed_time': '0:01:53.980279'}}
Epoch 1:
Train results:
{'Circa': {'loss': 0.5734, 'accuracy': 0.7748}, 'TOPICS': {'loss': 4.1397, 'accuracy': 0.1403}, 'time': {'elapsed_time': '0:17:49.858752'}}
Dev results:
{'TOPICS': {'loss': 3.0449, 'accuracy': 0.4265}, 'Circa': {'loss': 0.4767, 'accuracy': 0.8252}, 'time': {'elapsed_time': '0:01:56.796584'}}
Saving new best model..
New best model saved
---
Epoch 2:
Train results:
{'Circa': {'loss': 0.3742, 'accuracy': 0.8653}, 'TOPICS': {'loss': 2.3593, 'accuracy': 0.5529}, 'time': {'elapsed_time': '0:17:43.620183'}}
Dev results:
{'TOPICS': {'loss': 1.7913, 'accuracy': 0.6729}, 'Circa': {'loss': 0.4122, 'accuracy': 0.8531}, 'time': {'elapsed_time': '0:01:56.861948'}}
Saving new best model..
New best model saved
---
Epoch 3:
Train results:
{'Circa': {'loss': 0.2572, 'accuracy': 0.9121}, 'TOPICS': {'loss': 1.4068, 'accuracy': 0.7449}, 'time': {'elapsed_time': '0:17:43.519378'}}
Dev results:
{'Circa': {'loss': 0.4416, 'accuracy': 0.853}, 'TOPICS': {'loss': 1.3096, 'accuracy': 0.7629}, 'time': {'elapsed_time': '0:01:56.864617'}}
---
Epoch 4:
Train results:
{'Circa': {'loss': 0.1836, 'accuracy': 0.9394}, 'TOPICS': {'loss': 0.9302, 'accuracy': 0.8325}, 'time': {'elapsed_time': '0:17:43.891753'}}
Dev results:
{'Circa': {'loss': 0.4974, 'accuracy': 0.8459}, 'TOPICS': {'loss': 1.1456, 'accuracy': 0.7932}, 'time': {'elapsed_time': '0:01:56.861620'}}
---
Epoch 5:
Train results:
{'TOPICS': {'loss': 0.6831, 'accuracy': 0.8736}, 'Circa': {'loss': 0.1401, 'accuracy': 0.9547}, 'time': {'elapsed_time': '0:17:45.167325'}}
Dev results:
{'Circa': {'loss': 0.5636, 'accuracy': 0.8526}, 'TOPICS': {'loss': 1.1216, 'accuracy': 0.7994}, 'time': {'elapsed_time': '0:01:57.365266'}}
---
Training finished
Loading best model..
Best model loaded
Starting testing..
Test results:
{'Circa': {'loss': 0.4172, 'accuracy': 0.8487}, 'TOPICS': {'loss': 1.6041, 'accuracy': 0.6907}, 'time': {'elapsed_time': '0:01:56.720418'}}
Testing finished
Saving results..
Results saved
