-----TRAINING PARAMETERS-----
Model version: QA
Labels: relaxed
Setting: matched
Test scenario: None
Auxilary tasks: ['TOPICS']
Auxilary task probing: False
PyTorch device: cuda
Max epochs: 5
Patience: 3
Learning rates: [5e-05, 2e-05]
Batch size: 8
Results directory: ./mtl_results
Progress bar: False
-----------------------------
Loading datasets..
Pre-loading annotations for most important word in answer
[nltk_data] Downloading package wordnet to /home/lcur0362/nltk_data...
Pre-loading annotations for topics in answer
[nltk_data]   Package wordnet is already up-to-date!
After removing empty topics, we have 12068; 4086; and 3953 samples for (respectively) train, dev, test sets for topic aux task
Datasets loaded
Loading model..
Model loaded
Starting training..
Epoch 0:
Dev results:
{'TOPICS': {'loss': 4.5483, 'accuracy': 0.0116}, 'Circa': {'loss': 1.9931, 'accuracy': 0.0209}, 'time': {'elapsed_time': '0:02:02.224086'}}
Epoch 1:
Train results:
{'Circa': {'loss': 0.6486, 'accuracy': 0.7415}, 'TOPICS': {'loss': 3.9429, 'accuracy': 0.0668}, 'time': {'elapsed_time': '0:19:29.662100'}}
Dev results:
{'Circa': {'loss': 0.5313, 'accuracy': 0.8126}, 'TOPICS': {'loss': 3.5583, 'accuracy': 0.1824}, 'time': {'elapsed_time': '0:02:10.445730'}}
Saving new best model..
New best model saved
---
Epoch 2:
Train results:
{'TOPICS': {'loss': 2.8602, 'accuracy': 0.3572}, 'Circa': {'loss': 0.445, 'accuracy': 0.8428}, 'time': {'elapsed_time': '0:19:23.096445'}}
Dev results:
{'TOPICS': {'loss': 2.1699, 'accuracy': 0.5701}, 'Circa': {'loss': 0.5112, 'accuracy': 0.8345}, 'time': {'elapsed_time': '0:02:10.499957'}}
Saving new best model..
New best model saved
---
Epoch 3:
Train results:
{'TOPICS': {'loss': 1.7758, 'accuracy': 0.6362}, 'Circa': {'loss': 0.3169, 'accuracy': 0.8917}, 'time': {'elapsed_time': '0:19:26.946276'}}
Dev results:
{'Circa': {'loss': 0.4496, 'accuracy': 0.8585}, 'TOPICS': {'loss': 1.5662, 'accuracy': 0.6844}, 'time': {'elapsed_time': '0:02:10.477559'}}
Saving new best model..
New best model saved
---
Epoch 4:
Train results:
{'Circa': {'loss': 0.2286, 'accuracy': 0.9236}, 'TOPICS': {'loss': 1.2342, 'accuracy': 0.7455}, 'time': {'elapsed_time': '0:19:29.426143'}}
Dev results:
{'Circa': {'loss': 0.5018, 'accuracy': 0.8531}, 'TOPICS': {'loss': 1.2954, 'accuracy': 0.7452}, 'time': {'elapsed_time': '0:02:10.578555'}}
---
Epoch 5:
Train results:
{'Circa': {'loss': 0.1744, 'accuracy': 0.9443}, 'TOPICS': {'loss': 0.8947, 'accuracy': 0.8183}, 'time': {'elapsed_time': '0:19:27.605158'}}
Dev results:
{'TOPICS': {'loss': 1.1543, 'accuracy': 0.7813}, 'Circa': {'loss': 0.6249, 'accuracy': 0.8513}, 'time': {'elapsed_time': '0:02:10.469582'}}
---
Training finished
Loading best model..
Best model loaded
Starting testing..
Test results:
{'Circa': {'loss': 0.468, 'accuracy': 0.8486}, 'TOPICS': {'loss': 1.5029, 'accuracy': 0.6954}, 'time': {'elapsed_time': '0:02:09.133415'}}
Testing finished
Saving results..
Results saved
