-----TRAINING PARAMETERS-----
Model version: QA
Labels: relaxed
Setting: matched
Test scenario: None
Auxilary tasks: ['TOPICS']
Auxilary task probing: False
PyTorch device: cuda
Max epochs: 5
Patience: 3
Learning rates: [5e-05, 2e-05]
Batch size: 8
Results directory: ./mtl_results
Progress bar: False
-----------------------------
Loading datasets..
Pre-loading annotations for most important word in answer
[nltk_data] Downloading package wordnet to /home/lcur0362/nltk_data...
Pre-loading annotations for topics in answer
[nltk_data]   Package wordnet is already up-to-date!
After removing empty topics, we have 12068; 4014; and 4025 samples for (respectively) train, dev, test sets for topic aux task
Datasets loaded
Loading model..
Model loaded
Starting training..
Epoch 0:
Dev results:
{'TOPICS': {'loss': 5.3806, 'accuracy': 0.0098}, 'Circa': {'loss': 1.9933, 'accuracy': 0.0244}, 'time': {'elapsed_time': '0:02:03.908431'}}
Epoch 1:
Train results:
{'TOPICS': {'loss': 4.5405, 'accuracy': 0.1184}, 'Circa': {'loss': 0.5673, 'accuracy': 0.7748}, 'time': {'elapsed_time': '0:19:37.606039'}}
Dev results:
{'TOPICS': {'loss': 3.5429, 'accuracy': 0.3926}, 'Circa': {'loss': 0.4655, 'accuracy': 0.8235}, 'time': {'elapsed_time': '0:02:09.488994'}}
Saving new best model..
New best model saved
---
Epoch 2:
Train results:
{'Circa': {'loss': 0.3571, 'accuracy': 0.8703}, 'TOPICS': {'loss': 2.76, 'accuracy': 0.5218}, 'time': {'elapsed_time': '0:19:23.662880'}}
Dev results:
{'TOPICS': {'loss': 2.1801, 'accuracy': 0.6283}, 'Circa': {'loss': 0.4721, 'accuracy': 0.8525}, 'time': {'elapsed_time': '0:02:09.596153'}}
Saving new best model..
New best model saved
---
Epoch 3:
Train results:
{'Circa': {'loss': 0.2445, 'accuracy': 0.9167}, 'TOPICS': {'loss': 1.7606, 'accuracy': 0.692}, 'time': {'elapsed_time': '0:19:24.060926'}}
Dev results:
{'TOPICS': {'loss': 1.6491, 'accuracy': 0.7099}, 'Circa': {'loss': 0.4572, 'accuracy': 0.8625}, 'time': {'elapsed_time': '0:02:09.615570'}}
Saving new best model..
New best model saved
---
Epoch 4:
Train results:
{'TOPICS': {'loss': 1.2301, 'accuracy': 0.7846}, 'Circa': {'loss': 0.164, 'accuracy': 0.946}, 'time': {'elapsed_time': '0:19:21.973985'}}
Dev results:
{'TOPICS': {'loss': 1.3694, 'accuracy': 0.7536}, 'Circa': {'loss': 0.5504, 'accuracy': 0.8619}, 'time': {'elapsed_time': '0:02:09.564958'}}
---
Epoch 5:
Train results:
{'Circa': {'loss': 0.121, 'accuracy': 0.9608}, 'TOPICS': {'loss': 0.9479, 'accuracy': 0.8315}, 'time': {'elapsed_time': '0:19:27.775103'}}
Dev results:
{'Circa': {'loss': 0.6326, 'accuracy': 0.8645}, 'TOPICS': {'loss': 1.2585, 'accuracy': 0.7837}, 'time': {'elapsed_time': '0:02:09.471148'}}
Saving new best model..
New best model saved
---
Training finished
Loading best model..
Best model loaded
Starting testing..
Test results:
{'TOPICS': {'loss': 1.2646, 'accuracy': 0.7861}, 'Circa': {'loss': 0.659, 'accuracy': 0.8586}, 'time': {'elapsed_time': '0:02:08.861083'}}
Testing finished
Saving results..
Results saved
