-----TRAINING PARAMETERS-----
Model version: QA
Labels: relaxed
Setting: matched
Test scenario: None
Auxilary tasks: ['TOPICS']
Auxilary task probing: False
PyTorch device: cuda
Max epochs: 5
Patience: 3
Learning rates: [5e-05, 2e-05]
Batch size: 8
Results directory: ./mtl_results
Progress bar: False
-----------------------------
Loading datasets..
Pre-loading annotations for most important word in answer
[nltk_data] Downloading package wordnet to /home/lcur0362/nltk_data...
Pre-loading annotations for topics in answer
[nltk_data]   Package wordnet is already up-to-date!
After removing empty topics, we have 12068; 4049; and 3990 samples for (respectively) train, dev, test sets for topic aux task
Datasets loaded
Loading model..
Model loaded
Starting training..
Epoch 0:
Dev results:
{'Circa': {'loss': 1.9897, 'accuracy': 0.0212}, 'TOPICS': {'loss': 5.7491, 'accuracy': 0.0068}, 'time': {'elapsed_time': '0:01:57.581910'}}
Epoch 1:
Train results:
{'Circa': {'loss': 0.584, 'accuracy': 0.7701}, 'TOPICS': {'loss': 4.9297, 'accuracy': 0.0484}, 'time': {'elapsed_time': '0:18:06.072453'}}
Dev results:
{'Circa': {'loss': 0.4664, 'accuracy': 0.8236}, 'TOPICS': {'loss': 4.3136, 'accuracy': 0.1649}, 'time': {'elapsed_time': '0:01:59.716095'}}
Saving new best model..
New best model saved
---
Epoch 2:
Train results:
{'Circa': {'loss': 0.3969, 'accuracy': 0.8557}, 'TOPICS': {'loss': 3.5904, 'accuracy': 0.3267}, 'time': {'elapsed_time': '0:18:06.160074'}}
Dev results:
{'TOPICS': {'loss': 2.8356, 'accuracy': 0.493}, 'Circa': {'loss': 0.4358, 'accuracy': 0.8418}, 'time': {'elapsed_time': '0:01:59.933141'}}
Saving new best model..
New best model saved
---
Epoch 3:
Train results:
{'TOPICS': {'loss': 2.3322, 'accuracy': 0.5901}, 'Circa': {'loss': 0.2769, 'accuracy': 0.902}, 'time': {'elapsed_time': '0:18:06.131992'}}
Dev results:
{'TOPICS': {'loss': 2.0263, 'accuracy': 0.6435}, 'Circa': {'loss': 0.4182, 'accuracy': 0.857}, 'time': {'elapsed_time': '0:01:59.763305'}}
Saving new best model..
New best model saved
---
Epoch 4:
Train results:
{'Circa': {'loss': 0.1872, 'accuracy': 0.9355}, 'TOPICS': {'loss': 1.5869, 'accuracy': 0.7265}, 'time': {'elapsed_time': '0:18:03.714147'}}
Dev results:
{'TOPICS': {'loss': 1.6018, 'accuracy': 0.7336}, 'Circa': {'loss': 0.4674, 'accuracy': 0.8519}, 'time': {'elapsed_time': '0:01:59.861472'}}
---
Epoch 5:
Train results:
{'TOPICS': {'loss': 1.1496, 'accuracy': 0.8062}, 'Circa': {'loss': 0.1424, 'accuracy': 0.9529}, 'time': {'elapsed_time': '0:18:04.987792'}}
Dev results:
{'Circa': {'loss': 0.4791, 'accuracy': 0.8589}, 'TOPICS': {'loss': 1.4159, 'accuracy': 0.7626}, 'time': {'elapsed_time': '0:01:59.832453'}}
Saving new best model..
New best model saved
---
Training finished
Loading best model..
Best model loaded
Starting testing..
Test results:
{'Circa': {'loss': 0.4903, 'accuracy': 0.8554}, 'TOPICS': {'loss': 1.3777, 'accuracy': 0.7679}, 'time': {'elapsed_time': '0:01:59.095191'}}
Testing finished
Saving results..
Results saved
