-----TRAINING PARAMETERS-----
Model version: QA
Labels: relaxed
Setting: matched
Test scenario: None
Auxilary tasks: ['TOPICS']
Auxilary task probing: False
PyTorch device: cuda
Max epochs: 5
Patience: 3
Learning rates: [5e-05, 2e-05]
Batch size: 8
Results directory: ./mtl_results
Progress bar: False
-----------------------------
Loading datasets..
Pre-loading annotations for most important word in answer
[nltk_data] Downloading package wordnet to /home/lcur0659/nltk_data...
[nltk_data]   Package wordnet is already up-to-date!
Pre-loading annotations for topics in answer
After removing empty topics, we have 12068; 3981; and 4058 samples for (respectively) train, dev, test sets for topic aux task
Datasets loaded
Loading model..
Model loaded
Starting training..
Epoch 0:
Dev results:
{'TOPICS': {'loss': 2.8368, 'accuracy': 0.0327}, 'Circa': {'loss': 1.9991, 'accuracy': 0.0196}, 'time': {'elapsed_time': '0:01:56.569690'}}
Epoch 1:
Train results:
{'TOPICS': {'loss': 1.9375, 'accuracy': 0.3753}, 'Circa': {'loss': 0.6305, 'accuracy': 0.7475}, 'time': {'elapsed_time': '0:17:54.182055'}}
Dev results:
{'TOPICS': {'loss': 1.149, 'accuracy': 0.6861}, 'Circa': {'loss': 0.5373, 'accuracy': 0.7825}, 'time': {'elapsed_time': '0:01:56.536732'}}
Saving new best model..
New best model saved
---
Epoch 2:
Train results:
{'TOPICS': {'loss': 0.9288, 'accuracy': 0.7461}, 'Circa': {'loss': 0.4345, 'accuracy': 0.8452}, 'time': {'elapsed_time': '0:17:55.326728'}}
Dev results:
{'Circa': {'loss': 0.4989, 'accuracy': 0.8309}, 'TOPICS': {'loss': 0.8322, 'accuracy': 0.7792}, 'time': {'elapsed_time': '0:01:56.633414'}}
Saving new best model..
New best model saved
---
Epoch 3:
Train results:
{'Circa': {'loss': 0.3097, 'accuracy': 0.8935}, 'TOPICS': {'loss': 0.618, 'accuracy': 0.8351}, 'time': {'elapsed_time': '0:17:55.796107'}}
Dev results:
{'TOPICS': {'loss': 0.6954, 'accuracy': 0.8143}, 'Circa': {'loss': 0.4994, 'accuracy': 0.8303}, 'time': {'elapsed_time': '0:01:55.901642'}}
---
Epoch 4:
Train results:
{'TOPICS': {'loss': 0.4419, 'accuracy': 0.8843}, 'Circa': {'loss': 0.2242, 'accuracy': 0.9246}, 'time': {'elapsed_time': '0:17:59.094489'}}
Dev results:
{'TOPICS': {'loss': 0.6965, 'accuracy': 0.8332}, 'Circa': {'loss': 0.5573, 'accuracy': 0.8508}, 'time': {'elapsed_time': '0:01:56.306719'}}
Saving new best model..
New best model saved
---
Epoch 5:
Train results:
{'Circa': {'loss': 0.172, 'accuracy': 0.9432}, 'TOPICS': {'loss': 0.3527, 'accuracy': 0.9092}, 'time': {'elapsed_time': '0:18:53.160898'}}
Dev results:
{'TOPICS': {'loss': 0.6352, 'accuracy': 0.8513}, 'Circa': {'loss': 0.4933, 'accuracy': 0.8457}, 'time': {'elapsed_time': '0:02:06.251092'}}
---
Training finished
Loading best model..
Best model loaded
Starting testing..
Test results:
{'Circa': {'loss': 0.5723, 'accuracy': 0.8459}, 'TOPICS': {'loss': 0.661, 'accuracy': 0.8422}, 'time': {'elapsed_time': '0:02:07.232965'}}
Testing finished
Saving results..
Results saved
