-----TRAINING PARAMETERS-----
Model version: QA
Labels: relaxed
Setting: matched
Test scenario: None
Auxilary tasks: ['TOPICS']
Auxilary task probing: False
PyTorch device: cuda
Max epochs: 5
Patience: 3
Learning rates: [5e-05, 2e-05]
Batch size: 8
Results directory: ./mtl_results
Progress bar: False
-----------------------------
Loading datasets..
Pre-loading annotations for most important word in answer
[nltk_data] Downloading package wordnet to /home/lcur0659/nltk_data...
[nltk_data]   Package wordnet is already up-to-date!
Pre-loading annotations for topics in answer
After removing empty topics, we have 12068; 3967; and 4072 samples for (respectively) train, dev, test sets for topic aux task
Datasets loaded
Loading model..
Model loaded
Starting training..
Epoch 0:
Dev results:
{'Circa': {'loss': 1.9931, 'accuracy': 0.0205}, 'TOPICS': {'loss': 3.2505, 'accuracy': 0.0389}, 'time': {'elapsed_time': '0:01:56.872744'}}
Epoch 1:
Train results:
{'Circa': {'loss': 0.6226, 'accuracy': 0.7532}, 'TOPICS': {'loss': 2.1809, 'accuracy': 0.3412}, 'time': {'elapsed_time': '0:18:11.413654'}}
Dev results:
{'Circa': {'loss': 0.5144, 'accuracy': 0.8113}, 'TOPICS': {'loss': 1.3903, 'accuracy': 0.6402}, 'time': {'elapsed_time': '0:01:59.222520'}}
Saving new best model..
New best model saved
---
Epoch 2:
Train results:
{'Circa': {'loss': 0.4055, 'accuracy': 0.8533}, 'TOPICS': {'loss': 1.0201, 'accuracy': 0.7375}, 'time': {'elapsed_time': '0:18:10.277522'}}
Dev results:
{'Circa': {'loss': 0.5252, 'accuracy': 0.8409}, 'TOPICS': {'loss': 0.8285, 'accuracy': 0.7805}, 'time': {'elapsed_time': '0:01:59.250775'}}
Saving new best model..
New best model saved
---
Epoch 3:
Train results:
{'Circa': {'loss': 0.2882, 'accuracy': 0.9008}, 'TOPICS': {'loss': 0.6253, 'accuracy': 0.8418}, 'time': {'elapsed_time': '0:18:09.341186'}}
Dev results:
{'TOPICS': {'loss': 0.715, 'accuracy': 0.8232}, 'Circa': {'loss': 0.5553, 'accuracy': 0.8328}, 'time': {'elapsed_time': '0:01:59.195500'}}
---
Epoch 4:
Train results:
{'Circa': {'loss': 0.2025, 'accuracy': 0.9338}, 'TOPICS': {'loss': 0.4327, 'accuracy': 0.8892}, 'time': {'elapsed_time': '0:18:12.622995'}}
Dev results:
{'Circa': {'loss': 0.5691, 'accuracy': 0.836}, 'TOPICS': {'loss': 0.678, 'accuracy': 0.8393}, 'time': {'elapsed_time': '0:01:59.129608'}}
---
Epoch 5:
Train results:
{'Circa': {'loss': 0.1525, 'accuracy': 0.9513}, 'TOPICS': {'loss': 0.3303, 'accuracy': 0.9191}, 'time': {'elapsed_time': '0:18:08.125500'}}
Dev results:
{'Circa': {'loss': 0.6186, 'accuracy': 0.8481}, 'TOPICS': {'loss': 0.7128, 'accuracy': 0.8363}, 'time': {'elapsed_time': '0:01:59.830389'}}
Saving new best model..
New best model saved
---
Training finished
Loading best model..
Best model loaded
Starting testing..
Test results:
{'TOPICS': {'loss': 0.6828, 'accuracy': 0.8392}, 'Circa': {'loss': 0.5918, 'accuracy': 0.856}, 'time': {'elapsed_time': '0:02:00.158633'}}
Testing finished
Saving results..
Results saved
