-----TRAINING PARAMETERS-----
Model version: QA
Labels: relaxed
Setting: matched
Test scenario: None
Auxilary tasks: ['TOPICS']
Auxilary task probing: False
PyTorch device: cuda
Max epochs: 5
Patience: 3
Learning rates: [5e-05, 2e-05]
Batch size: 8
Results directory: ./mtl_results
Progress bar: False
-----------------------------
Loading datasets..
Pre-loading annotations for most important word in answer
[nltk_data] Downloading package wordnet to /home/lcur0362/nltk_data...
Pre-loading annotations for topics in answer
[nltk_data]   Package wordnet is already up-to-date!
After removing empty topics, we have 12068; 4023; and 4016 samples for (respectively) train, dev, test sets for topic aux task
Datasets loaded
Loading model..
Model loaded
Starting training..
Epoch 0:
Dev results:
{'Circa': {'loss': 1.9918, 'accuracy': 0.0194}, 'TOPICS': {'loss': 5.4324, 'accuracy': 0.0115}, 'time': {'elapsed_time': '0:01:57.022889'}}
Epoch 1:
Train results:
{'TOPICS': {'loss': 4.3394, 'accuracy': 0.1655}, 'Circa': {'loss': 0.5599, 'accuracy': 0.7821}, 'time': {'elapsed_time': '0:18:04.958635'}}
Dev results:
{'Circa': {'loss': 0.4345, 'accuracy': 0.8418}, 'TOPICS': {'loss': 3.1843, 'accuracy': 0.431}, 'time': {'elapsed_time': '0:01:59.518101'}}
Saving new best model..
New best model saved
---
Epoch 2:
Train results:
{'Circa': {'loss': 0.3563, 'accuracy': 0.8723}, 'TOPICS': {'loss': 2.5154, 'accuracy': 0.5595}, 'time': {'elapsed_time': '0:18:04.070392'}}
Dev results:
{'TOPICS': {'loss': 1.9634, 'accuracy': 0.6444}, 'Circa': {'loss': 0.4355, 'accuracy': 0.8544}, 'time': {'elapsed_time': '0:01:59.400587'}}
Saving new best model..
New best model saved
---
Epoch 3:
Train results:
{'Circa': {'loss': 0.2476, 'accuracy': 0.9133}, 'TOPICS': {'loss': 1.6063, 'accuracy': 0.7164}, 'time': {'elapsed_time': '0:18:06.705460'}}
Dev results:
{'Circa': {'loss': 0.4642, 'accuracy': 0.8507}, 'TOPICS': {'loss': 1.4919, 'accuracy': 0.7348}, 'time': {'elapsed_time': '0:01:59.486503'}}
---
Epoch 4:
Train results:
{'TOPICS': {'loss': 1.1146, 'accuracy': 0.8026}, 'Circa': {'loss': 0.1694, 'accuracy': 0.9428}, 'time': {'elapsed_time': '0:18:05.908441'}}
Dev results:
{'TOPICS': {'loss': 1.345, 'accuracy': 0.7673}, 'Circa': {'loss': 0.4729, 'accuracy': 0.8612}, 'time': {'elapsed_time': '0:01:59.343792'}}
Saving new best model..
New best model saved
---
Epoch 5:
Train results:
{'Circa': {'loss': 0.1301, 'accuracy': 0.9578}, 'TOPICS': {'loss': 0.8235, 'accuracy': 0.8541}, 'time': {'elapsed_time': '0:18:07.842619'}}
Dev results:
{'TOPICS': {'loss': 1.1646, 'accuracy': 0.7956}, 'Circa': {'loss': 0.4676, 'accuracy': 0.8612}, 'time': {'elapsed_time': '0:01:59.418896'}}
---
Training finished
Loading best model..
Best model loaded
Starting testing..
Test results:
{'TOPICS': {'loss': 1.2872, 'accuracy': 0.7692}, 'Circa': {'loss': 0.4729, 'accuracy': 0.8611}, 'time': {'elapsed_time': '0:01:59.572045'}}
Testing finished
Saving results..
Results saved
