-----TRAINING PARAMETERS-----
Model version: QA
Labels: relaxed
Setting: matched
Test scenario: None
Auxilary tasks: ['TOPICS']
Auxilary task probing: False
PyTorch device: cuda
Max epochs: 5
Patience: 3
Learning rates: [5e-05, 2e-05]
Batch size: 8
Results directory: ./mtl_results
Progress bar: False
-----------------------------
Loading datasets..
Pre-loading annotations for most important word in answer
[nltk_data] Downloading package wordnet to /home/lcur0659/nltk_data...
[nltk_data]   Package wordnet is already up-to-date!
Pre-loading annotations for topics in answer
After removing empty topics, we have 12068; 4008; and 4031 samples for (respectively) train, dev, test sets for topic aux task
Datasets loaded
Loading model..
Model loaded
Starting training..
Epoch 0:
Dev results:
{'Circa': {'loss': 1.9989, 'accuracy': 0.0204}, 'TOPICS': {'loss': 4.0917, 'accuracy': 0.0361}, 'time': {'elapsed_time': '0:02:02.151497'}}
Epoch 1:
Train results:
{'Circa': {'loss': 0.645, 'accuracy': 0.733}, 'TOPICS': {'loss': 3.0391, 'accuracy': 0.244}, 'time': {'elapsed_time': '0:19:20.569120'}}
Dev results:
{'Circa': {'loss': 0.5161, 'accuracy': 0.806}, 'TOPICS': {'loss': 1.956, 'accuracy': 0.5558}, 'time': {'elapsed_time': '0:02:09.272946'}}
Saving new best model..
New best model saved
---
Epoch 2:
Train results:
{'Circa': {'loss': 0.4331, 'accuracy': 0.8427}, 'TOPICS': {'loss': 1.5818, 'accuracy': 0.6486}, 'time': {'elapsed_time': '0:19:17.545204'}}
Dev results:
{'TOPICS': {'loss': 1.2222, 'accuracy': 0.7305}, 'Circa': {'loss': 0.4996, 'accuracy': 0.8313}, 'time': {'elapsed_time': '0:02:09.270380'}}
Saving new best model..
New best model saved
---
Epoch 3:
Train results:
{'TOPICS': {'loss': 1.0054, 'accuracy': 0.7803}, 'Circa': {'loss': 0.3007, 'accuracy': 0.8942}, 'time': {'elapsed_time': '0:19:12.881731'}}
Dev results:
{'Circa': {'loss': 0.517, 'accuracy': 0.839}, 'TOPICS': {'loss': 1.009, 'accuracy': 0.7817}, 'time': {'elapsed_time': '0:02:09.271587'}}
Saving new best model..
New best model saved
---
Epoch 4:
Train results:
{'Circa': {'loss': 0.2123, 'accuracy': 0.9299}, 'TOPICS': {'loss': 0.7217, 'accuracy': 0.8419}, 'time': {'elapsed_time': '0:19:15.121241'}}
Dev results:
{'Circa': {'loss': 0.5189, 'accuracy': 0.8504}, 'TOPICS': {'loss': 0.9483, 'accuracy': 0.7941}, 'time': {'elapsed_time': '0:02:09.268165'}}
Saving new best model..
New best model saved
---
Epoch 5:
Train results:
{'TOPICS': {'loss': 0.5489, 'accuracy': 0.8802}, 'Circa': {'loss': 0.1641, 'accuracy': 0.9481}, 'time': {'elapsed_time': '0:19:13.757546'}}
Dev results:
{'Circa': {'loss': 0.5738, 'accuracy': 0.8479}, 'TOPICS': {'loss': 0.915, 'accuracy': 0.8227}, 'time': {'elapsed_time': '0:02:09.774911'}}
---
Training finished
Loading best model..
Best model loaded
Starting testing..
Test results:
{'TOPICS': {'loss': 1.0514, 'accuracy': 0.7731}, 'Circa': {'loss': 0.5278, 'accuracy': 0.845}, 'time': {'elapsed_time': '0:02:09.735349'}}
Testing finished
Saving results..
Results saved
