-----TRAINING PARAMETERS-----
Model version: QA
Labels: relaxed
Setting: matched
Test scenario: None
Auxilary tasks: ['TOPICS']
Auxilary task probing: False
PyTorch device: cuda
Max epochs: 5
Patience: 3
Learning rates: [5e-05, 2e-05]
Batch size: 8
Results directory: ./mtl_results
Progress bar: False
-----------------------------
Loading datasets..
Pre-loading annotations for most important word in answer
[nltk_data] Downloading package wordnet to /home/lcur0362/nltk_data...
[nltk_data]   Package wordnet is already up-to-date!
Pre-loading annotations for topics in answer
After removing empty topics, we have 12068; 4022; and 4017 samples for (respectively) train, dev, test sets for topic aux task
Datasets loaded
Loading model..
Model loaded
Starting training..
Epoch 0:
Dev results:
{'Circa': {'loss': 1.9951, 'accuracy': 0.0214}, 'TOPICS': {'loss': 5.2535, 'accuracy': 0.0176}, 'time': {'elapsed_time': '0:01:57.400078'}}
Epoch 1:
Train results:
{'TOPICS': {'loss': 4.3777, 'accuracy': 0.1108}, 'Circa': {'loss': 0.5759, 'accuracy': 0.7783}, 'time': {'elapsed_time': '0:18:13.555087'}}
Dev results:
{'Circa': {'loss': 0.4698, 'accuracy': 0.8272}, 'TOPICS': {'loss': 3.2914, 'accuracy': 0.3776}, 'time': {'elapsed_time': '0:01:59.879471'}}
Saving new best model..
New best model saved
---
Epoch 2:
Train results:
{'TOPICS': {'loss': 2.4922, 'accuracy': 0.5456}, 'Circa': {'loss': 0.3742, 'accuracy': 0.8678}, 'time': {'elapsed_time': '0:18:15.269823'}}
Dev results:
{'Circa': {'loss': 0.4444, 'accuracy': 0.8453}, 'TOPICS': {'loss': 1.8437, 'accuracy': 0.6654}, 'time': {'elapsed_time': '0:02:00.193036'}}
Saving new best model..
New best model saved
---
Epoch 3:
Train results:
{'Circa': {'loss': 0.2507, 'accuracy': 0.9174}, 'TOPICS': {'loss': 1.4867, 'accuracy': 0.735}, 'time': {'elapsed_time': '0:18:13.934332'}}
Dev results:
{'TOPICS': {'loss': 1.482, 'accuracy': 0.7327}, 'Circa': {'loss': 0.4563, 'accuracy': 0.8514}, 'time': {'elapsed_time': '0:01:59.965877'}}
Saving new best model..
New best model saved
---
Epoch 4:
Train results:
{'TOPICS': {'loss': 1.0358, 'accuracy': 0.8146}, 'Circa': {'loss': 0.1721, 'accuracy': 0.9439}, 'time': {'elapsed_time': '0:18:14.658459'}}
Dev results:
{'Circa': {'loss': 0.4701, 'accuracy': 0.8591}, 'TOPICS': {'loss': 1.2246, 'accuracy': 0.7856}, 'time': {'elapsed_time': '0:01:59.921157'}}
Saving new best model..
New best model saved
---
Epoch 5:
Train results:
{'TOPICS': {'loss': 0.7724, 'accuracy': 0.8629}, 'Circa': {'loss': 0.1271, 'accuracy': 0.9594}, 'time': {'elapsed_time': '0:18:10.520150'}}
Dev results:
{'Circa': {'loss': 0.5418, 'accuracy': 0.8617}, 'TOPICS': {'loss': 1.1416, 'accuracy': 0.7983}, 'time': {'elapsed_time': '0:01:59.501012'}}
Saving new best model..
New best model saved
---
Training finished
Loading best model..
Best model loaded
Starting testing..
Test results:
{'TOPICS': {'loss': 1.1547, 'accuracy': 0.7988}, 'Circa': {'loss': 0.541, 'accuracy': 0.8647}, 'time': {'elapsed_time': '0:01:59.344976'}}
Testing finished
Saving results..
Results saved
