-----TRAINING PARAMETERS-----
Model version: QA
Labels: relaxed
Setting: matched
Test scenario: None
Auxilary tasks: ['TOPICS']
Auxilary task probing: False
PyTorch device: cuda
Max epochs: 5
Patience: 3
Learning rates: [5e-05, 2e-05]
Batch size: 8
Results directory: ./mtl_results
Progress bar: False
-----------------------------
Loading datasets..
Pre-loading annotations for most important word in answer
[nltk_data] Downloading package wordnet to /home/lcur0362/nltk_data...
[nltk_data]   Package wordnet is already up-to-date!
Pre-loading annotations for topics in answer
After removing empty topics, we have 12068; 4057; and 3982 samples for (respectively) train, dev, test sets for topic aux task
Datasets loaded
Loading model..
Model loaded
Starting training..
Epoch 0:
Dev results:
{'Circa': {'loss': 1.9905, 'accuracy': 0.0212}, 'TOPICS': {'loss': 4.853, 'accuracy': 0.004}, 'time': {'elapsed_time': '0:01:55.727860'}}
Epoch 1:
Train results:
{'Circa': {'loss': 0.546, 'accuracy': 0.7874}, 'TOPICS': {'loss': 3.7877, 'accuracy': 0.1998}, 'time': {'elapsed_time': '0:18:01.668402'}}
Dev results:
{'TOPICS': {'loss': 2.5726, 'accuracy': 0.4966}, 'Circa': {'loss': 0.4709, 'accuracy': 0.8174}, 'time': {'elapsed_time': '0:01:59.188248'}}
Saving new best model..
New best model saved
---
Epoch 2:
Train results:
{'TOPICS': {'loss': 1.9569, 'accuracy': 0.6272}, 'Circa': {'loss': 0.3428, 'accuracy': 0.8764}, 'time': {'elapsed_time': '0:18:05.442132'}}
Dev results:
{'TOPICS': {'loss': 1.4945, 'accuracy': 0.7219}, 'Circa': {'loss': 0.4291, 'accuracy': 0.8505}, 'time': {'elapsed_time': '0:01:59.457790'}}
Saving new best model..
New best model saved
---
Epoch 3:
Train results:
{'Circa': {'loss': 0.2242, 'accuracy': 0.9239}, 'TOPICS': {'loss': 1.1981, 'accuracy': 0.7772}, 'time': {'elapsed_time': '0:17:52.684691'}}
Dev results:
{'Circa': {'loss': 0.5009, 'accuracy': 0.8417}, 'TOPICS': {'loss': 1.2416, 'accuracy': 0.7735}, 'time': {'elapsed_time': '0:01:59.122660'}}
---
Epoch 4:
Train results:
{'Circa': {'loss': 0.1583, 'accuracy': 0.9463}, 'TOPICS': {'loss': 0.824, 'accuracy': 0.8496}, 'time': {'elapsed_time': '0:17:54.026823'}}
Dev results:
{'Circa': {'loss': 0.511, 'accuracy': 0.8657}, 'TOPICS': {'loss': 1.0965, 'accuracy': 0.8019}, 'time': {'elapsed_time': '0:01:59.045260'}}
Saving new best model..
New best model saved
---
Epoch 5:
Train results:
{'TOPICS': {'loss': 0.5929, 'accuracy': 0.8887}, 'Circa': {'loss': 0.1163, 'accuracy': 0.9636}, 'time': {'elapsed_time': '0:17:51.724599'}}
Dev results:
{'Circa': {'loss': 0.4901, 'accuracy': 0.86}, 'TOPICS': {'loss': 1.0259, 'accuracy': 0.8143}, 'time': {'elapsed_time': '0:01:59.065368'}}
---
Training finished
Loading best model..
Best model loaded
Starting testing..
Test results:
{'TOPICS': {'loss': 1.0803, 'accuracy': 0.8033}, 'Circa': {'loss': 0.5042, 'accuracy': 0.8601}, 'time': {'elapsed_time': '0:01:58.223528'}}
Testing finished
Saving results..
Results saved
