-----TRAINING PARAMETERS-----
Model version: QA
Labels: strict
Setting: matched
Auxilary tasks: ['IQAP']
Auxilary task probing: False
PyTorch device: cuda
Max epochs: 5
Patience: 3
Learning rates: [5e-05, 2e-05]
Batch size: 8
Results directory: ./mtl_results
Progress bar: False
-----------------------------
Loading model..
Model loaded
Loading datasets..
Datasets loaded
Starting training..
Epoch 0:
Dev results:
{'Circa': {'loss': 1.8889, 'accuracy': 0.0218}, 'IQAP': {'loss': 1.4115, 'accuracy': 0.1667}, 'time': {'elapsed_time': '0:01:09.931209'}}
Epoch 1:
Train results:
{'Circa': {'loss': 0.7559, 'accuracy': 0.737}, 'IQAP': {'loss': 1.345, 'accuracy': 0.3269}, 'time': {'elapsed_time': '0:10:48.574712'}}
Dev results:
{'Circa': {'loss': 0.6519, 'accuracy': 0.7801}, 'IQAP': {'loss': 1.3904, 'accuracy': 0.2083}, 'time': {'elapsed_time': '0:01:11.141446'}}
Saving new best model..
New best model saved
---
Epoch 2:
Train results:
{'Circa': {'loss': 0.5055, 'accuracy': 0.8317}, 'IQAP': {'loss': 1.3151, 'accuracy': 0.3729}, 'time': {'elapsed_time': '0:10:51.359448'}}
Dev results:
{'Circa': {'loss': 0.616, 'accuracy': 0.8022}, 'IQAP': {'loss': 1.3318, 'accuracy': 0.5}, 'time': {'elapsed_time': '0:01:11.148609'}}
Saving new best model..
New best model saved
---
Epoch 3:
Train results:
{'Circa': {'loss': 0.3614, 'accuracy': 0.8799}, 'IQAP': {'loss': 1.2414, 'accuracy': 0.4759}, 'time': {'elapsed_time': '0:10:48.998592'}}
Dev results:
{'Circa': {'loss': 0.6001, 'accuracy': 0.8058}, 'IQAP': {'loss': 1.2625, 'accuracy': 0.4583}, 'time': {'elapsed_time': '0:01:11.125853'}}
Saving new best model..
New best model saved
---
Epoch 4:
Train results:
{'Circa': {'loss': 0.2624, 'accuracy': 0.9132}, 'IQAP': {'loss': 1.0643, 'accuracy': 0.5632}, 'time': {'elapsed_time': '0:10:48.013562'}}
Dev results:
{'Circa': {'loss': 0.6462, 'accuracy': 0.8151}, 'IQAP': {'loss': 1.3094, 'accuracy': 0.375}, 'time': {'elapsed_time': '0:01:11.153987'}}
Saving new best model..
New best model saved
---
Epoch 5:
Train results:
{'Circa': {'loss': 0.1845, 'accuracy': 0.9377}, 'IQAP': {'loss': 0.9725, 'accuracy': 0.5802}, 'time': {'elapsed_time': '0:10:46.960417'}}
Dev results:
{'Circa': {'loss': 0.774, 'accuracy': 0.7982}, 'IQAP': {'loss': 1.2304, 'accuracy': 0.375}, 'time': {'elapsed_time': '0:01:11.440845'}}
---
Training finished
Loading best model..
Best model loaded
Starting testing..
Test results:
{'Circa': {'loss': 0.6483, 'accuracy': 0.8145}, 'IQAP': {'loss': 1.2289, 'accuracy': 0.4375}, 'time': {'elapsed_time': '0:01:11.233228'}}
Testing finished
Saving results..
Results saved
