-----TRAINING PARAMETERS-----
Model version: QA
Labels: strict
Setting: matched
Test scenario: None
Auxilary tasks: ['BOOLQ']
Auxilary task probing: True
PyTorch device: cuda
Max epochs: 5
Patience: 3
Learning rates: [5e-05, 2e-05]
Batch size: 8
Results directory: ./mtl_results
Progress bar: False
-----------------------------
Loading model..
Model loaded
Loading datasets..
Datasets loaded
Starting training..
Epoch 0:
Dev results:
{'Circa': {'loss': 1.8894, 'accuracy': 0.0223}, 'BOOLQ': {'loss': 0.6945, 'accuracy': 0.5107}, 'time': {'elapsed_time': '0:04:20.025802'}}
Epoch 1:
Train results:
{'Circa': {'loss': 0.7509, 'accuracy': 0.7392}, 'BOOLQ': {'loss': 0.6654, 'accuracy': 0.6108}, 'time': {'elapsed_time': '0:39:02.609103'}}
Dev results:
{'Circa': {'loss': 0.6448, 'accuracy': 0.7793}, 'BOOLQ': {'loss': 0.6588, 'accuracy': 0.6245}, 'time': {'elapsed_time': '0:05:37.036468'}}
Saving new best model..
New best model saved
---
Epoch 2:
Train results:
{'BOOLQ': {'loss': 0.6572, 'accuracy': 0.6187}, 'Circa': {'loss': 0.5124, 'accuracy': 0.8274}, 'time': {'elapsed_time': '0:38:40.192716'}}
Dev results:
{'Circa': {'loss': 0.593, 'accuracy': 0.8019}, 'BOOLQ': {'loss': 0.6643, 'accuracy': 0.6122}, 'time': {'elapsed_time': '0:05:33.583526'}}
Saving new best model..
New best model saved
---
Epoch 3:
Train results:
{'Circa': {'loss': 0.3644, 'accuracy': 0.8775}, 'BOOLQ': {'loss': 0.6584, 'accuracy': 0.626}, 'time': {'elapsed_time': '0:38:30.905637'}}
Dev results:
{'Circa': {'loss': 0.6273, 'accuracy': 0.8084}, 'BOOLQ': {'loss': 0.6511, 'accuracy': 0.6315}, 'time': {'elapsed_time': '0:05:36.428672'}}
Saving new best model..
New best model saved
---
Epoch 4:
Train results:
{'BOOLQ': {'loss': 0.6613, 'accuracy': 0.6231}, 'Circa': {'loss': 0.2665, 'accuracy': 0.9141}, 'time': {'elapsed_time': '0:38:59.872237'}}
Dev results:
{'Circa': {'loss': 0.6831, 'accuracy': 0.8123}, 'BOOLQ': {'loss': 0.6648, 'accuracy': 0.6105}, 'time': {'elapsed_time': '0:05:38.288013'}}
Saving new best model..
New best model saved
---
Epoch 5:
Train results:
{'Circa': {'loss': 0.1963, 'accuracy': 0.9366}, 'BOOLQ': {'loss': 0.6606, 'accuracy': 0.6217}, 'time': {'elapsed_time': '0:38:25.918093'}}
Dev results:
{'Circa': {'loss': 0.8448, 'accuracy': 0.7946}, 'BOOLQ': {'loss': 0.661, 'accuracy': 0.6227}, 'time': {'elapsed_time': '0:05:37.859855'}}
---
Training finished
Loading best model..
Best model loaded
Starting testing..
Test results:
{'Circa': {'loss': 0.6678, 'accuracy': 0.815}, 'BOOLQ': {'loss': 0.6489, 'accuracy': 0.6327}, 'time': {'elapsed_time': '0:05:35.138670'}}
Testing finished
Saving results..
Results saved
