-----TRAINING PARAMETERS-----
Model version: QA
Labels: strict
Setting: matched
Auxilary tasks: []
Auxilary task probing: False
PyTorch device: cuda
Max epochs: 5
Patience: 3
Learning rates: [3e-05]
Batch size: 8
Results directory: ./mtl_results
Progress bar: False
-----------------------------
Loading model..
Model loaded
Loading datasets..
Datasets loaded
Starting training..
Epoch 0:
Dev results:
{'Circa': {'loss': 1.8882, 'accuracy': 0.0202}, 'time': {'elapsed_time': '0:01:08.802813'}}
Epoch 1:
Train results:
{'Circa': {'loss': 0.7255, 'accuracy': 0.753}, 'time': {'elapsed_time': '0:10:57.352454'}}
Dev results:
{'Circa': {'loss': 0.5916, 'accuracy': 0.8078}, 'time': {'elapsed_time': '0:01:12.700229'}}
Saving new best model..
New best model saved
---
Epoch 2:
Train results:
{'Circa': {'loss': 0.4492, 'accuracy': 0.8532}, 'time': {'elapsed_time': '0:11:02.832446'}}
Dev results:
{'Circa': {'loss': 0.5575, 'accuracy': 0.8185}, 'time': {'elapsed_time': '0:01:12.630439'}}
Saving new best model..
New best model saved
---
Epoch 3:
Train results:
{'Circa': {'loss': 0.2981, 'accuracy': 0.9031}, 'time': {'elapsed_time': '0:11:08.536071'}}
Dev results:
{'Circa': {'loss': 0.5853, 'accuracy': 0.8224}, 'time': {'elapsed_time': '0:01:12.620002'}}
Saving new best model..
New best model saved
---
Epoch 4:
Train results:
{'Circa': {'loss': 0.2025, 'accuracy': 0.9316}, 'time': {'elapsed_time': '0:11:02.055877'}}
Dev results:
{'Circa': {'loss': 0.6769, 'accuracy': 0.8306}, 'time': {'elapsed_time': '0:01:12.909710'}}
Saving new best model..
New best model saved
---
Epoch 5:
Train results:
{'Circa': {'loss': 0.1434, 'accuracy': 0.9505}, 'time': {'elapsed_time': '0:11:07.710135'}}
Dev results:
{'Circa': {'loss': 0.7714, 'accuracy': 0.8177}, 'time': {'elapsed_time': '0:01:12.903395'}}
---
Training finished
Loading best model..
Best model loaded
Starting testing..
Test results:
{'Circa': {'loss': 0.7146, 'accuracy': 0.8224}, 'time': {'elapsed_time': '0:01:12.724111'}}
Testing finished
Saving results..
Results saved
