WARNING: $PATH does not agree with $PATH_modshare counter. The following directories' usage counters were adjusted to match. Note that this may mean that module unloading may not work correctly.
 /home/lcur0366/.conda/envs/CDM/bin
-----TRAINING PARAMETERS-----
Model version: QA
Labels: strict
Setting: unmatched
Test scenario: 6
Auxilary tasks: ['SST2']
Auxilary task probing: False
PyTorch device: cuda
Max epochs: 5
Patience: 3
Learning rates: [5e-05, 2e-05]
Batch size: 8
Results directory: ./mtl_results
Progress bar: False
-----------------------------
Loading model..
Model loaded
Loading datasets..
Datasets loaded
Starting training..
Epoch 0:
Dev results:
{'Circa': {'loss': 1.8912, 'accuracy': 0.0211}, 'SST2': {'loss': 0.1797, 'accuracy': 0.503}, 'time': {'elapsed_time': '0:01:23.516434'}}
Epoch 1:
Train results:
{'Circa': {'loss': 0.7325, 'accuracy': 0.7431}, 'SST2': {'loss': 0.0468, 'accuracy': 0.7428}, 'time': {'elapsed_time': '0:20:01.111181'}}
Dev results:
{'Circa': {'loss': 0.597, 'accuracy': 0.7934}, 'SST2': {'loss': 0.0258, 'accuracy': 0.8438}, 'time': {'elapsed_time': '0:01:24.812102'}}
Saving new best model..
New best model saved
---
Epoch 2:
Train results:
{'Circa': {'loss': 0.4996, 'accuracy': 0.8317}, 'SST2': {'loss': 0.0303, 'accuracy': 0.8158}, 'time': {'elapsed_time': '0:19:57.203257'}}
Dev results:
{'Circa': {'loss': 0.5431, 'accuracy': 0.8186}, 'SST2': {'loss': 0.0276, 'accuracy': 0.8429}, 'time': {'elapsed_time': '0:01:24.819569'}}
Saving new best model..
New best model saved
---
Epoch 3:
Train results:
{'Circa': {'loss': 0.3743, 'accuracy': 0.8755}, 'SST2': {'loss': 0.0233, 'accuracy': 0.8552}, 'time': {'elapsed_time': '0:20:01.263435'}}
Dev results:
{'Circa': {'loss': 0.598, 'accuracy': 0.8106}, 'SST2': {'loss': 0.0255, 'accuracy': 0.8407}, 'time': {'elapsed_time': '0:01:24.807433'}}
---
Epoch 4:
Train results:
{'SST2': {'loss': 0.0184, 'accuracy': 0.8783}, 'Circa': {'loss': 0.2743, 'accuracy': 0.9079}, 'time': {'elapsed_time': '0:19:56.343085'}}
Dev results:
{'Circa': {'loss': 0.6264, 'accuracy': 0.8207}, 'SST2': {'loss': 0.0298, 'accuracy': 0.8317}, 'time': {'elapsed_time': '0:01:24.818218'}}
Saving new best model..
New best model saved
---
Epoch 5:
Train results:
{'SST2': {'loss': 0.0153, 'accuracy': 0.8975}, 'Circa': {'loss': 0.206, 'accuracy': 0.9314}, 'time': {'elapsed_time': '0:20:03.064764'}}
Dev results:
{'Circa': {'loss': 0.6703, 'accuracy': 0.8231}, 'SST2': {'loss': 0.028, 'accuracy': 0.8147}, 'time': {'elapsed_time': '0:01:25.347752'}}
Saving new best model..
New best model saved
---
Training finished
Loading best model..
Best model loaded
Starting testing..
Test results:
{'Circa': {'loss': 0.7421, 'accuracy': 0.8082}, 'SST2': {'loss': 0.0252, 'accuracy': 0.8182}, 'time': {'elapsed_time': '0:01:08.449683'}}
Testing finished
Saving results..
Results saved
Saving results..
Results saved
