-----TRAINING PARAMETERS-----
Model version: QA
Labels: strict
Setting: unmatched
Test scenario: 3
Auxilary tasks: []
Auxilary task probing: False
PyTorch device: cuda
Max epochs: 5
Patience: 3
Learning rates: [3e-05]
Batch size: 8
Results directory: ./mtl_results
Progress bar: False
-----------------------------
Loading model..
Model loaded
Loading datasets..
Datasets loaded
Starting training..
Epoch 0:
Dev results:
{'Circa': {'loss': 1.7959, 'accuracy': 0.1569}, 'time': {'elapsed_time': '0:01:02.246632'}}
Epoch 1:
Train results:
{'Circa': {'loss': 0.704, 'accuracy': 0.761}, 'time': {'elapsed_time': '0:13:16.591293'}}
Dev results:
{'Circa': {'loss': 0.5689, 'accuracy': 0.8022}, 'time': {'elapsed_time': '0:01:06.799902'}}
Saving new best model..
New best model saved
---
Epoch 2:
Train results:
{'Circa': {'loss': 0.455, 'accuracy': 0.8507}, 'time': {'elapsed_time': '0:13:19.648450'}}
Dev results:
{'Circa': {'loss': 0.545, 'accuracy': 0.8283}, 'time': {'elapsed_time': '0:01:06.666828'}}
Saving new best model..
New best model saved
---
Epoch 3:
Train results:
{'Circa': {'loss': 0.3084, 'accuracy': 0.8957}, 'time': {'elapsed_time': '0:13:25.102292'}}
Dev results:
{'Circa': {'loss': 0.5966, 'accuracy': 0.8315}, 'time': {'elapsed_time': '0:01:06.698502'}}
Saving new best model..
New best model saved
---
Epoch 4:
Train results:
{'Circa': {'loss': 0.2149, 'accuracy': 0.9259}, 'time': {'elapsed_time': '0:13:20.295100'}}
Dev results:
{'Circa': {'loss': 0.6516, 'accuracy': 0.8129}, 'time': {'elapsed_time': '0:01:06.751179'}}
---
Epoch 5:
Train results:
{'Circa': {'loss': 0.1569, 'accuracy': 0.945}, 'time': {'elapsed_time': '0:13:19.383045'}}
Dev results:
{'Circa': {'loss': 0.6999, 'accuracy': 0.8265}, 'time': {'elapsed_time': '0:01:06.671024'}}
---
Training finished
Loading best model..
Best model loaded
Starting testing..
Test results:
{'Circa': {'loss': 0.6976, 'accuracy': 0.8059}, 'time': {'elapsed_time': '0:00:35.872643'}}
Testing finished
Saving results..
Results saved
Saving results..
Results saved
