-----TRAINING PARAMETERS-----
Model version: QA
Labels: strict
Setting: matched
Test scenario: None
Auxilary tasks: ['MNLI']
Auxilary task probing: False
PyTorch device: cuda
Max epochs: 5
Patience: 3
Learning rates: [3e-05, 3e-05]
Batch size: 8
Results directory: ./mtl_results
Progress bar: False
Advanced metrics: False
Pretrain: True
-----------------------------
Loading model..
Model loaded
Loading datasets..
Datasets loaded for training:  ('Circa',)
Datasets loaded for pretraining:  ('MNLI',)
Start pretraining on datasets:  ('MNLI',)
Starting training..
Epoch 0:
Dev results:
{'MNLI': {'loss': 1.7148, 'accuracy': 0.325}, 'time': {'elapsed_time': '0:00:56.295184'}}
Epoch 1:
Train results:
{'MNLI': {'loss': 0.5655, 'accuracy': 0.7717}, 'time': {'elapsed_time': '4:05:31.757078'}}
Dev results:
{'MNLI': {'loss': 0.5037, 'accuracy': 0.8058}, 'time': {'elapsed_time': '0:00:59.410867'}}
Saving new best model..
New best model saved
---
Epoch 2:
Train results:
{'MNLI': {'loss': 0.4231, 'accuracy': 0.8368}, 'time': {'elapsed_time': '4:16:58.496284'}}
Dev results:
{'MNLI': {'loss': 0.4818, 'accuracy': 0.8166}, 'time': {'elapsed_time': '0:01:03.397038'}}
Saving new best model..
New best model saved
---
Epoch 3:
Train results:
{'MNLI': {'loss': 0.34, 'accuracy': 0.8723}, 'time': {'elapsed_time': '4:14:40.760671'}}
Dev results:
{'MNLI': {'loss': 0.5555, 'accuracy': 0.805}, 'time': {'elapsed_time': '0:01:00.044601'}}
---
Epoch 4:
Train results:
{'MNLI': {'loss': 0.2791, 'accuracy': 0.8968}, 'time': {'elapsed_time': '4:06:02.268072'}}
Dev results:
{'MNLI': {'loss': 0.5626, 'accuracy': 0.8084}, 'time': {'elapsed_time': '0:01:00.024687'}}
---
Epoch 5:
Train results:
{'MNLI': {'loss': 0.2314, 'accuracy': 0.9157}, 'time': {'elapsed_time': '4:06:39.687229'}}
Dev results:
{'MNLI': {'loss': 0.5938, 'accuracy': 0.8064}, 'time': {'elapsed_time': '0:01:03.794435'}}
---
Training finished
Loading best model..
Best model loaded
Start training on datasets:  ('Circa',)
Starting training..
Epoch 0:
Dev results:
{'Circa': {'loss': 5.7092, 'accuracy': 0.1964}, 'time': {'elapsed_time': '0:01:22.758916'}}
Epoch 1:
Train results:
{'Circa': {'loss': 0.7741, 'accuracy': 0.759}, 'time': {'elapsed_time': '0:12:31.327628'}}
Dev results:
{'Circa': {'loss': 0.6382, 'accuracy': 0.817}, 'time': {'elapsed_time': '0:01:21.315009'}}
Saving new best model..
New best model saved
---
Epoch 2:
Train results:
{'Circa': {'loss': 0.4604, 'accuracy': 0.8593}, 'time': {'elapsed_time': '0:12:17.847919'}}
Dev results:
{'Circa': {'loss': 0.5424, 'accuracy': 0.8333}, 'time': {'elapsed_time': '0:01:21.350169'}}
Saving new best model..
New best model saved
---
Epoch 3:
Train results:
{'Circa': {'loss': 0.3069, 'accuracy': 0.9034}, 'time': {'elapsed_time': '0:12:18.326286'}}
Dev results:
{'Circa': {'loss': 0.6368, 'accuracy': 0.8261}, 'time': {'elapsed_time': '0:01:21.367724'}}
---
Epoch 4:
Train results:
{'Circa': {'loss': 0.2242, 'accuracy': 0.9269}, 'time': {'elapsed_time': '0:12:19.236294'}}
Dev results:
{'Circa': {'loss': 0.7164, 'accuracy': 0.8256}, 'time': {'elapsed_time': '0:01:21.344969'}}
---
Epoch 5:
Train results:
{'Circa': {'loss': 0.1665, 'accuracy': 0.9456}, 'time': {'elapsed_time': '0:12:19.704507'}}
Dev results:
{'Circa': {'loss': 0.703, 'accuracy': 0.8211}, 'time': {'elapsed_time': '0:01:21.596707'}}
---
Training finished
Loading best model..
Best model loaded
Starting testing..
{'Yes': 0, 'Probably yes / sometimes yes': 3, 'Yes, subject to some conditions': 5, 'No': 1, 'Probably no': 4, 'In the middle, neither yes nor no': 2}
Test results:
{'Circa': {'loss': 0.5745, 'accuracy': 0.8311}, 'time': {'elapsed_time': '0:01:21.466828'}}
Testing finished
Saving results..
Results saved
