-----TRAINING PARAMETERS-----
Model version: QA
Labels: relaxed
Setting: matched
Test scenario: None
Auxilary tasks: ['SST2']
Auxilary task probing: False
PyTorch device: cuda
Max epochs: 5
Patience: 3
Learning rates: [5e-05, 2e-05]
Batch size: 8
Results directory: ./mtl_results
Progress bar: False
-----------------------------
Loading model..
Model loaded
Loading datasets..
Datasets loaded
Starting training..
Epoch 0:
Dev results:
{'Circa': {'loss': 1.4452, 'accuracy': 0.0817}, 'SST2': {'loss': 1.601, 'accuracy': 0.0}, 'time': {'elapsed_time': '0:01:21.126820'}}
Epoch 1:
Train results:
{'SST2': {'loss': 0.0565, 'accuracy': 0.7183}, 'Circa': {'loss': 0.5454, 'accuracy': 0.7845}, 'time': {'elapsed_time': '0:15:40.339503'}}
Dev results:
{'Circa': {'loss': 0.4201, 'accuracy': 0.8427}, 'SST2': {'loss': 0.0263, 'accuracy': 0.8291}, 'time': {'elapsed_time': '0:01:23.296041'}}
Saving new best model..
New best model saved
---
Epoch 2:
Train results:
{'Circa': {'loss': 0.3356, 'accuracy': 0.8801}, 'SST2': {'loss': 0.0316, 'accuracy': 0.8068}, 'time': {'elapsed_time': '0:15:41.092686'}}
Dev results:
{'Circa': {'loss': 0.3905, 'accuracy': 0.8573}, 'SST2': {'loss': 0.0272, 'accuracy': 0.8513}, 'time': {'elapsed_time': '0:01:23.237874'}}
Saving new best model..
New best model saved
---
Epoch 3:
Train results:
{'Circa': {'loss': 0.2249, 'accuracy': 0.9239}, 'SST2': {'loss': 0.0233, 'accuracy': 0.8535}, 'time': {'elapsed_time': '0:15:40.888236'}}
Dev results:
{'Circa': {'loss': 0.4632, 'accuracy': 0.8561}, 'SST2': {'loss': 0.0278, 'accuracy': 0.8172}, 'time': {'elapsed_time': '0:01:23.256336'}}
---
Epoch 4:
Train results:
{'SST2': {'loss': 0.0174, 'accuracy': 0.8801}, 'Circa': {'loss': 0.1609, 'accuracy': 0.9477}, 'time': {'elapsed_time': '0:15:41.811093'}}
Dev results:
{'Circa': {'loss': 0.4746, 'accuracy': 0.8657}, 'SST2': {'loss': 0.0273, 'accuracy': 0.8457}, 'time': {'elapsed_time': '0:01:23.306139'}}
Saving new best model..
New best model saved
---
Epoch 5:
Train results:
{'SST2': {'loss': 0.0147, 'accuracy': 0.8958}, 'Circa': {'loss': 0.1198, 'accuracy': 0.9621}, 'time': {'elapsed_time': '0:15:39.256188'}}
Dev results:
{'Circa': {'loss': 0.5362, 'accuracy': 0.8581}, 'SST2': {'loss': 0.0338, 'accuracy': 0.829}, 'time': {'elapsed_time': '0:01:23.787972'}}
---
Training finished
Loading best model..
Best model loaded
Starting testing..
Test results:
{'Circa': {'loss': 0.4802, 'accuracy': 0.8652}, 'SST2': {'loss': 0.0239, 'accuracy': 0.8427}, 'time': {'elapsed_time': '0:01:35.927215'}}
Testing finished
Saving results..
Results saved
