-----TRAINING PARAMETERS-----
Model version: QA
Labels: relaxed
Setting: matched
Test scenario: 0
Auxilary tasks: ['TOPICS']
Auxilary task probing: False
PyTorch device: cuda
Max epochs: 5
Patience: 3
Learning rates: [5e-05, 2e-05]
Batch size: 8
Results directory: ./mtl_results
Progress bar: False
Advanced metrics: True
Pretrain: False
-----------------------------
Loading datasets..
Pre-loading annotations for most important word in answer
[nltk_data] Downloading package wordnet to /home/lcur0659/nltk_data...
[nltk_data]   Package wordnet is already up-to-date!
Pre-loading annotations for topics in answer
After removing empty topics, we have 12068; 3966; and 4073 samples for (respectively) train, dev, test sets for topic aux task
Loading model..
Model loaded
Datasets loaded for training
Start training on datasets:  ('Circa', 'TOPICS')
Starting training..
Epoch 0:
Dev results:
{'TOPICS': {'loss': 2.9563, 'accuracy': 0.0216}, 'Circa': {'loss': 1.9896, 'accuracy': 0.0218}, 'time': {'elapsed_time': '0:01:53.800078'}}
Epoch 1:
Train results:
{'TOPICS': {'loss': 1.8979, 'accuracy': 0.3915}, 'Circa': {'loss': 0.6067, 'accuracy': 0.755}, 'time': {'elapsed_time': '0:18:31.698909'}}
Dev results:
{'Circa': {'loss': 0.489, 'accuracy': 0.8171}, 'TOPICS': {'loss': 1.1316, 'accuracy': 0.6916}, 'time': {'elapsed_time': '0:02:03.251693'}}
Saving new best model..
New best model saved
---
Epoch 2:
Train results:
{'TOPICS': {'loss': 0.9172, 'accuracy': 0.7459}, 'Circa': {'loss': 0.3979, 'accuracy': 0.8549}, 'time': {'elapsed_time': '0:18:28.472137'}}
Dev results:
{'TOPICS': {'loss': 0.7305, 'accuracy': 0.7959}, 'Circa': {'loss': 0.5163, 'accuracy': 0.8376}, 'time': {'elapsed_time': '0:02:03.285725'}}
Saving new best model..
New best model saved
---
Epoch 3:
Train results:
{'Circa': {'loss': 0.2827, 'accuracy': 0.9018}, 'TOPICS': {'loss': 0.5753, 'accuracy': 0.8439}, 'time': {'elapsed_time': '0:18:29.202361'}}
Dev results:
{'Circa': {'loss': 0.5888, 'accuracy': 0.8246}, 'TOPICS': {'loss': 0.6685, 'accuracy': 0.8316}, 'time': {'elapsed_time': '0:02:02.571509'}}
---
Epoch 4:
Train results:
{'Circa': {'loss': 0.2109, 'accuracy': 0.9287}, 'TOPICS': {'loss': 0.4034, 'accuracy': 0.893}, 'time': {'elapsed_time': '0:18:24.955755'}}
Dev results:
{'Circa': {'loss': 0.5507, 'accuracy': 0.8536}, 'TOPICS': {'loss': 0.6155, 'accuracy': 0.8461}, 'time': {'elapsed_time': '0:02:02.566802'}}
Saving new best model..
New best model saved
---
Epoch 5:
Train results:
{'Circa': {'loss': 0.1558, 'accuracy': 0.9485}, 'TOPICS': {'loss': 0.3233, 'accuracy': 0.9187}, 'time': {'elapsed_time': '0:18:27.157610'}}
Dev results:
{'Circa': {'loss': 0.658, 'accuracy': 0.845}, 'TOPICS': {'loss': 0.5846, 'accuracy': 0.8545}, 'time': {'elapsed_time': '0:02:03.258812'}}
---
Training finished
Loading best model..
Best model loaded
Starting testing..
{'Circa': {'Yes': 0, 'No': 1, 'In the middle, neither yes nor no': 2, 'Yes, subject to some conditions': 3}, 'TOPICS': ['unit', 'living_thing', 'abstraction', 'amount', 'communication', 'being', 'whole', 'physical_object', 'quantity', 'organism', 'human_action', 'cause', 'event', 'attribute', 'knowledge', 'group', 'artifact', 'physical_entity']}
Test results:
{'Circa': {'loss': 0.5337, 'accuracy': 0.8596, 'confusion_matrix': [[2786, 329, 22, 40], [322, 2018, 10, 15], [31, 37, 51, 2], [39, 16, 1, 433]], 'f1_scores': [0.8767899291896144, 0.84700944386149, 0.49756097560975604, 0.8845760980592441]}, 'TOPICS': {'loss': 0.6637, 'accuracy': 0.8361}, 'time': {'elapsed_time': '0:02:04.598441'}}
Testing finished
Saving results..
Results saved
