-----TRAINING PARAMETERS-----
Model version: QA
Labels: strict
Setting: unmatched
Test scenario: 4
Auxilary tasks: ['MNLI']
Auxilary task probing: False
PyTorch device: cuda
Max epochs: 5
Patience: 3
Learning rates: [5e-05, 2e-05]
Batch size: 8
Results directory: ./mtl_results
Progress bar: False
Advanced metrics: False
-----------------------------
Loading model..
Model loaded
Loading datasets..
Datasets loaded
Starting training..
Epoch 0:
Dev results:
{'Circa': {'loss': 1.8874, 'accuracy': 0.0196}, 'MNLI': {'loss': 1.1179, 'accuracy': 0.322}, 'time': {'elapsed_time': '0:01:56.731371'}}
Epoch 1:
Train results:
{'MNLI': {'loss': 0.5432, 'accuracy': 0.7818}, 'Circa': {'loss': 0.6539, 'accuracy': 0.7853}, 'time': {'elapsed_time': '4:01:03.793072'}}
Dev results:
{'Circa': {'loss': 0.5033, 'accuracy': 0.8445}, 'MNLI': {'loss': 0.4911, 'accuracy': 0.8168}, 'time': {'elapsed_time': '0:01:58.994433'}}
Saving new best model..
New best model saved
---
Epoch 2:
Train results:
{'MNLI': {'loss': 0.3963, 'accuracy': 0.8479}, 'Circa': {'loss': 0.417, 'accuracy': 0.8643}, 'time': {'elapsed_time': '4:03:25.442312'}}
Dev results:
{'Circa': {'loss': 0.4767, 'accuracy': 0.8465}, 'MNLI': {'loss': 0.4361, 'accuracy': 0.8295}, 'time': {'elapsed_time': '0:02:03.173845'}}
Saving new best model..
New best model saved
---
Epoch 3:
Train results:
{'MNLI': {'loss': 0.3095, 'accuracy': 0.8842}, 'Circa': {'loss': 0.3157, 'accuracy': 0.8944}, 'time': {'elapsed_time': '4:14:44.957844'}}
Dev results:
{'MNLI': {'loss': 0.4748, 'accuracy': 0.8313}, 'Circa': {'loss': 0.4832, 'accuracy': 0.8568}, 'time': {'elapsed_time': '0:02:09.656725'}}
Saving new best model..
New best model saved
---
Epoch 4:
Train results:
{'MNLI': {'loss': 0.2456, 'accuracy': 0.9098}, 'Circa': {'loss': 0.2468, 'accuracy': 0.9172}, 'time': {'elapsed_time': '4:02:50.264630'}}
Dev results:
{'Circa': {'loss': 0.5668, 'accuracy': 0.8561}, 'MNLI': {'loss': 0.5322, 'accuracy': 0.8266}, 'time': {'elapsed_time': '0:01:59.076782'}}
---
Epoch 5:
Train results:
{'MNLI': {'loss': 0.2025, 'accuracy': 0.926}, 'Circa': {'loss': 0.1979, 'accuracy': 0.9353}, 'time': {'elapsed_time': '4:01:08.844682'}}
Dev results:
{'Circa': {'loss': 0.5928, 'accuracy': 0.8426}, 'MNLI': {'loss': 0.5473, 'accuracy': 0.8263}, 'time': {'elapsed_time': '0:01:59.102283'}}
---
Training finished
Loading best model..
Best model loaded
Starting testing..
{'Yes': 0, 'Probably yes / sometimes yes': 3, 'Yes, subject to some conditions': 5, 'No': 1, 'Probably no': 4, 'In the middle, neither yes nor no': 2}
Test results:
{'MNLI': {'loss': 0.4841, 'accuracy': 0.8261}, 'Circa': {'loss': 0.6761, 'accuracy': 0.8161}, 'time': {'elapsed_time': '0:01:32.154865'}}
Testing finished
Saving results..
Results saved
Saving results..
Results saved
