-----TRAINING PARAMETERS-----
Model version: QA
Labels: strict
Setting: matched
Test scenario: 0
Auxilary tasks: ['BOOLQ']
Auxilary task probing: False
PyTorch device: cuda
Max epochs: 5
Patience: 3
Learning rates: [3e-05, 3e-05]
Batch size: 8
Results directory: ./mtl_results
Progress bar: False
Advanced metrics: False
Pretrain: True
-----------------------------
Loading datasets..
Downloading and preparing dataset boolq/default (download: 8.36 MiB, generated: 7.47 MiB, post-processed: Unknown size, total: 15.82 MiB) to /home/lcur0366/.cache/huggingface/datasets/boolq/default/0.1.0/bf0dd57da941c50de94ae3ce3cef7fea48c08f337a4b7aac484e9dddc5aa24e5...
Dataset boolq downloaded and prepared to /home/lcur0366/.cache/huggingface/datasets/boolq/default/0.1.0/bf0dd57da941c50de94ae3ce3cef7fea48c08f337a4b7aac484e9dddc5aa24e5. Subsequent calls will reuse this data.
Loading model..
Model loaded
Datasets loaded for training:  ('Circa',)
Start pretraining on datasets:  ('BOOLQ',)
Starting training..
Epoch 0:
Dev results:
{'BOOLQ': {'loss': 1.9896, 'accuracy': 0.0006}, 'time': {'elapsed_time': '0:00:19.849503'}}
Epoch 1:
Train results:
{'BOOLQ': {'loss': 0.6667, 'accuracy': 0.6364}, 'time': {'elapsed_time': '0:06:14.627482'}}
Dev results:
{'BOOLQ': {'loss': 0.6085, 'accuracy': 0.6716}, 'time': {'elapsed_time': '0:00:21.548915'}}
Saving new best model..
New best model saved
---
Epoch 2:
Train results:
{'BOOLQ': {'loss': 0.5491, 'accuracy': 0.7285}, 'time': {'elapsed_time': '0:06:13.980509'}}
Dev results:
{'BOOLQ': {'loss': 0.5962, 'accuracy': 0.7009}, 'time': {'elapsed_time': '0:00:20.032712'}}
Saving new best model..
New best model saved
---
Epoch 3:
Train results:
{'BOOLQ': {'loss': 0.3927, 'accuracy': 0.8301}, 'time': {'elapsed_time': '0:06:00.245141'}}
Dev results:
{'BOOLQ': {'loss': 0.6235, 'accuracy': 0.718}, 'time': {'elapsed_time': '0:00:20.699599'}}
Saving new best model..
New best model saved
---
Epoch 4:
Train results:
{'BOOLQ': {'loss': 0.2322, 'accuracy': 0.9081}, 'time': {'elapsed_time': '0:06:00.006719'}}
Dev results:
{'BOOLQ': {'loss': 0.8066, 'accuracy': 0.7131}, 'time': {'elapsed_time': '0:00:20.841133'}}
---
Epoch 5:
Train results:
{'BOOLQ': {'loss': 0.1386, 'accuracy': 0.9487}, 'time': {'elapsed_time': '0:06:00.765994'}}
Dev results:
{'BOOLQ': {'loss': 0.8804, 'accuracy': 0.7125}, 'time': {'elapsed_time': '0:00:20.843871'}}
---
Training finished
Loading best model..
Best model loaded
Starting training..
Epoch 0:
Dev results:
{'Circa': {'loss': 2.4678, 'accuracy': 0.5464}, 'time': {'elapsed_time': '0:01:18.395198'}}
Epoch 1:
Train results:
{'Circa': {'loss': 0.7225, 'accuracy': 0.7528}, 'time': {'elapsed_time': '0:11:49.160145'}}
Dev results:
{'Circa': {'loss': 0.6025, 'accuracy': 0.7917}, 'time': {'elapsed_time': '0:01:18.358236'}}
Saving new best model..
New best model saved
---
Epoch 2:
Train results:
{'Circa': {'loss': 0.4573, 'accuracy': 0.8453}, 'time': {'elapsed_time': '0:11:45.775117'}}
Dev results:
{'Circa': {'loss': 0.5802, 'accuracy': 0.8036}, 'time': {'elapsed_time': '0:01:18.337633'}}
Saving new best model..
New best model saved
---
Epoch 3:
Train results:
{'Circa': {'loss': 0.3032, 'accuracy': 0.8974}, 'time': {'elapsed_time': '0:11:46.109790'}}
Dev results:
{'Circa': {'loss': 0.6495, 'accuracy': 0.8157}, 'time': {'elapsed_time': '0:01:18.280677'}}
Saving new best model..
New best model saved
---
Epoch 4:
Train results:
{'Circa': {'loss': 0.2024, 'accuracy': 0.9329}, 'time': {'elapsed_time': '0:11:43.120344'}}
Dev results:
{'Circa': {'loss': 0.7549, 'accuracy': 0.7933}, 'time': {'elapsed_time': '0:01:18.323828'}}
---
Epoch 5:
Train results:
{'Circa': {'loss': 0.1451, 'accuracy': 0.9513}, 'time': {'elapsed_time': '0:11:46.461410'}}
Dev results:
{'Circa': {'loss': 0.7573, 'accuracy': 0.8044}, 'time': {'elapsed_time': '0:01:18.662172'}}
---
Training finished
Loading best model..
Best model loaded
Starting testing..
{'Circa': {'Yes': 0, 'Probably yes / sometimes yes': 3, 'Yes, subject to some conditions': 5, 'No': 1, 'Probably no': 4, 'In the middle, neither yes nor no': 2}}
Test results:
{'Circa': {'loss': 0.6324, 'accuracy': 0.8167, 'time': {'elapsed_time': '0:01:18.416687'}}
Testing finished
Saving results..
Results saved
