-----TRAINING PARAMETERS-----
Model version: QA
Labels: strict
Setting: matched
Test scenario: None
Auxilary tasks: ['SST2']
Auxilary task probing: True
PyTorch device: cuda
Max epochs: 5
Patience: 3
Learning rates: [5e-05, 2e-05]
Batch size: 8
Results directory: ./mtl_results
Progress bar: False
-----------------------------
Loading model..
Model loaded
Loading datasets..
Datasets loaded
Starting training..
Epoch 0:
Dev results:
{'Circa': {'loss': 1.8869, 'accuracy': 0.0224}, 'SST2': {'loss': 0.1793, 'accuracy': 0.5127}, 'time': {'elapsed_time': '0:01:28.245776'}}
Epoch 1:
Train results:
{'Circa': {'loss': 0.7467, 'accuracy': 0.7401}, 'SST2': {'loss': 0.0466, 'accuracy': 0.7333}, 'time': {'elapsed_time': '0:17:04.964259'}}
Dev results:
{'Circa': {'loss': 0.6454, 'accuracy': 0.788}, 'SST2': {'loss': 0.0361, 'accuracy': 0.7837}, 'time': {'elapsed_time': '0:01:31.507098'}}
Saving new best model..
New best model saved
---
Epoch 2:
Train results:
{'Circa': {'loss': 0.5113, 'accuracy': 0.8295}, 'SST2': {'loss': 0.0299, 'accuracy': 0.8181}, 'time': {'elapsed_time': '0:16:21.439200'}}
Dev results:
{'Circa': {'loss': 0.648, 'accuracy': 0.7843}, 'SST2': {'loss': 0.0284, 'accuracy': 0.8166}, 'time': {'elapsed_time': '0:01:24.892564'}}
---
Epoch 3:
Train results:
{'Circa': {'loss': 0.3743, 'accuracy': 0.8765}, 'SST2': {'loss': 0.026, 'accuracy': 0.8388}, 'time': {'elapsed_time': '0:15:50.557011'}}
Dev results:
{'Circa': {'loss': 0.6143, 'accuracy': 0.8118}, 'SST2': {'loss': 0.0318, 'accuracy': 0.8332}, 'time': {'elapsed_time': '0:01:25.001143'}}
Saving new best model..
New best model saved
---
Epoch 4:
Train results:
{'Circa': {'loss': 0.2683, 'accuracy': 0.9113}, 'SST2': {'loss': 0.0217, 'accuracy': 0.8608}, 'time': {'elapsed_time': '0:15:40.637529'}}
Dev results:
{'Circa': {'loss': 0.7432, 'accuracy': 0.7987}, 'SST2': {'loss': 0.0304, 'accuracy': 0.8218}, 'time': {'elapsed_time': '0:01:25.485745'}}
---
Epoch 5:
Train results:
{'Circa': {'loss': 0.2111, 'accuracy': 0.9294}, 'SST2': {'loss': 0.0192, 'accuracy': 0.8738}, 'time': {'elapsed_time': '0:15:41.815673'}}
Dev results:
{'Circa': {'loss': 0.7156, 'accuracy': 0.8014}, 'SST2': {'loss': 0.035, 'accuracy': 0.7874}, 'time': {'elapsed_time': '0:01:25.602536'}}
---
Training finished
Loading best model..
Best model loaded
Starting testing..
Test results:
{'Circa': {'loss': 0.6077, 'accuracy': 0.8154}, 'SST2': {'loss': 0.0301, 'accuracy': 0.8371}, 'time': {'elapsed_time': '0:01:38.274023'}}
Testing finished
Saving results..
Results saved
