-----TRAINING PARAMETERS-----
Model version: QA
Labels: strict
Setting: unmatched
Test scenario: 8
Auxilary tasks: ['BOOLQ']
Auxilary task probing: False
PyTorch device: cuda
Max epochs: 5
Patience: 3
Learning rates: [5e-05, 2e-05]
Batch size: 8
Results directory: ./mtl_results
Progress bar: False
-----------------------------
Loading model..
Model loaded
Loading datasets..
Datasets loaded
Starting training..
Epoch 0:
Dev results:
{'Circa': {'loss': 1.8954, 'accuracy': 0.0175}, 'BOOLQ': {'loss': 0.6927, 'accuracy': 0.5284}, 'time': {'elapsed_time': '0:01:20.600434'}}
Epoch 1:
Train results:
{'Circa': {'loss': 0.7183, 'accuracy': 0.75}, 'BOOLQ': {'loss': 0.6335, 'accuracy': 0.6438}, 'time': {'elapsed_time': '0:18:59.495456'}}
Dev results:
{'BOOLQ': {'loss': 0.6096, 'accuracy': 0.6564}, 'Circa': {'loss': 0.5913, 'accuracy': 0.8023}, 'time': {'elapsed_time': '0:01:24.795052'}}
Saving new best model..
New best model saved
---
Epoch 2:
Train results:
{'Circa': {'loss': 0.4861, 'accuracy': 0.8366}, 'BOOLQ': {'loss': 0.5379, 'accuracy': 0.732}, 'time': {'elapsed_time': '0:19:07.519296'}}
Dev results:
{'Circa': {'loss': 0.5654, 'accuracy': 0.8161}, 'BOOLQ': {'loss': 0.6099, 'accuracy': 0.7008}, 'time': {'elapsed_time': '0:01:24.741023'}}
Saving new best model..
New best model saved
---
Epoch 3:
Train results:
{'Circa': {'loss': 0.3527, 'accuracy': 0.8815}, 'BOOLQ': {'loss': 0.4253, 'accuracy': 0.8048}, 'time': {'elapsed_time': '0:19:19.524636'}}
Dev results:
{'Circa': {'loss': 0.5944, 'accuracy': 0.8177}, 'BOOLQ': {'loss': 0.6987, 'accuracy': 0.7004}, 'time': {'elapsed_time': '0:01:24.801907'}}
Saving new best model..
New best model saved
---
Epoch 4:
Train results:
{'Circa': {'loss': 0.2642, 'accuracy': 0.9124}, 'BOOLQ': {'loss': 0.327, 'accuracy': 0.8613}, 'time': {'elapsed_time': '0:19:04.805710'}}
Dev results:
{'Circa': {'loss': 0.6141, 'accuracy': 0.8204}, 'BOOLQ': {'loss': 0.8324, 'accuracy': 0.6992}, 'time': {'elapsed_time': '0:01:25.338943'}}
Saving new best model..
New best model saved
---
Epoch 5:
Train results:
{'Circa': {'loss': 0.2018, 'accuracy': 0.9323}, 'BOOLQ': {'loss': 0.2601, 'accuracy': 0.8945}, 'time': {'elapsed_time': '0:19:11.850910'}}
Dev results:
{'BOOLQ': {'loss': 0.9419, 'accuracy': 0.7093}, 'Circa': {'loss': 0.657, 'accuracy': 0.8217}, 'time': {'elapsed_time': '0:01:24.740307'}}
Saving new best model..
New best model saved
---
Training finished
Loading best model..
Best model loaded
Starting testing..
Test results:
{'Circa': {'loss': 1.0746, 'accuracy': 0.7084}, 'BOOLQ': {'loss': 0.8337, 'accuracy': 0.7345}, 'time': {'elapsed_time': '0:00:55.115772'}}
Testing finished
Saving results..
Results saved
Saving results..
Results saved
