-----TRAINING PARAMETERS-----
Model version: QA
Labels: strict
Setting: unmatched
Test scenario: 9
Auxilary tasks: ['BOOLQ']
Auxilary task probing: False
PyTorch device: cuda
Max epochs: 5
Patience: 3
Learning rates: [5e-05, 2e-05]
Batch size: 8
Results directory: ./mtl_results
Progress bar: False
-----------------------------
Loading model..
Model loaded
Loading datasets..
Datasets loaded
Starting training..
Epoch 0:
Dev results:
{'Circa': {'loss': 1.8895, 'accuracy': 0.0217}, 'BOOLQ': {'loss': 0.6935, 'accuracy': 0.5176}, 'time': {'elapsed_time': '0:01:27.276539'}}
Epoch 1:
Train results:
{'Circa': {'loss': 0.7148, 'accuracy': 0.7537}, 'BOOLQ': {'loss': 0.6275, 'accuracy': 0.6493}, 'time': {'elapsed_time': '0:19:03.303095'}}
Dev results:
{'Circa': {'loss': 0.5739, 'accuracy': 0.8051}, 'BOOLQ': {'loss': 0.5866, 'accuracy': 0.6928}, 'time': {'elapsed_time': '0:01:23.052860'}}
Saving new best model..
New best model saved
---
Epoch 2:
Train results:
{'BOOLQ': {'loss': 0.5411, 'accuracy': 0.7335}, 'Circa': {'loss': 0.4929, 'accuracy': 0.8365}, 'time': {'elapsed_time': '0:18:29.709265'}}
Dev results:
{'BOOLQ': {'loss': 0.6215, 'accuracy': 0.6799}, 'Circa': {'loss': 0.5331, 'accuracy': 0.8328}, 'time': {'elapsed_time': '0:01:23.110293'}}
Saving new best model..
New best model saved
---
Epoch 3:
Train results:
{'Circa': {'loss': 0.3614, 'accuracy': 0.8797}, 'BOOLQ': {'loss': 0.4327, 'accuracy': 0.8013}, 'time': {'elapsed_time': '0:18:32.608776'}}
Dev results:
{'BOOLQ': {'loss': 0.5699, 'accuracy': 0.7309}, 'Circa': {'loss': 0.5313, 'accuracy': 0.8292}, 'time': {'elapsed_time': '0:01:23.196044'}}
---
Epoch 4:
Train results:
{'BOOLQ': {'loss': 0.3356, 'accuracy': 0.8608}, 'Circa': {'loss': 0.2727, 'accuracy': 0.9091}, 'time': {'elapsed_time': '0:18:34.702252'}}
Dev results:
{'BOOLQ': {'loss': 0.6316, 'accuracy': 0.7173}, 'Circa': {'loss': 0.6195, 'accuracy': 0.8319}, 'time': {'elapsed_time': '0:01:23.189599'}}
---
Epoch 5:
Train results:
{'Circa': {'loss': 0.2117, 'accuracy': 0.9285}, 'BOOLQ': {'loss': 0.2632, 'accuracy': 0.8928}, 'time': {'elapsed_time': '0:18:34.932086'}}
Dev results:
{'Circa': {'loss': 0.6719, 'accuracy': 0.8385}, 'BOOLQ': {'loss': 0.7132, 'accuracy': 0.7168}, 'time': {'elapsed_time': '0:01:23.641483'}}
Saving new best model..
New best model saved
---
Training finished
Loading best model..
Best model loaded
Starting testing..
Test results:
{'BOOLQ': {'loss': 0.6917, 'accuracy': 0.7174}, 'Circa': {'loss': 1.2382, 'accuracy': 0.6964}, 'time': {'elapsed_time': '0:00:53.911977'}}
Testing finished
Saving results..
Results saved
Saving results..
Results saved
