-----TRAINING PARAMETERS-----
Model version: QA
Labels: strict
Setting: unmatched
Test scenario: 1
Auxilary tasks: ['BOOLQ']
Auxilary task probing: False
PyTorch device: cuda
Max epochs: 5
Patience: 3
Learning rates: [5e-05, 2e-05]
Batch size: 8
Results directory: ./mtl_results
Progress bar: False
-----------------------------
Loading model..
Model loaded
Loading datasets..
Datasets loaded
Starting training..
Epoch 0:
Dev results:
{'Circa': {'loss': 1.8857, 'accuracy': 0.021}, 'BOOLQ': {'loss': 0.6942, 'accuracy': 0.5112}, 'time': {'elapsed_time': '0:01:21.910287'}}
Epoch 1:
Train results:
{'Circa': {'loss': 0.7432, 'accuracy': 0.7426}, 'BOOLQ': {'loss': 0.6279, 'accuracy': 0.6527}, 'time': {'elapsed_time': '0:18:44.037518'}}
Dev results:
{'Circa': {'loss': 0.6423, 'accuracy': 0.7924}, 'BOOLQ': {'loss': 0.5937, 'accuracy': 0.6877}, 'time': {'elapsed_time': '0:01:24.114778'}}
Saving new best model..
New best model saved
---
Epoch 2:
Train results:
{'Circa': {'loss': 0.5096, 'accuracy': 0.8308}, 'BOOLQ': {'loss': 0.5399, 'accuracy': 0.7308}, 'time': {'elapsed_time': '0:18:45.412811'}}
Dev results:
{'Circa': {'loss': 0.567, 'accuracy': 0.8144}, 'BOOLQ': {'loss': 0.5773, 'accuracy': 0.7018}, 'time': {'elapsed_time': '0:01:24.139765'}}
Saving new best model..
New best model saved
---
Epoch 3:
Train results:
{'BOOLQ': {'loss': 0.4212, 'accuracy': 0.8122}, 'Circa': {'loss': 0.3581, 'accuracy': 0.8788}, 'time': {'elapsed_time': '0:18:45.292312'}}
Dev results:
{'Circa': {'loss': 0.6651, 'accuracy': 0.8013}, 'BOOLQ': {'loss': 0.6352, 'accuracy': 0.6946}, 'time': {'elapsed_time': '0:01:24.141339'}}
---
Epoch 4:
Train results:
{'BOOLQ': {'loss': 0.3225, 'accuracy': 0.8621}, 'Circa': {'loss': 0.2691, 'accuracy': 0.9085}, 'time': {'elapsed_time': '0:18:39.491558'}}
Dev results:
{'BOOLQ': {'loss': 0.683, 'accuracy': 0.7442}, 'Circa': {'loss': 0.6855, 'accuracy': 0.8159}, 'time': {'elapsed_time': '0:01:24.110255'}}
Saving new best model..
New best model saved
---
Epoch 5:
Train results:
{'BOOLQ': {'loss': 0.2533, 'accuracy': 0.8973}, 'Circa': {'loss': 0.1997, 'accuracy': 0.9323}, 'time': {'elapsed_time': '0:18:42.445252'}}
Dev results:
{'Circa': {'loss': 0.8709, 'accuracy': 0.8016}, 'BOOLQ': {'loss': 0.8442, 'accuracy': 0.7098}, 'time': {'elapsed_time': '0:01:24.594731'}}
---
Training finished
Loading best model..
Best model loaded
Starting testing..
Test results:
{'Circa': {'loss': 0.6527, 'accuracy': 0.8322}, 'BOOLQ': {'loss': 0.7064, 'accuracy': 0.7237}, 'time': {'elapsed_time': '0:00:56.691837'}}
Testing finished
Saving results..
Results saved
Saving results..
Results saved
