-----TRAINING PARAMETERS-----
Model version: QA
Labels: strict
Setting: unmatched
Test scenario: 0
Auxilary tasks: ['BOOLQ']
Auxilary task probing: False
PyTorch device: cuda
Max epochs: 5
Patience: 3
Learning rates: [5e-05, 2e-05]
Batch size: 8
Results directory: ./mtl_results
Progress bar: False
-----------------------------
Loading model..
Model loaded
Loading datasets..
Datasets loaded
Starting training..
Epoch 0:
Dev results:
{'Circa': {'loss': 1.8888, 'accuracy': 0.0204}, 'BOOLQ': {'loss': 0.6941, 'accuracy': 0.5103}, 'time': {'elapsed_time': '0:01:27.543833'}}
Epoch 1:
Train results:
{'BOOLQ': {'loss': 0.6318, 'accuracy': 0.6483}, 'Circa': {'loss': 0.7403, 'accuracy': 0.743}, 'time': {'elapsed_time': '0:18:37.805083'}}
Dev results:
{'Circa': {'loss': 0.6579, 'accuracy': 0.783}, 'BOOLQ': {'loss': 0.5894, 'accuracy': 0.675}, 'time': {'elapsed_time': '0:01:23.644921'}}
Saving new best model..
New best model saved
---
Epoch 2:
Train results:
{'Circa': {'loss': 0.5026, 'accuracy': 0.8309}, 'BOOLQ': {'loss': 0.5316, 'accuracy': 0.7365}, 'time': {'elapsed_time': '0:18:31.310728'}}
Dev results:
{'Circa': {'loss': 0.6078, 'accuracy': 0.8006}, 'BOOLQ': {'loss': 0.6003, 'accuracy': 0.7282}, 'time': {'elapsed_time': '0:01:23.642536'}}
Saving new best model..
New best model saved
---
Epoch 3:
Train results:
{'BOOLQ': {'loss': 0.417, 'accuracy': 0.8144}, 'Circa': {'loss': 0.3669, 'accuracy': 0.8786}, 'time': {'elapsed_time': '0:18:33.832559'}}
Dev results:
{'BOOLQ': {'loss': 0.6593, 'accuracy': 0.7009}, 'Circa': {'loss': 0.5928, 'accuracy': 0.8189}, 'time': {'elapsed_time': '0:01:23.619179'}}
Saving new best model..
New best model saved
---
Epoch 4:
Train results:
{'BOOLQ': {'loss': 0.3207, 'accuracy': 0.8666}, 'Circa': {'loss': 0.2703, 'accuracy': 0.9082}, 'time': {'elapsed_time': '0:18:37.294746'}}
Dev results:
{'Circa': {'loss': 0.7072, 'accuracy': 0.7967}, 'BOOLQ': {'loss': 0.7009, 'accuracy': 0.7247}, 'time': {'elapsed_time': '0:01:23.576361'}}
---
Epoch 5:
Train results:
{'Circa': {'loss': 0.2014, 'accuracy': 0.9329}, 'BOOLQ': {'loss': 0.2593, 'accuracy': 0.8944}, 'time': {'elapsed_time': '0:18:36.759858'}}
Dev results:
{'Circa': {'loss': 0.7602, 'accuracy': 0.8129}, 'BOOLQ': {'loss': 0.6866, 'accuracy': 0.729}, 'time': {'elapsed_time': '0:01:24.139832'}}
---
Training finished
Loading best model..
Best model loaded
Starting testing..
Test results:
{'Circa': {'loss': 0.6796, 'accuracy': 0.7913}, 'BOOLQ': {'loss': 0.7103, 'accuracy': 0.6878}, 'time': {'elapsed_time': '0:00:52.672247'}}
Testing finished
Saving results..
Results saved
Saving results..
Results saved
