-----TRAINING PARAMETERS-----
Model version: QA
Labels: strict
Setting: unmatched
Test scenario: 2
Auxilary tasks: ['BOOLQ']
Auxilary task probing: False
PyTorch device: cuda
Max epochs: 5
Patience: 3
Learning rates: [5e-05, 2e-05]
Batch size: 8
Results directory: ./mtl_results
Progress bar: False
-----------------------------
Loading model..
Model loaded
Loading datasets..
Datasets loaded
Starting training..
Epoch 0:
Dev results:
{'Circa': {'loss': 1.8869, 'accuracy': 0.0218}, 'BOOLQ': {'loss': 0.6935, 'accuracy': 0.5208}, 'time': {'elapsed_time': '0:01:19.799134'}}
Epoch 1:
Train results:
{'Circa': {'loss': 0.8979, 'accuracy': 0.6598}, 'BOOLQ': {'loss': 0.6414, 'accuracy': 0.6405}, 'time': {'elapsed_time': '0:18:36.841936'}}
Dev results:
{'Circa': {'loss': 1.2602, 'accuracy': 0.4749}, 'BOOLQ': {'loss': 0.6677, 'accuracy': 0.6174}, 'time': {'elapsed_time': '0:01:22.713365'}}
Saving new best model..
New best model saved
---
Epoch 2:
Train results:
{'Circa': {'loss': 1.254, 'accuracy': 0.4725}, 'BOOLQ': {'loss': 0.666, 'accuracy': 0.6223}, 'time': {'elapsed_time': '0:18:35.490212'}}
Dev results:
{'BOOLQ': {'loss': 0.6634, 'accuracy': 0.6236}, 'Circa': {'loss': 1.2772, 'accuracy': 0.4727}, 'time': {'elapsed_time': '0:01:22.886813'}}
---
Epoch 3:
Train results:
{'BOOLQ': {'loss': 0.6632, 'accuracy': 0.6255}, 'Circa': {'loss': 1.2503, 'accuracy': 0.4735}, 'time': {'elapsed_time': '0:18:38.137901'}}
Dev results:
{'Circa': {'loss': 1.269, 'accuracy': 0.4752}, 'BOOLQ': {'loss': 0.6733, 'accuracy': 0.6143}, 'time': {'elapsed_time': '0:01:22.756440'}}
---
Epoch 4:
Train results:
{'Circa': {'loss': 1.247, 'accuracy': 0.4755}, 'BOOLQ': {'loss': 0.6667, 'accuracy': 0.6197}, 'time': {'elapsed_time': '0:19:29.107243'}}
Dev results:
{'Circa': {'loss': 1.2707, 'accuracy': 0.4734}, 'BOOLQ': {'loss': 0.6696, 'accuracy': 0.6153}, 'time': {'elapsed_time': '0:01:22.855476'}}
---
Training finished
Loading best model..
Best model loaded
Starting testing..
Test results:
{'Circa': {'loss': 1.385, 'accuracy': 0.3999}, 'BOOLQ': {'loss': 0.6622, 'accuracy': 0.6239}, 'time': {'elapsed_time': '0:00:59.843388'}}
Testing finished
Saving results..
Results saved
Saving results..
Results saved
